#
# There is insufficient memory for the Java Runtime Environment to continue.
# Native memory allocation (malloc) failed to allocate 1048576 bytes. Error detail: AllocateHeap
# Possible reasons:
#   The system is out of physical RAM or swap space
#   This process is running with CompressedOops enabled, and the Java Heap may be blocking the growth of the native heap
# Possible solutions:
#   Reduce memory load on the system
#   Increase physical memory or swap space
#   Check if swap backing store is full
#   Decrease Java heap size (-Xmx/-Xms)
#   Decrease number of Java threads
#   Decrease Java thread stack sizes (-Xss)
#   Set larger code cache with -XX:ReservedCodeCacheSize=
#   JVM is running with Unscaled Compressed Oops mode in which the Java heap is
#     placed in the first 4GB address space. The Java Heap base address is the
#     maximum limit for the native heap growth. Please use -XX:HeapBaseMinAddress
#     to set the Java Heap base and to place the Java Heap above 4GB virtual address.
# This output file may be truncated or incomplete.
#
#  Out of Memory Error (allocation.cpp:44), pid=7632, tid=7996
#
# JRE version: OpenJDK Runtime Environment Temurin-21.0.9+10 (21.0.9+10) (build 21.0.9+10-LTS)
# Java VM: OpenJDK 64-Bit Server VM Temurin-21.0.9+10 (21.0.9+10-LTS, mixed mode, sharing, tiered, compressed oops, compressed class ptrs, parallel gc, windows-amd64)
# No core dump will be written. Minidumps are not enabled by default on client versions of Windows
#

---------------  S U M M A R Y ------------

Command Line: --add-modules=ALL-SYSTEM --add-opens=java.base/java.util=ALL-UNNAMED --add-opens=java.base/java.lang=ALL-UNNAMED --add-opens=java.base/sun.nio.fs=ALL-UNNAMED -Declipse.application=org.eclipse.jdt.ls.core.id1 -Dosgi.bundles.defaultStartLevel=4 -Declipse.product=org.eclipse.jdt.ls.core.product -Djava.import.generatesMetadataFilesAtProjectRoot=false -DDetectVMInstallationsJob.disabled=true -Dfile.encoding=utf8 -XX:+UseParallelGC -XX:GCTimeRatio=4 -XX:AdaptiveSizePolicyWeight=90 -Dsun.zip.disableMemoryMapping=true -Xmx2G -Xms100m -Xlog:disable -javaagent:c:\Users\ELCOT\.vscode\extensions\redhat.java-1.50.0-win32-x64\lombok\lombok-1.18.39-4050.jar -XX:+HeapDumpOnOutOfMemoryError -XX:HeapDumpPath=c:\Users\ELCOT\AppData\Roaming\Code\User\workspaceStorage\e0b1f30d0263883c7d01ffebb801b000\redhat.java -Daether.dependencyCollector.impl=bf c:\Users\ELCOT\.vscode\extensions\redhat.java-1.50.0-win32-x64\server\plugins\org.eclipse.equinox.launcher_1.7.100.v20251111-0406.jar -configuration c:\Users\ELCOT\AppData\Roaming\Code\User\globalStorage\redhat.java\1.50.0\config_win -data c:\Users\ELCOT\AppData\Roaming\Code\User\workspaceStorage\e0b1f30d0263883c7d01ffebb801b000\redhat.java\jdt_ws --pipe=\\.\pipe\lsp-9a84329c84eea366234c8bfb442df2ca-sock

Host: AMD PRO A4-4350B R4, 5 COMPUTE CORES 2C+3G     , 2 cores, 3G,  Windows 10 , 64 bit Build 19041 (10.0.19041.5915)
Time: Sat Dec  6 06:53:13 2025 Yukon Standard Time elapsed time: 7500.273092 seconds (0d 2h 5m 0s)

---------------  T H R E A D  ---------------

Current thread (0x000001e5bf4d2b50):  JavaThread "Attach Listener" daemon [_thread_in_vm, id=7996, stack(0x0000006c3e500000,0x0000006c3e600000) (1024K)]

Stack: [0x0000006c3e500000,0x0000006c3e600000]
Native frames: (J=compiled Java code, j=interpreted, Vv=VM code, C=native code)
V  [jvm.dll+0x6d6e29]
V  [jvm.dll+0x8b4b76]
V  [jvm.dll+0x8b712e]
V  [jvm.dll+0x8b7813]
V  [jvm.dll+0x283d86]
V  [jvm.dll+0xc1277]
V  [jvm.dll+0x6d76d9]
V  [jvm.dll+0x133466]
V  [jvm.dll+0x3f7ea6]
V  [jvm.dll+0x85e9ad]
V  [jvm.dll+0x6d565d]
C  [ucrtbase.dll+0x21bb2]
C  [KERNEL32.DLL+0x17374]
C  [ntdll.dll+0x4cc91]


---------------  P R O C E S S  ---------------

Threads class SMR info:
_java_thread_list=0x000001e62722fc30, length=30, elements={
0x000001e5bd268c80, 0x000001e5bf4cace0, 0x000001e5bf4cc930, 0x000001e5bf4d1f00,
0x000001e5bf4d2b50, 0x000001e5bf4d56b0, 0x000001e5bf4d6100, 0x000001e5bf4d6f30,
0x000001e5bf531000, 0x000001e6175d1300, 0x000001e6177be950, 0x000001e617955d60,
0x000001e61c527aa0, 0x000001e6178cccf0, 0x000001e6178ce100, 0x000001e61c0400b0,
0x000001e61c9e7e90, 0x000001e61c56fd00, 0x000001e61c570390, 0x000001e61c56f670,
0x000001e61d528070, 0x000001e61d52c8a0, 0x000001e61d525fa0, 0x000001e61d528700,
0x000001e61d5279e0, 0x000001e61d52c210, 0x000001e61d32fbc0, 0x000001e61d32e810,
0x000001e61d332320, 0x000001e61d32e180
}
_to_delete_list=0x000001e62722f960, length=29, elements={
0x000001e5bd268c80, 0x000001e5bf4cace0, 0x000001e5bf4cc930, 0x000001e5bf4d1f00,
0x000001e5bf4d2b50, 0x000001e5bf4d56b0, 0x000001e5bf4d6100, 0x000001e5bf4d6f30,
0x000001e5bf531000, 0x000001e6175d1300, 0x000001e6177be950, 0x000001e617955d60,
0x000001e61c527aa0, 0x000001e6178cccf0, 0x000001e6178ce100, 0x000001e61c0400b0,
0x000001e61c9e7e90, 0x000001e61c56fd00, 0x000001e61c570390, 0x000001e61c56f670,
0x000001e61d528070, 0x000001e61d52c8a0, 0x000001e61d525fa0, 0x000001e61d528700,
0x000001e61d5279e0, 0x000001e61d52c210, 0x000001e61d32fbc0, 0x000001e61d32e810,
0x000001e61d332320
}

Java Threads: ( => current thread )
  0x000001e5bd268c80 JavaThread "main"                              [_thread_blocked, id=7200, stack(0x0000006c3de00000,0x0000006c3df00000) (1024K)]
  0x000001e5bf4cace0 JavaThread "Reference Handler"          daemon [_thread_blocked, id=3304, stack(0x0000006c3e200000,0x0000006c3e300000) (1024K)]
  0x000001e5bf4cc930 JavaThread "Finalizer"                  daemon [_thread_blocked, id=1452, stack(0x0000006c3e300000,0x0000006c3e400000) (1024K)]
  0x000001e5bf4d1f00 JavaThread "Signal Dispatcher"          daemon [_thread_blocked, id=4412, stack(0x0000006c3e400000,0x0000006c3e500000) (1024K)]
=>0x000001e5bf4d2b50 JavaThread "Attach Listener"            daemon [_thread_in_vm, id=7996, stack(0x0000006c3e500000,0x0000006c3e600000) (1024K)]
  0x000001e5bf4d56b0 JavaThread "Service Thread"             daemon [_thread_blocked, id=3684, stack(0x0000006c3e600000,0x0000006c3e700000) (1024K)]
  0x000001e5bf4d6100 JavaThread "Monitor Deflation Thread"   daemon [_thread_blocked, id=5132, stack(0x0000006c3e700000,0x0000006c3e800000) (1024K)]
  0x000001e5bf4d6f30 JavaThread "C2 CompilerThread0"         daemon [_thread_blocked, id=6360, stack(0x0000006c3e800000,0x0000006c3e900000) (1024K)]
  0x000001e5bf531000 JavaThread "C1 CompilerThread0"         daemon [_thread_blocked, id=8200, stack(0x0000006c3e900000,0x0000006c3ea00000) (1024K)]
  0x000001e6175d1300 JavaThread "Common-Cleaner"             daemon [_thread_blocked, id=8212, stack(0x0000006c3ea00000,0x0000006c3eb00000) (1024K)]
  0x000001e6177be950 JavaThread "Notification Thread"        daemon [_thread_blocked, id=8232, stack(0x0000006c3eb00000,0x0000006c3ec00000) (1024K)]
  0x000001e617955d60 JavaThread "Active Thread: Equinox Container: eb5ba477-8021-4372-a6aa-4bba209366f7"        [_thread_blocked, id=8528, stack(0x0000006c3ed00000,0x0000006c3ee00000) (1024K)]
  0x000001e61c527aa0 JavaThread "Refresh Thread: Equinox Container: eb5ba477-8021-4372-a6aa-4bba209366f7" daemon [_thread_blocked, id=9128, stack(0x0000006c3ee00000,0x0000006c3ef00000) (1024K)]
  0x000001e6178cccf0 JavaThread "Framework Event Dispatcher: Equinox Container: eb5ba477-8021-4372-a6aa-4bba209366f7" daemon [_thread_blocked, id=9140, stack(0x0000006c3ef00000,0x0000006c3f000000) (1024K)]
  0x000001e6178ce100 JavaThread "Start Level: Equinox Container: eb5ba477-8021-4372-a6aa-4bba209366f7" daemon [_thread_blocked, id=9144, stack(0x0000006c3f000000,0x0000006c3f100000) (1024K)]
  0x000001e61c0400b0 JavaThread "Bundle File Closer"         daemon [_thread_blocked, id=3128, stack(0x0000006c3dd00000,0x0000006c3de00000) (1024K)]
  0x000001e61c9e7e90 JavaThread "SCR Component Actor"        daemon [_thread_blocked, id=8112, stack(0x0000006c3dc00000,0x0000006c3dd00000) (1024K)]
  0x000001e61c56fd00 JavaThread "Worker-JM"                         [_thread_blocked, id=8596, stack(0x0000006c3f100000,0x0000006c3f200000) (1024K)]
  0x000001e61c570390 JavaThread "JNA Cleaner"                daemon [_thread_blocked, id=9076, stack(0x0000006c3f300000,0x0000006c3f400000) (1024K)]
  0x000001e61c56f670 JavaThread "Java indexing"              daemon [_thread_blocked, id=8284, stack(0x0000006c3f800000,0x0000006c3f900000) (1024K)]
  0x000001e61d528070 JavaThread "Thread-1"                   daemon [_thread_in_native, id=3192, stack(0x0000006c3fe00000,0x0000006c3ff00000) (1024K)]
  0x000001e61d52c8a0 JavaThread "Thread-2"                   daemon [_thread_in_native, id=8128, stack(0x0000006c3ff00000,0x0000006c40000000) (1024K)]
  0x000001e61d525fa0 JavaThread "Thread-3"                   daemon [_thread_in_native, id=6340, stack(0x0000006c40000000,0x0000006c40100000) (1024K)]
  0x000001e61d528700 JavaThread "pool-2-thread-1"                   [_thread_blocked, id=7600, stack(0x0000006c40100000,0x0000006c40200000) (1024K)]
  0x000001e61d5279e0 JavaThread "WorkspaceEventsHandler"            [_thread_blocked, id=8012, stack(0x0000006c40200000,0x0000006c40300000) (1024K)]
  0x000001e61d52c210 JavaThread "pool-1-thread-1"                   [_thread_blocked, id=8180, stack(0x0000006c40300000,0x0000006c40400000) (1024K)]
  0x000001e61d32fbc0 JavaThread "Cleaner-0"                  daemon [_thread_blocked, id=1120, stack(0x0000006c3fa00000,0x0000006c3fb00000) (1024K)]
  0x000001e61d32e810 JavaThread "Worker-18"                         [_thread_blocked, id=3028, stack(0x0000006c3f400000,0x0000006c3f500000) (1024K)]
  0x000001e61d332320 JavaThread "Worker-24"                         [_thread_blocked, id=8492, stack(0x0000006c3f200000,0x0000006c3f300000) (1024K)]
  0x000001e61d32e180 JavaThread "Worker-25"                         [_thread_blocked, id=7392, stack(0x0000006c3f500000,0x0000006c3f600000) (1024K)]
Total: 30

Other Threads:
  0x000001e5bf6de8f0 VMThread "VM Thread"                           [id=7504, stack(0x0000006c3e100000,0x0000006c3e200000) (1024K)]
  0x000001e5bf4bcb50 WatcherThread "VM Periodic Task Thread"        [id=6172, stack(0x0000006c3e000000,0x0000006c3e100000) (1024K)]
  0x000001e5bf641ae0 WorkerThread "GC Thread#0"                     [id=1088, stack(0x0000006c3df00000,0x0000006c3e000000) (1024K)]
  0x000001e6176781b0 WorkerThread "GC Thread#1"                     [id=8396, stack(0x0000006c3ec00000,0x0000006c3ed00000) (1024K)]
Total: 4

Threads with active compile tasks:
Total: 0

VM state: not at safepoint (normal execution)

VM Mutex/Monitor currently owned by a thread: None

Heap address: 0x0000000080000000, size: 2048 MB, Compressed Oops mode: 32-bit

CDS archive(s) mapped at: [0x000001e5d6000000-0x000001e5d6ba0000-0x000001e5d6ba0000), size 12189696, SharedBaseAddress: 0x000001e5d6000000, ArchiveRelocationMode: 1.
Compressed class space mapped at: 0x000001e5d7000000-0x000001e617000000, reserved size: 1073741824
Narrow klass base: 0x000001e5d6000000, Narrow klass shift: 0, Narrow klass range: 0x100000000

GC Precious Log:
 CardTable entry size: 512
 CPUs: 2 total, 2 available
 Memory: 3935M
 Large Page Support: Disabled
 NUMA Support: Disabled
 Compressed Oops: Enabled (32-bit)
 Alignments: Space 512K, Generation 512K, Heap 2M
 Heap Min Capacity: 100M
 Heap Initial Capacity: 100M
 Heap Max Capacity: 2G
 Pre-touch: Disabled
 Parallel Workers: 2

Heap:
 PSYoungGen      total 19456K, used 13429K [0x00000000d5580000, 0x00000000d6c00000, 0x0000000100000000)
  eden space 18432K, 67% used [0x00000000d5580000,0x00000000d61a8290,0x00000000d6780000)
  from space 1024K, 95% used [0x00000000d6b00000,0x00000000d6bf5220,0x00000000d6c00000)
  to   space 1536K, 0% used [0x00000000d6900000,0x00000000d6900000,0x00000000d6a80000)
 ParOldGen       total 274944K, used 274444K [0x0000000080000000, 0x0000000090c80000, 0x00000000d5580000)
  object space 274944K, 99% used [0x0000000080000000,0x0000000090c03020,0x0000000090c80000)
 Metaspace       used 75377K, committed 77056K, reserved 1179648K
  class space    used 7673K, committed 8384K, reserved 1048576K

Card table byte_map: [0x000001e5befd0000,0x000001e5bf3e0000] _byte_map_base: 0x000001e5bebd0000

Marking Bits: (ParMarkBitMap*) 0x00007ffbe2ef2460
 Begin Bits: [0x000001e5d1ae0000, 0x000001e5d3ae0000)
 End Bits:   [0x000001e5d3ae0000, 0x000001e5d5ae0000)

Polling page: 0x000001e5bd470000

Metaspace:

Usage:
  Non-class:     66.12 MB used.
      Class:      7.49 MB used.
       Both:     73.61 MB used.

Virtual space:
  Non-class space:      128.00 MB reserved,      67.06 MB ( 52%) committed,  2 nodes.
      Class space:        1.00 GB reserved,       8.19 MB ( <1%) committed,  1 nodes.
             Both:        1.12 GB reserved,      75.25 MB (  7%) committed. 

Chunk freelists:
   Non-Class:  12.28 MB
       Class:  7.69 MB
        Both:  19.97 MB

MaxMetaspaceSize: unlimited
CompressedClassSpaceSize: 1.00 GB
Initial GC threshold: 21.00 MB
Current GC threshold: 97.31 MB
CDS: on
 - commit_granule_bytes: 65536.
 - commit_granule_words: 8192.
 - virtual_space_node_default_size: 8388608.
 - enlarge_chunks_in_place: 1.
 - use_allocation_guard: 0.


Internal statistics:

num_allocs_failed_limit: 9.
num_arena_births: 1496.
num_arena_deaths: 14.
num_vsnodes_births: 3.
num_vsnodes_deaths: 0.
num_space_committed: 1204.
num_space_uncommitted: 0.
num_chunks_returned_to_freelist: 23.
num_chunks_taken_from_freelist: 5177.
num_chunk_merges: 14.
num_chunk_splits: 3141.
num_chunks_enlarged: 1705.
num_inconsistent_stats: 0.

CodeHeap 'non-profiled nmethods': size=120064Kb used=12738Kb max_used=12738Kb free=107325Kb
 bounds [0x000001e5ca2f0000, 0x000001e5caf70000, 0x000001e5d1830000]
CodeHeap 'profiled nmethods': size=120000Kb used=37524Kb max_used=37524Kb free=82475Kb
 bounds [0x000001e5c2830000, 0x000001e5c4ce0000, 0x000001e5c9d60000]
CodeHeap 'non-nmethods': size=5696Kb used=1471Kb max_used=1534Kb free=4224Kb
 bounds [0x000001e5c9d60000, 0x000001e5c9fd0000, 0x000001e5ca2f0000]
CodeCache: size=245760Kb, used=51733Kb, max_used=51796Kb, free=194024Kb
 total_blobs=16008, nmethods=15211, adapters=699, full_count=0
Compilation: enabled, stopped_count=0, restarted_count=0

Compilation events (20 events):
Event: 7491.792 Thread 0x000001e5bf531000 16168       3       org.eclipse.aether.repository.LocalRepository::equals (66 bytes)
Event: 7491.794 Thread 0x000001e5bf531000 nmethod 16168 0x000001e5c4ccb210 code [0x000001e5c4ccb480, 0x000001e5c4ccbfb8]
Event: 7491.794 Thread 0x000001e5bf531000 16169       3       org.codehaus.plexus.component.configurator.converters.basic.StringConverter::canConvert (7 bytes)
Event: 7491.794 Thread 0x000001e5bf531000 nmethod 16169 0x000001e5c4ccc310 code [0x000001e5c4ccc4c0, 0x000001e5c4ccc708]
Event: 7491.794 Thread 0x000001e5bf531000 16170   !   3       org.codehaus.plexus.component.configurator.converters.AbstractConfigurationConverter::fromExpression (200 bytes)
Event: 7491.798 Thread 0x000001e5bf531000 nmethod 16170 0x000001e5c4ccc810 code [0x000001e5c4cccbc0, 0x000001e5c4cceb80]
Event: 7491.798 Thread 0x000001e5bf531000 16171       3       java.util.concurrent.CopyOnWriteArrayList::isEmpty (13 bytes)
Event: 7491.799 Thread 0x000001e5bf531000 nmethod 16171 0x000001e5c4ccf710 code [0x000001e5c4ccf8c0, 0x000001e5c4ccfb18]
Event: 7491.799 Thread 0x000001e5bf531000 16172       3       ch.qos.logback.classic.spi.ThrowableProxyUtil::steArrayToStepArray (44 bytes)
Event: 7491.800 Thread 0x000001e5bf531000 nmethod 16172 0x000001e5c4ccfc10 code [0x000001e5c4ccfe00, 0x000001e5c4cd04d8]
Event: 7491.801 Thread 0x000001e5bf4d6f30 16173       4       ch.qos.logback.classic.Logger::filterAndLog_0_Or3Plus (61 bytes)
Event: 7491.898 Thread 0x000001e5bf4d6f30 nmethod 16173 0x000001e5caf55490 code [0x000001e5caf55800, 0x000001e5caf56810]
Event: 7492.052 Thread 0x000001e5bf531000 16174       3       java.util.Formatter$FormatSpecifier::<init> (255 bytes)
Event: 7492.059 Thread 0x000001e5bf531000 nmethod 16174 0x000001e5c4cd0710 code [0x000001e5c4cd0dc0, 0x000001e5c4cd3fd0]
Event: 7492.141 Thread 0x000001e5bf4d6f30 16175       4       java.nio.file.Path::of (119 bytes)
Event: 7492.165 Thread 0x000001e5bf4d6f30 nmethod 16175 0x000001e5caf58e90 code [0x000001e5caf59100, 0x000001e5caf59ab8]
Event: 7492.168 Thread 0x000001e5bf4d6f30 16176       4       org.eclipse.core.internal.filesystem.InternalFileSystemCore::getStore (39 bytes)
Event: 7492.297 Thread 0x000001e5bf4d6f30 nmethod 16176 0x000001e5caf5a390 code [0x000001e5caf5a780, 0x000001e5caf5c3b0]
Event: 7492.297 Thread 0x000001e5bf4d6f30 16177       4       org.eclipse.jdt.ls.core.internal.filesystem.JLSFileSystem::getStore (26 bytes)
Event: 7492.348 Thread 0x000001e5bf4d6f30 nmethod 16177 0x000001e5caf5dd90 code [0x000001e5caf5e120, 0x000001e5caf5f670]

GC Heap History (20 events):
Event: 5174.745 GC heap before
{Heap before GC invocations=102 (full 3):
 PSYoungGen      total 20480K, used 20192K [0x00000000d5580000, 0x00000000d7300000, 0x0000000100000000)
  eden space 19968K, 100% used [0x00000000d5580000,0x00000000d6900000,0x00000000d6900000)
  from space 512K, 43% used [0x00000000d7280000,0x00000000d72b8000,0x00000000d7300000)
  to   space 512K, 0% used [0x00000000d7200000,0x00000000d7200000,0x00000000d7280000)
 ParOldGen       total 235008K, used 234532K [0x0000000080000000, 0x000000008e580000, 0x00000000d5580000)
  object space 235008K, 99% used [0x0000000080000000,0x000000008e509220,0x000000008e580000)
 Metaspace       used 74261K, committed 75904K, reserved 1179648K
  class space    used 7615K, committed 8320K, reserved 1048576K
}
Event: 5174.773 GC heap after
{Heap after GC invocations=102 (full 3):
 PSYoungGen      total 20480K, used 500K [0x00000000d5580000, 0x00000000d7300000, 0x0000000100000000)
  eden space 19968K, 0% used [0x00000000d5580000,0x00000000d5580000,0x00000000d6900000)
  from space 512K, 97% used [0x00000000d7200000,0x00000000d727d200,0x00000000d7280000)
  to   space 512K, 0% used [0x00000000d7280000,0x00000000d7280000,0x00000000d7300000)
 ParOldGen       total 235008K, used 234588K [0x0000000080000000, 0x000000008e580000, 0x00000000d5580000)
  object space 235008K, 99% used [0x0000000080000000,0x000000008e517220,0x000000008e580000)
 Metaspace       used 74261K, committed 75904K, reserved 1179648K
  class space    used 7615K, committed 8320K, reserved 1048576K
}
Event: 5294.236 GC heap before
{Heap before GC invocations=103 (full 3):
 PSYoungGen      total 20480K, used 20468K [0x00000000d5580000, 0x00000000d7300000, 0x0000000100000000)
  eden space 19968K, 100% used [0x00000000d5580000,0x00000000d6900000,0x00000000d6900000)
  from space 512K, 97% used [0x00000000d7200000,0x00000000d727d200,0x00000000d7280000)
  to   space 512K, 0% used [0x00000000d7280000,0x00000000d7280000,0x00000000d7300000)
 ParOldGen       total 235008K, used 234588K [0x0000000080000000, 0x000000008e580000, 0x00000000d5580000)
  object space 235008K, 99% used [0x0000000080000000,0x000000008e517220,0x000000008e580000)
 Metaspace       used 74361K, committed 76032K, reserved 1179648K
  class space    used 7624K, committed 8320K, reserved 1048576K
}
Event: 5294.277 GC heap after
{Heap after GC invocations=103 (full 3):
 PSYoungGen      total 18944K, used 490K [0x00000000d5580000, 0x00000000d7f00000, 0x0000000100000000)
  eden space 18432K, 0% used [0x00000000d5580000,0x00000000d5580000,0x00000000d6780000)
  from space 512K, 95% used [0x00000000d7280000,0x00000000d72fabf0,0x00000000d7300000)
  to   space 11264K, 0% used [0x00000000d6780000,0x00000000d6780000,0x00000000d7280000)
 ParOldGen       total 243712K, used 243620K [0x0000000080000000, 0x000000008ee00000, 0x00000000d5580000)
  object space 243712K, 99% used [0x0000000080000000,0x000000008ede9308,0x000000008ee00000)
 Metaspace       used 74361K, committed 76032K, reserved 1179648K
  class space    used 7624K, committed 8320K, reserved 1048576K
}
Event: 5334.723 GC heap before
{Heap before GC invocations=104 (full 3):
 PSYoungGen      total 18944K, used 18922K [0x00000000d5580000, 0x00000000d7f00000, 0x0000000100000000)
  eden space 18432K, 99% used [0x00000000d5580000,0x00000000d677fff0,0x00000000d6780000)
  from space 512K, 95% used [0x00000000d7280000,0x00000000d72fabf0,0x00000000d7300000)
  to   space 11264K, 0% used [0x00000000d6780000,0x00000000d6780000,0x00000000d7280000)
 ParOldGen       total 243712K, used 243620K [0x0000000080000000, 0x000000008ee00000, 0x00000000d5580000)
  object space 243712K, 99% used [0x0000000080000000,0x000000008ede9308,0x000000008ee00000)
 Metaspace       used 74410K, committed 76032K, reserved 1179648K
  class space    used 7627K, committed 8320K, reserved 1048576K
}
Event: 5334.778 GC heap after
{Heap after GC invocations=104 (full 3):
 PSYoungGen      total 20992K, used 2276K [0x00000000d5580000, 0x00000000d7300000, 0x0000000100000000)
  eden space 18432K, 0% used [0x00000000d5580000,0x00000000d5580000,0x00000000d6780000)
  from space 2560K, 88% used [0x00000000d6780000,0x00000000d69b9250,0x00000000d6a00000)
  to   space 5120K, 0% used [0x00000000d6e00000,0x00000000d6e00000,0x00000000d7300000)
 ParOldGen       total 244224K, used 244119K [0x0000000080000000, 0x000000008ee80000, 0x00000000d5580000)
  object space 244224K, 99% used [0x0000000080000000,0x000000008ee65c28,0x000000008ee80000)
 Metaspace       used 74410K, committed 76032K, reserved 1179648K
  class space    used 7627K, committed 8320K, reserved 1048576K
}
Event: 5349.291 GC heap before
{Heap before GC invocations=105 (full 3):
 PSYoungGen      total 20992K, used 20699K [0x00000000d5580000, 0x00000000d7300000, 0x0000000100000000)
  eden space 18432K, 99% used [0x00000000d5580000,0x00000000d677dae8,0x00000000d6780000)
  from space 2560K, 88% used [0x00000000d6780000,0x00000000d69b9250,0x00000000d6a00000)
  to   space 5120K, 0% used [0x00000000d6e00000,0x00000000d6e00000,0x00000000d7300000)
 ParOldGen       total 244224K, used 244119K [0x0000000080000000, 0x000000008ee80000, 0x00000000d5580000)
  object space 244224K, 99% used [0x0000000080000000,0x000000008ee65c28,0x000000008ee80000)
 Metaspace       used 74507K, committed 76224K, reserved 1179648K
  class space    used 7634K, committed 8384K, reserved 1048576K
}
Event: 5349.310 GC heap after
{Heap after GC invocations=105 (full 3):
 PSYoungGen      total 22016K, used 3534K [0x00000000d5580000, 0x00000000d7180000, 0x0000000100000000)
  eden space 18432K, 0% used [0x00000000d5580000,0x00000000d5580000,0x00000000d6780000)
  from space 3584K, 98% used [0x00000000d6e00000,0x00000000d7173818,0x00000000d7180000)
  to   space 4096K, 0% used [0x00000000d6980000,0x00000000d6980000,0x00000000d6d80000)
 ParOldGen       total 246272K, used 245807K [0x0000000080000000, 0x000000008f080000, 0x00000000d5580000)
  object space 246272K, 99% used [0x0000000080000000,0x000000008f00bc48,0x000000008f080000)
 Metaspace       used 74507K, committed 76224K, reserved 1179648K
  class space    used 7634K, committed 8384K, reserved 1048576K
}
Event: 5351.558 GC heap before
{Heap before GC invocations=106 (full 3):
 PSYoungGen      total 22016K, used 21966K [0x00000000d5580000, 0x00000000d7180000, 0x0000000100000000)
  eden space 18432K, 100% used [0x00000000d5580000,0x00000000d6780000,0x00000000d6780000)
  from space 3584K, 98% used [0x00000000d6e00000,0x00000000d7173818,0x00000000d7180000)
  to   space 4096K, 0% used [0x00000000d6980000,0x00000000d6980000,0x00000000d6d80000)
 ParOldGen       total 269824K, used 268847K [0x0000000080000000, 0x0000000090780000, 0x00000000d5580000)
  object space 269824K, 99% used [0x0000000080000000,0x000000009068bc68,0x0000000090780000)
 Metaspace       used 74570K, committed 76288K, reserved 1179648K
  class space    used 7636K, committed 8384K, reserved 1048576K
}
Event: 5351.609 GC heap after
{Heap after GC invocations=106 (full 3):
 PSYoungGen      total 19456K, used 868K [0x00000000d5580000, 0x00000000d6e80000, 0x0000000100000000)
  eden space 18432K, 0% used [0x00000000d5580000,0x00000000d5580000,0x00000000d6780000)
  from space 1024K, 84% used [0x00000000d6980000,0x00000000d6a59250,0x00000000d6a80000)
  to   space 2048K, 0% used [0x00000000d6c80000,0x00000000d6c80000,0x00000000d6e80000)
 ParOldGen       total 270848K, used 270548K [0x0000000080000000, 0x0000000090880000, 0x00000000d5580000)
  object space 270848K, 99% used [0x0000000080000000,0x0000000090835240,0x0000000090880000)
 Metaspace       used 74570K, committed 76288K, reserved 1179648K
  class space    used 7636K, committed 8384K, reserved 1048576K
}
Event: 5567.145 GC heap before
{Heap before GC invocations=107 (full 3):
 PSYoungGen      total 19456K, used 19300K [0x00000000d5580000, 0x00000000d6e80000, 0x0000000100000000)
  eden space 18432K, 100% used [0x00000000d5580000,0x00000000d6780000,0x00000000d6780000)
  from space 1024K, 84% used [0x00000000d6980000,0x00000000d6a59250,0x00000000d6a80000)
  to   space 2048K, 0% used [0x00000000d6c80000,0x00000000d6c80000,0x00000000d6e80000)
 ParOldGen       total 270848K, used 270548K [0x0000000080000000, 0x0000000090880000, 0x00000000d5580000)
  object space 270848K, 99% used [0x0000000080000000,0x0000000090835240,0x0000000090880000)
 Metaspace       used 75008K, committed 76672K, reserved 1179648K
  class space    used 7669K, committed 8384K, reserved 1048576K
}
Event: 5567.159 GC heap after
{Heap after GC invocations=107 (full 3):
 PSYoungGen      total 18944K, used 352K [0x00000000d5580000, 0x00000000d6d00000, 0x0000000100000000)
  eden space 18432K, 0% used [0x00000000d5580000,0x00000000d5580000,0x00000000d6780000)
  from space 512K, 68% used [0x00000000d6c80000,0x00000000d6cd8000,0x00000000d6d00000)
  to   space 1024K, 0% used [0x00000000d6b00000,0x00000000d6b00000,0x00000000d6c00000)
 ParOldGen       total 270848K, used 270748K [0x0000000080000000, 0x0000000090880000, 0x00000000d5580000)
  object space 270848K, 99% used [0x0000000080000000,0x0000000090867260,0x0000000090880000)
 Metaspace       used 75008K, committed 76672K, reserved 1179648K
  class space    used 7669K, committed 8384K, reserved 1048576K
}
Event: 5937.749 GC heap before
{Heap before GC invocations=108 (full 3):
 PSYoungGen      total 18944K, used 18784K [0x00000000d5580000, 0x00000000d6d00000, 0x0000000100000000)
  eden space 18432K, 100% used [0x00000000d5580000,0x00000000d6780000,0x00000000d6780000)
  from space 512K, 68% used [0x00000000d6c80000,0x00000000d6cd8000,0x00000000d6d00000)
  to   space 1024K, 0% used [0x00000000d6b00000,0x00000000d6b00000,0x00000000d6c00000)
 ParOldGen       total 270848K, used 270748K [0x0000000080000000, 0x0000000090880000, 0x00000000d5580000)
  object space 270848K, 99% used [0x0000000080000000,0x0000000090867260,0x0000000090880000)
 Metaspace       used 75037K, committed 76736K, reserved 1179648K
  class space    used 7669K, committed 8384K, reserved 1048576K
}
Event: 5937.763 GC heap after
{Heap after GC invocations=108 (full 3):
 PSYoungGen      total 19456K, used 1017K [0x00000000d5580000, 0x00000000d6d00000, 0x0000000100000000)
  eden space 18432K, 0% used [0x00000000d5580000,0x00000000d5580000,0x00000000d6780000)
  from space 1024K, 99% used [0x00000000d6b00000,0x00000000d6bfe450,0x00000000d6c00000)
  to   space 1024K, 0% used [0x00000000d6c00000,0x00000000d6c00000,0x00000000d6d00000)
 ParOldGen       total 271360K, used 271228K [0x0000000080000000, 0x0000000090900000, 0x00000000d5580000)
  object space 271360K, 99% used [0x0000000080000000,0x00000000908df270,0x0000000090900000)
 Metaspace       used 75037K, committed 76736K, reserved 1179648K
  class space    used 7669K, committed 8384K, reserved 1048576K
}
Event: 6627.207 GC heap before
{Heap before GC invocations=109 (full 3):
 PSYoungGen      total 19456K, used 19449K [0x00000000d5580000, 0x00000000d6d00000, 0x0000000100000000)
  eden space 18432K, 100% used [0x00000000d5580000,0x00000000d6780000,0x00000000d6780000)
  from space 1024K, 99% used [0x00000000d6b00000,0x00000000d6bfe450,0x00000000d6c00000)
  to   space 1024K, 0% used [0x00000000d6c00000,0x00000000d6c00000,0x00000000d6d00000)
 ParOldGen       total 271360K, used 271228K [0x0000000080000000, 0x0000000090900000, 0x00000000d5580000)
  object space 271360K, 99% used [0x0000000080000000,0x00000000908df270,0x0000000090900000)
 Metaspace       used 75109K, committed 76800K, reserved 1179648K
  class space    used 7669K, committed 8384K, reserved 1048576K
}
Event: 6627.221 GC heap after
{Heap after GC invocations=109 (full 3):
 PSYoungGen      total 19456K, used 1001K [0x00000000d5580000, 0x00000000d6d80000, 0x0000000100000000)
  eden space 18432K, 0% used [0x00000000d5580000,0x00000000d5580000,0x00000000d6780000)
  from space 1024K, 97% used [0x00000000d6c00000,0x00000000d6cfa440,0x00000000d6d00000)
  to   space 3072K, 0% used [0x00000000d6780000,0x00000000d6780000,0x00000000d6a80000)
 ParOldGen       total 272896K, used 272618K [0x0000000080000000, 0x0000000090a80000, 0x00000000d5580000)
  object space 272896K, 99% used [0x0000000080000000,0x0000000090a3a848,0x0000000090a80000)
 Metaspace       used 75109K, committed 76800K, reserved 1179648K
  class space    used 7669K, committed 8384K, reserved 1048576K
}
Event: 6636.855 GC heap before
{Heap before GC invocations=110 (full 3):
 PSYoungGen      total 19456K, used 19433K [0x00000000d5580000, 0x00000000d6d80000, 0x0000000100000000)
  eden space 18432K, 100% used [0x00000000d5580000,0x00000000d6780000,0x00000000d6780000)
  from space 1024K, 97% used [0x00000000d6c00000,0x00000000d6cfa440,0x00000000d6d00000)
  to   space 3072K, 0% used [0x00000000d6780000,0x00000000d6780000,0x00000000d6a80000)
 ParOldGen       total 272896K, used 272618K [0x0000000080000000, 0x0000000090a80000, 0x00000000d5580000)
  object space 272896K, 99% used [0x0000000080000000,0x0000000090a3a848,0x0000000090a80000)
 Metaspace       used 75157K, committed 76800K, reserved 1179648K
  class space    used 7669K, committed 8384K, reserved 1048576K
}
Event: 6636.872 GC heap after
{Heap after GC invocations=110 (full 3):
 PSYoungGen      total 21504K, used 916K [0x00000000d5580000, 0x00000000d6c80000, 0x0000000100000000)
  eden space 18432K, 0% used [0x00000000d5580000,0x00000000d5580000,0x00000000d6780000)
  from space 3072K, 29% used [0x00000000d6780000,0x00000000d6865220,0x00000000d6a80000)
  to   space 1536K, 0% used [0x00000000d6b00000,0x00000000d6b00000,0x00000000d6c80000)
 ParOldGen       total 273920K, used 273599K [0x0000000080000000, 0x0000000090b80000, 0x00000000d5580000)
  object space 273920K, 99% used [0x0000000080000000,0x0000000090b2fdf0,0x0000000090b80000)
 Metaspace       used 75157K, committed 76800K, reserved 1179648K
  class space    used 7669K, committed 8384K, reserved 1048576K
}
Event: 6647.361 GC heap before
{Heap before GC invocations=111 (full 3):
 PSYoungGen      total 21504K, used 19348K [0x00000000d5580000, 0x00000000d6c80000, 0x0000000100000000)
  eden space 18432K, 100% used [0x00000000d5580000,0x00000000d6780000,0x00000000d6780000)
  from space 3072K, 29% used [0x00000000d6780000,0x00000000d6865220,0x00000000d6a80000)
  to   space 1536K, 0% used [0x00000000d6b00000,0x00000000d6b00000,0x00000000d6c80000)
 ParOldGen       total 273920K, used 273599K [0x0000000080000000, 0x0000000090b80000, 0x00000000d5580000)
  object space 273920K, 99% used [0x0000000080000000,0x0000000090b2fdf0,0x0000000090b80000)
 Metaspace       used 75263K, committed 76928K, reserved 1179648K
  class space    used 7669K, committed 8384K, reserved 1048576K
}
Event: 6647.367 GC heap after
{Heap after GC invocations=111 (full 3):
 PSYoungGen      total 19456K, used 980K [0x00000000d5580000, 0x00000000d6c00000, 0x0000000100000000)
  eden space 18432K, 0% used [0x00000000d5580000,0x00000000d5580000,0x00000000d6780000)
  from space 1024K, 95% used [0x00000000d6b00000,0x00000000d6bf5220,0x00000000d6c00000)
  to   space 1536K, 0% used [0x00000000d6900000,0x00000000d6900000,0x00000000d6a80000)
 ParOldGen       total 274944K, used 274444K [0x0000000080000000, 0x0000000090c80000, 0x00000000d5580000)
  object space 274944K, 99% used [0x0000000080000000,0x0000000090c03020,0x0000000090c80000)
 Metaspace       used 75263K, committed 76928K, reserved 1179648K
  class space    used 7669K, committed 8384K, reserved 1048576K
}

Dll operation events (11 events):
Event: 0.478 Loaded shared library c:\Users\ELCOT\.vscode\extensions\redhat.java-1.50.0-win32-x64\jre\21.0.9-win32-x86_64\bin\java.dll
Event: 1.399 Loaded shared library c:\Users\ELCOT\.vscode\extensions\redhat.java-1.50.0-win32-x64\jre\21.0.9-win32-x86_64\bin\zip.dll
Event: 1.729 Loaded shared library C:\Users\ELCOT\.vscode\extensions\redhat.java-1.50.0-win32-x64\jre\21.0.9-win32-x86_64\bin\instrument.dll
Event: 1.811 Loaded shared library C:\Users\ELCOT\.vscode\extensions\redhat.java-1.50.0-win32-x64\jre\21.0.9-win32-x86_64\bin\net.dll
Event: 1.866 Loaded shared library C:\Users\ELCOT\.vscode\extensions\redhat.java-1.50.0-win32-x64\jre\21.0.9-win32-x86_64\bin\nio.dll
Event: 1.906 Loaded shared library C:\Users\ELCOT\.vscode\extensions\redhat.java-1.50.0-win32-x64\jre\21.0.9-win32-x86_64\bin\zip.dll
Event: 2.166 Loaded shared library C:\Users\ELCOT\.vscode\extensions\redhat.java-1.50.0-win32-x64\jre\21.0.9-win32-x86_64\bin\jimage.dll
Event: 3.173 Loaded shared library c:\Users\ELCOT\.vscode\extensions\redhat.java-1.50.0-win32-x64\jre\21.0.9-win32-x86_64\bin\verify.dll
Event: 45.483 Loaded shared library C:\Users\ELCOT\AppData\Roaming\Code\User\globalStorage\redhat.java\1.50.0\config_win\org.eclipse.equinox.launcher\org.eclipse.equinox.launcher.win32.win32.x86_64_1.2.1400.v20250801-0854\eclipse_11916.dll
Event: 116.045 Loaded shared library C:\Users\ELCOT\AppData\Local\Temp\jna-66053985\jna9391240943112929115.dll
Event: 261.507 Loaded shared library C:\Users\ELCOT\.vscode\extensions\redhat.java-1.50.0-win32-x64\jre\21.0.9-win32-x86_64\bin\sunmscapi.dll

Deoptimization events (20 events):
Event: 6637.561 Thread 0x000001e61d3329b0 Uncommon trap: trap_request=0xffffffc6 fr.pc=0x000001e5ca8c38d8 relative=0x00000000000003f8
Event: 6637.561 Thread 0x000001e61d3329b0 Uncommon trap: reason=bimorphic_or_optimized_type_check action=maybe_recompile pc=0x000001e5ca8c38d8 method=java.util.HashMap.removeNode(ILjava/lang/Object;Ljava/lang/Object;ZZ)Ljava/util/HashMap$Node; @ 283 c2
Event: 6637.561 Thread 0x000001e61d3329b0 DEOPT PACKING pc=0x000001e5ca8c38d8 sp=0x0000006c3f5fef50
Event: 6637.561 Thread 0x000001e61d3329b0 DEOPT UNPACKING pc=0x000001e5c9db3aa2 sp=0x0000006c3f5feee8 mode 2
Event: 6646.452 Thread 0x000001e61d32cdd0 Uncommon trap: trap_request=0xffffffc6 fr.pc=0x000001e5ca8c38d8 relative=0x00000000000003f8
Event: 6646.452 Thread 0x000001e61d32cdd0 Uncommon trap: reason=bimorphic_or_optimized_type_check action=maybe_recompile pc=0x000001e5ca8c38d8 method=java.util.HashMap.removeNode(ILjava/lang/Object;Ljava/lang/Object;ZZ)Ljava/util/HashMap$Node; @ 283 c2
Event: 6646.452 Thread 0x000001e61d32cdd0 DEOPT PACKING pc=0x000001e5ca8c38d8 sp=0x0000006c3fbfe930
Event: 6646.452 Thread 0x000001e61d32cdd0 DEOPT UNPACKING pc=0x000001e5c9db3aa2 sp=0x0000006c3fbfe8c8 mode 2
Event: 6647.096 Thread 0x000001e61d3329b0 Uncommon trap: trap_request=0xffffffc6 fr.pc=0x000001e5ca8c38d8 relative=0x00000000000003f8
Event: 6647.096 Thread 0x000001e61d3329b0 Uncommon trap: reason=bimorphic_or_optimized_type_check action=maybe_recompile pc=0x000001e5ca8c38d8 method=java.util.HashMap.removeNode(ILjava/lang/Object;Ljava/lang/Object;ZZ)Ljava/util/HashMap$Node; @ 283 c2
Event: 6647.096 Thread 0x000001e61d3329b0 DEOPT PACKING pc=0x000001e5ca8c38d8 sp=0x0000006c3f5fedb0
Event: 6647.096 Thread 0x000001e61d3329b0 DEOPT UNPACKING pc=0x000001e5c9db3aa2 sp=0x0000006c3f5fed48 mode 2
Event: 6647.376 Thread 0x000001e61d32d460 Uncommon trap: trap_request=0xffffffc6 fr.pc=0x000001e5ca8c38d8 relative=0x00000000000003f8
Event: 6647.376 Thread 0x000001e61d32d460 Uncommon trap: reason=bimorphic_or_optimized_type_check action=maybe_recompile pc=0x000001e5ca8c38d8 method=java.util.HashMap.removeNode(ILjava/lang/Object;Ljava/lang/Object;ZZ)Ljava/util/HashMap$Node; @ 283 c2
Event: 6647.376 Thread 0x000001e61d32d460 DEOPT PACKING pc=0x000001e5ca8c38d8 sp=0x0000006c3f5fec10
Event: 6647.376 Thread 0x000001e61d32d460 DEOPT UNPACKING pc=0x000001e5c9db3aa2 sp=0x0000006c3f5feba8 mode 2
Event: 7491.548 Thread 0x000001e61d332320 Uncommon trap: trap_request=0xffffff45 fr.pc=0x000001e5cae1fa98 relative=0x0000000000000078
Event: 7491.548 Thread 0x000001e61d332320 Uncommon trap: reason=unstable_if action=reinterpret pc=0x000001e5cae1fa98 method=org.eclipse.core.internal.resources.MarkerManager.basicRemoveMarkers(Lorg/eclipse/core/internal/resources/ResourceInfo;Lorg/eclipse/core/internal/watson/IPathRequestor;Ljava
Event: 7491.548 Thread 0x000001e61d332320 DEOPT PACKING pc=0x000001e5cae1fa98 sp=0x0000006c3f2fe6b0
Event: 7491.548 Thread 0x000001e61d332320 DEOPT UNPACKING pc=0x000001e5c9db3aa2 sp=0x0000006c3f2fe608 mode 2

Classes loaded (20 events):
Event: 289.891 Loading class jdk/internal/ref/CleanerImpl$InnocuousThreadFactory
Event: 289.963 Loading class jdk/internal/ref/CleanerImpl$InnocuousThreadFactory done
Event: 426.794 Loading class java/util/stream/Nodes$CollectorTask$OfRef
Event: 426.811 Loading class java/util/stream/Nodes$CollectorTask
Event: 426.830 Loading class java/util/stream/Nodes$CollectorTask done
Event: 426.830 Loading class java/util/stream/Nodes$CollectorTask$OfRef done
Event: 426.831 Loading class java/util/function/LongFunction
Event: 426.831 Loading class java/util/function/LongFunction done
Event: 426.950 Loading class java/util/stream/Nodes$ConcNode
Event: 426.951 Loading class java/util/stream/Nodes$AbstractConcNode
Event: 426.977 Loading class java/util/stream/Nodes$AbstractConcNode done
Event: 426.977 Loading class java/util/stream/Nodes$ConcNode done
Event: 427.790 Loading class java/io/ObjectOutputStream$BlockDataOutputStream
Event: 427.895 Loading class java/io/ObjectOutputStream$BlockDataOutputStream done
Event: 427.896 Loading class java/io/ObjectOutputStream$HandleTable
Event: 427.896 Loading class java/io/ObjectOutputStream$HandleTable done
Event: 427.896 Loading class java/io/ObjectOutputStream$ReplaceTable
Event: 427.896 Loading class java/io/ObjectOutputStream$ReplaceTable done
Event: 2129.178 Loading class java/nio/BufferMismatch
Event: 2129.179 Loading class java/nio/BufferMismatch done

Classes unloaded (7 events):
Event: 121.768 Thread 0x000001e5bf6de8f0 Unloading class 0x000001e5d71a3000 'java/lang/invoke/LambdaForm$MH+0x000001e5d71a3000'
Event: 121.768 Thread 0x000001e5bf6de8f0 Unloading class 0x000001e5d71a2c00 'java/lang/invoke/LambdaForm$MH+0x000001e5d71a2c00'
Event: 121.768 Thread 0x000001e5bf6de8f0 Unloading class 0x000001e5d71a2800 'java/lang/invoke/LambdaForm$MH+0x000001e5d71a2800'
Event: 121.768 Thread 0x000001e5bf6de8f0 Unloading class 0x000001e5d71a2400 'java/lang/invoke/LambdaForm$MH+0x000001e5d71a2400'
Event: 121.768 Thread 0x000001e5bf6de8f0 Unloading class 0x000001e5d71a2000 'java/lang/invoke/LambdaForm$BMH+0x000001e5d71a2000'
Event: 121.768 Thread 0x000001e5bf6de8f0 Unloading class 0x000001e5d71a1c00 'java/lang/invoke/LambdaForm$DMH+0x000001e5d71a1c00'
Event: 121.768 Thread 0x000001e5bf6de8f0 Unloading class 0x000001e5d71a0800 'java/lang/invoke/LambdaForm$DMH+0x000001e5d71a0800'

Classes redefined (0 events):
No events

Internal exceptions (20 events):
Event: 6638.541 Thread 0x000001e61d332320 Implicit null exception at 0x000001e5c48d3c1b to 0x000001e5c48d41d5
Event: 6638.541 Thread 0x000001e61d332320 Exception <a 'java/lang/NullPointerException'{0x00000000d5a60bc0}> (0x00000000d5a60bc0) 
thrown [s\src\hotspot\share\runtime\sharedRuntime.cpp, line 625]
Event: 6638.541 Thread 0x000001e61d332320 Implicit null exception at 0x000001e5c48d3c1b to 0x000001e5c48d41d5
Event: 6638.541 Thread 0x000001e61d332320 Exception <a 'java/lang/NullPointerException'{0x00000000d5a60ff8}> (0x00000000d5a60ff8) 
thrown [s\src\hotspot\share\runtime\sharedRuntime.cpp, line 625]
Event: 6638.589 Thread 0x000001e61d332320 Implicit null exception at 0x000001e5c48d3c1b to 0x000001e5c48d41d5
Event: 6638.589 Thread 0x000001e61d332320 Exception <a 'java/lang/NullPointerException'{0x00000000d5d99788}> (0x00000000d5d99788) 
thrown [s\src\hotspot\share\runtime\sharedRuntime.cpp, line 625]
Event: 6638.589 Thread 0x000001e61d332320 Implicit null exception at 0x000001e5c48d3c1b to 0x000001e5c48d41d5
Event: 6638.589 Thread 0x000001e61d332320 Exception <a 'java/lang/NullPointerException'{0x00000000d5d9a828}> (0x00000000d5d9a828) 
thrown [s\src\hotspot\share\runtime\sharedRuntime.cpp, line 625]
Event: 6638.589 Thread 0x000001e61d332320 Implicit null exception at 0x000001e5c48d3c1b to 0x000001e5c48d41d5
Event: 6638.589 Thread 0x000001e61d332320 Exception <a 'java/lang/NullPointerException'{0x00000000d5d9add0}> (0x00000000d5d9add0) 
thrown [s\src\hotspot\share\runtime\sharedRuntime.cpp, line 625]
Event: 6638.589 Thread 0x000001e61d332320 Implicit null exception at 0x000001e5c48d3c1b to 0x000001e5c48d41d5
Event: 6638.589 Thread 0x000001e61d332320 Exception <a 'java/lang/NullPointerException'{0x00000000d5d9b208}> (0x00000000d5d9b208) 
thrown [s\src\hotspot\share\runtime\sharedRuntime.cpp, line 625]
Event: 6646.234 Thread 0x000001e61d32cdd0 Implicit null exception at 0x000001e5c48d3c1b to 0x000001e5c48d41d5
Event: 6646.234 Thread 0x000001e61d32cdd0 Exception <a 'java/lang/NullPointerException'{0x00000000d608e7c0}> (0x00000000d608e7c0) 
thrown [s\src\hotspot\share\runtime\sharedRuntime.cpp, line 625]
Event: 6648.264 Thread 0x000001e61d32e810 Implicit null exception at 0x000001e5c48d3c1b to 0x000001e5c48d41d5
Event: 6648.264 Thread 0x000001e61d32e810 Exception <a 'java/lang/NullPointerException'{0x00000000d576ef88}> (0x00000000d576ef88) 
thrown [s\src\hotspot\share\runtime\sharedRuntime.cpp, line 625]
Event: 6648.287 Thread 0x000001e61d32e810 Implicit null exception at 0x000001e5c48d3c1b to 0x000001e5c48d41d5
Event: 6648.287 Thread 0x000001e61d32e810 Exception <a 'java/lang/NullPointerException'{0x00000000d598f3a0}> (0x00000000d598f3a0) 
thrown [s\src\hotspot\share\runtime\sharedRuntime.cpp, line 625]
Event: 7477.380 Thread 0x000001e61d330f70 Implicit null exception at 0x000001e5c48d3c1b to 0x000001e5c48d41d5
Event: 7477.380 Thread 0x000001e61d330f70 Exception <a 'java/lang/NullPointerException'{0x00000000d5be6f68}> (0x00000000d5be6f68) 
thrown [s\src\hotspot\share\runtime\sharedRuntime.cpp, line 625]

ZGC Phase Switch (0 events):
No events

VM Operations (20 events):
Event: 6638.885 Executing VM operation: Cleanup
Event: 6638.885 Executing VM operation: Cleanup done
Event: 6646.925 Executing VM operation: Cleanup
Event: 6646.925 Executing VM operation: Cleanup done
Event: 6647.361 Executing VM operation: ParallelGCFailedAllocation (Allocation Failure)
Event: 6647.367 Executing VM operation: ParallelGCFailedAllocation (Allocation Failure) done
Event: 6649.364 Executing VM operation: Cleanup
Event: 6649.364 Executing VM operation: Cleanup done
Event: 6679.193 Executing VM operation: HandshakeAllThreads (HandshakeForDeflation)
Event: 6679.193 Executing VM operation: HandshakeAllThreads (HandshakeForDeflation) done
Event: 6679.193 Executing VM operation: RendezvousGCThreads
Event: 6679.193 Executing VM operation: RendezvousGCThreads done
Event: 7477.383 Executing VM operation: Cleanup
Event: 7477.383 Executing VM operation: Cleanup done
Event: 7478.385 Executing VM operation: Cleanup
Event: 7478.385 Executing VM operation: Cleanup done
Event: 7491.470 Executing VM operation: Cleanup
Event: 7491.539 Executing VM operation: Cleanup done
Event: 7492.551 Executing VM operation: Cleanup
Event: 7492.551 Executing VM operation: Cleanup done

Memory protections (0 events):
No events

Nmethod flushes (20 events):
Event: 193.057 Thread 0x000001e5bf6de8f0 flushing  nmethod 0x000001e5c31f4490
Event: 193.057 Thread 0x000001e5bf6de8f0 flushing  nmethod 0x000001e5c31f5a90
Event: 193.057 Thread 0x000001e5bf6de8f0 flushing  nmethod 0x000001e5c31f5f10
Event: 193.057 Thread 0x000001e5bf6de8f0 flushing  nmethod 0x000001e5c31f6310
Event: 193.057 Thread 0x000001e5bf6de8f0 flushing  nmethod 0x000001e5c31f7910
Event: 193.057 Thread 0x000001e5bf6de8f0 flushing  nmethod 0x000001e5c31f7d10
Event: 193.057 Thread 0x000001e5bf6de8f0 flushing  nmethod 0x000001e5c31f9190
Event: 193.057 Thread 0x000001e5bf6de8f0 flushing  nmethod 0x000001e5c31f9610
Event: 193.057 Thread 0x000001e5bf6de8f0 flushing  nmethod 0x000001e5c3201690
Event: 193.057 Thread 0x000001e5bf6de8f0 flushing  nmethod 0x000001e5c320c110
Event: 193.057 Thread 0x000001e5bf6de8f0 flushing  nmethod 0x000001e5c3216b90
Event: 193.057 Thread 0x000001e5bf6de8f0 flushing  nmethod 0x000001e5c321db10
Event: 193.057 Thread 0x000001e5bf6de8f0 flushing  nmethod 0x000001e5c326a710
Event: 193.057 Thread 0x000001e5bf6de8f0 flushing  nmethod 0x000001e5c327e510
Event: 193.057 Thread 0x000001e5bf6de8f0 flushing  nmethod 0x000001e5c3283590
Event: 193.057 Thread 0x000001e5bf6de8f0 flushing  nmethod 0x000001e5c3284f90
Event: 193.057 Thread 0x000001e5bf6de8f0 flushing  nmethod 0x000001e5c3292c90
Event: 193.057 Thread 0x000001e5bf6de8f0 flushing  nmethod 0x000001e5c32a8f90
Event: 193.057 Thread 0x000001e5bf6de8f0 flushing  nmethod 0x000001e5c32aab90
Event: 193.057 Thread 0x000001e5bf6de8f0 flushing osr nmethod 0x000001e5c32ae510

Events (20 events):
Event: 6646.087 Thread 0x000001e61d52c210 Thread added: 0x000001e61d333040
Event: 6646.097 Thread 0x000001e61d52c210 Thread added: 0x000001e61d32cdd0
Event: 6646.148 Thread 0x000001e61d52c210 Thread added: 0x000001e61d3308e0
Event: 6646.169 Thread 0x000001e61d3329b0 Thread exited: 0x000001e61d3329b0
Event: 6646.205 Thread 0x000001e61d32eea0 Thread exited: 0x000001e61d32eea0
Event: 6646.332 Thread 0x000001e61d333040 Thread exited: 0x000001e61d333040
Event: 6646.362 Thread 0x000001e61d52c210 Thread added: 0x000001e61d32daf0
Event: 6646.456 Thread 0x000001e61d32cdd0 Thread exited: 0x000001e61d32cdd0
Event: 6646.503 Thread 0x000001e61d32daf0 Thread exited: 0x000001e61d32daf0
Event: 6646.514 Thread 0x000001e61d3308e0 Thread exited: 0x000001e61d3308e0
Event: 6647.012 Thread 0x000001e61d52c210 Thread added: 0x000001e61d3329b0
Event: 6647.134 Thread 0x000001e61d3329b0 Thread exited: 0x000001e61d3329b0
Event: 6647.348 Thread 0x000001e61d52c210 Thread added: 0x000001e61d32d460
Event: 6647.377 Thread 0x000001e61d32d460 Thread exited: 0x000001e61d32d460
Event: 6647.800 Thread 0x000001e61d52c210 Thread added: 0x000001e61d32f530
Event: 6647.956 Thread 0x000001e61d32f530 Thread exited: 0x000001e61d32f530
Event: 6689.066 Thread 0x000001e61d330250 Thread exited: 0x000001e61d330250
Event: 7477.372 Thread 0x000001e61d52c210 Thread added: 0x000001e61d330f70
Event: 7477.810 Thread 0x000001e61d330f70 Thread exited: 0x000001e61d330f70
Event: 7492.293 Thread 0x000001e61d32e810 Thread added: 0x000001e61d32e180


Dynamic libraries:
0x00007ff741dc0000 - 0x00007ff741dce000 	c:\Users\ELCOT\.vscode\extensions\redhat.java-1.50.0-win32-x64\jre\21.0.9-win32-x86_64\bin\java.exe
0x00007ffc32390000 - 0x00007ffc32588000 	C:\WINDOWS\SYSTEM32\ntdll.dll
0x00007ffc31180000 - 0x00007ffc31242000 	C:\WINDOWS\System32\KERNEL32.DLL
0x00007ffc2fc40000 - 0x00007ffc2ff36000 	C:\WINDOWS\System32\KERNELBASE.dll
0x00007ffc2fb40000 - 0x00007ffc2fc40000 	C:\WINDOWS\System32\ucrtbase.dll
0x00007ffc11690000 - 0x00007ffc116a8000 	c:\Users\ELCOT\.vscode\extensions\redhat.java-1.50.0-win32-x64\jre\21.0.9-win32-x86_64\bin\jli.dll
0x00007ffc31b20000 - 0x00007ffc31cc1000 	C:\WINDOWS\System32\USER32.dll
0x00007ffc30120000 - 0x00007ffc30142000 	C:\WINDOWS\System32\win32u.dll
0x00007ffc31150000 - 0x00007ffc3117b000 	C:\WINDOWS\System32\GDI32.dll
0x00007ffc30150000 - 0x00007ffc30269000 	C:\WINDOWS\System32\gdi32full.dll
0x00007ffc2faa0000 - 0x00007ffc2fb3d000 	C:\WINDOWS\System32\msvcp_win.dll
0x00007ffc22350000 - 0x00007ffc225eb000 	C:\WINDOWS\WinSxS\amd64_microsoft.windows.common-controls_6595b64144ccf1df_6.0.19041.6456_none_60b8a6cb71f64256\COMCTL32.dll
0x00007ffc322b0000 - 0x00007ffc3234e000 	C:\WINDOWS\System32\msvcrt.dll
0x00007ffc115d0000 - 0x00007ffc115ee000 	c:\Users\ELCOT\.vscode\extensions\redhat.java-1.50.0-win32-x64\jre\21.0.9-win32-x86_64\bin\VCRUNTIME140.dll
0x00007ffc32280000 - 0x00007ffc322af000 	C:\WINDOWS\System32\IMM32.DLL
0x00007ffc1d2c0000 - 0x00007ffc1d2cc000 	c:\Users\ELCOT\.vscode\extensions\redhat.java-1.50.0-win32-x64\jre\21.0.9-win32-x86_64\bin\vcruntime140_1.dll
0x00007ffc0e710000 - 0x00007ffc0e79d000 	c:\Users\ELCOT\.vscode\extensions\redhat.java-1.50.0-win32-x64\jre\21.0.9-win32-x86_64\bin\msvcp140.dll
0x00007ffbe2230000 - 0x00007ffbe2fd0000 	c:\Users\ELCOT\.vscode\extensions\redhat.java-1.50.0-win32-x64\jre\21.0.9-win32-x86_64\bin\server\jvm.dll
0x00007ffc30c30000 - 0x00007ffc30ce1000 	C:\WINDOWS\System32\ADVAPI32.dll
0x00007ffc32130000 - 0x00007ffc321cf000 	C:\WINDOWS\System32\sechost.dll
0x00007ffc31a00000 - 0x00007ffc31b20000 	C:\WINDOWS\System32\RPCRT4.dll
0x00007ffc300f0000 - 0x00007ffc30117000 	C:\WINDOWS\System32\bcrypt.dll
0x00007ffc31050000 - 0x00007ffc310bb000 	C:\WINDOWS\System32\WS2_32.dll
0x00007ffc2f430000 - 0x00007ffc2f47b000 	C:\WINDOWS\SYSTEM32\POWRPROF.dll
0x00007ffc26d80000 - 0x00007ffc26da7000 	C:\WINDOWS\SYSTEM32\WINMM.dll
0x00007ffc26d70000 - 0x00007ffc26d7a000 	C:\WINDOWS\SYSTEM32\VERSION.dll
0x00007ffc2f3e0000 - 0x00007ffc2f3f2000 	C:\WINDOWS\SYSTEM32\UMPDC.dll
0x00007ffc2d890000 - 0x00007ffc2d8a2000 	C:\WINDOWS\SYSTEM32\kernel.appcore.dll
0x00007ffc1a880000 - 0x00007ffc1a88a000 	c:\Users\ELCOT\.vscode\extensions\redhat.java-1.50.0-win32-x64\jre\21.0.9-win32-x86_64\bin\jimage.dll
0x00007ffc22600000 - 0x00007ffc22801000 	C:\WINDOWS\SYSTEM32\DBGHELP.DLL
0x00007ffc1aa90000 - 0x00007ffc1aac4000 	C:\WINDOWS\SYSTEM32\dbgcore.DLL
0x00007ffc30270000 - 0x00007ffc302f2000 	C:\WINDOWS\System32\bcryptPrimitives.dll
0x00007ffc11cf0000 - 0x00007ffc11cff000 	c:\Users\ELCOT\.vscode\extensions\redhat.java-1.50.0-win32-x64\jre\21.0.9-win32-x86_64\bin\instrument.dll
0x00007ffc0e560000 - 0x00007ffc0e580000 	c:\Users\ELCOT\.vscode\extensions\redhat.java-1.50.0-win32-x64\jre\21.0.9-win32-x86_64\bin\java.dll
0x00007ffc304c0000 - 0x00007ffc30c30000 	C:\WINDOWS\System32\SHELL32.dll
0x00007ffc2da90000 - 0x00007ffc2e235000 	C:\WINDOWS\SYSTEM32\windows.storage.dll
0x00007ffc30cf0000 - 0x00007ffc31044000 	C:\WINDOWS\System32\combase.dll
0x00007ffc2f400000 - 0x00007ffc2f42b000 	C:\WINDOWS\SYSTEM32\Wldp.dll
0x00007ffc31930000 - 0x00007ffc319fd000 	C:\WINDOWS\System32\OLEAUT32.dll
0x00007ffc321d0000 - 0x00007ffc3227d000 	C:\WINDOWS\System32\SHCORE.dll
0x00007ffc316c0000 - 0x00007ffc3171b000 	C:\WINDOWS\System32\shlwapi.dll
0x00007ffc2f950000 - 0x00007ffc2f974000 	C:\WINDOWS\SYSTEM32\profapi.dll
0x00007ffc0e540000 - 0x00007ffc0e558000 	c:\Users\ELCOT\.vscode\extensions\redhat.java-1.50.0-win32-x64\jre\21.0.9-win32-x86_64\bin\zip.dll
0x00007ffc18de0000 - 0x00007ffc18df0000 	C:\Users\ELCOT\.vscode\extensions\redhat.java-1.50.0-win32-x64\jre\21.0.9-win32-x86_64\bin\net.dll
0x00007ffc24090000 - 0x00007ffc2419a000 	C:\WINDOWS\SYSTEM32\WINHTTP.dll
0x00007ffc2f140000 - 0x00007ffc2f1aa000 	C:\WINDOWS\system32\mswsock.dll
0x00007ffc0e520000 - 0x00007ffc0e536000 	C:\Users\ELCOT\.vscode\extensions\redhat.java-1.50.0-win32-x64\jre\21.0.9-win32-x86_64\bin\nio.dll
0x00007ffc176e0000 - 0x00007ffc176f0000 	c:\Users\ELCOT\.vscode\extensions\redhat.java-1.50.0-win32-x64\jre\21.0.9-win32-x86_64\bin\verify.dll
0x00007ffbfe6e0000 - 0x00007ffbfe724000 	C:\Users\ELCOT\AppData\Roaming\Code\User\globalStorage\redhat.java\1.50.0\config_win\org.eclipse.equinox.launcher\org.eclipse.equinox.launcher.win32.win32.x86_64_1.2.1400.v20250801-0854\eclipse_11916.dll
0x00007ffc31780000 - 0x00007ffc318ab000 	C:\WINDOWS\System32\ole32.dll
0x00007ffc2f330000 - 0x00007ffc2f348000 	C:\WINDOWS\SYSTEM32\CRYPTSP.dll
0x00007ffc2e9f0000 - 0x00007ffc2ea28000 	C:\WINDOWS\system32\rsaenh.dll
0x00007ffc2f8d0000 - 0x00007ffc2f8fe000 	C:\WINDOWS\SYSTEM32\USERENV.dll
0x00007ffc2f350000 - 0x00007ffc2f35c000 	C:\WINDOWS\SYSTEM32\CRYPTBASE.dll
0x00007ffc2ee20000 - 0x00007ffc2ee5b000 	C:\WINDOWS\SYSTEM32\IPHLPAPI.DLL
0x00007ffc31e50000 - 0x00007ffc31e58000 	C:\WINDOWS\System32\NSI.dll
0x00007ffc1ddb0000 - 0x00007ffc1ddf9000 	C:\Users\ELCOT\AppData\Local\Temp\jna-66053985\jna9391240943112929115.dll
0x00007ffc304b0000 - 0x00007ffc304b8000 	C:\WINDOWS\System32\PSAPI.DLL
0x00007ffc24890000 - 0x00007ffc248a7000 	C:\WINDOWS\SYSTEM32\dhcpcsvc6.DLL
0x00007ffc24ca0000 - 0x00007ffc24cbd000 	C:\WINDOWS\SYSTEM32\dhcpcsvc.DLL
0x00007ffc2ecb0000 - 0x00007ffc2ece3000 	C:\WINDOWS\SYSTEM32\ntmarta.dll
0x00007ffc1ac10000 - 0x00007ffc1ac1e000 	C:\Users\ELCOT\.vscode\extensions\redhat.java-1.50.0-win32-x64\jre\21.0.9-win32-x86_64\bin\sunmscapi.dll
0x00007ffc2ff40000 - 0x00007ffc3009d000 	C:\WINDOWS\System32\CRYPT32.dll
0x00007ffc2f4c0000 - 0x00007ffc2f4e7000 	C:\WINDOWS\SYSTEM32\ncrypt.dll
0x00007ffc2f480000 - 0x00007ffc2f4bb000 	C:\WINDOWS\SYSTEM32\NTASN1.dll

JVMTI agents:
c:\Users\ELCOT\.vscode\extensions\redhat.java-1.50.0-win32-x64\lombok\lombok-1.18.39-4050.jar path:c:\Users\ELCOT\.vscode\extensions\redhat.java-1.50.0-win32-x64\jre\21.0.9-win32-x86_64\bin\instrument.dll, loaded, initialized, instrumentlib options:none

dbghelp: loaded successfully - version: 4.0.5 - missing functions: none
symbol engine: initialized successfully - sym options: 0x614 - pdb path: .;c:\Users\ELCOT\.vscode\extensions\redhat.java-1.50.0-win32-x64\jre\21.0.9-win32-x86_64\bin;C:\WINDOWS\SYSTEM32;C:\WINDOWS\WinSxS\amd64_microsoft.windows.common-controls_6595b64144ccf1df_6.0.19041.6456_none_60b8a6cb71f64256;c:\Users\ELCOT\.vscode\extensions\redhat.java-1.50.0-win32-x64\jre\21.0.9-win32-x86_64\bin\server;C:\Users\ELCOT\AppData\Roaming\Code\User\globalStorage\redhat.java\1.50.0\config_win\org.eclipse.equinox.launcher\org.eclipse.equinox.launcher.win32.win32.x86_64_1.2.1400.v20250801-0854;C:\Users\ELCOT\AppData\Local\Temp\jna-66053985

VM Arguments:
jvm_args: --add-modules=ALL-SYSTEM --add-opens=java.base/java.util=ALL-UNNAMED --add-opens=java.base/java.lang=ALL-UNNAMED --add-opens=java.base/sun.nio.fs=ALL-UNNAMED -Declipse.application=org.eclipse.jdt.ls.core.id1 -Dosgi.bundles.defaultStartLevel=4 -Declipse.product=org.eclipse.jdt.ls.core.product -Djava.import.generatesMetadataFilesAtProjectRoot=false -DDetectVMInstallationsJob.disabled=true -Dfile.encoding=utf8 -XX:+UseParallelGC -XX:GCTimeRatio=4 -XX:AdaptiveSizePolicyWeight=90 -Dsun.zip.disableMemoryMapping=true -Xmx2G -Xms100m -Xlog:disable -javaagent:c:\Users\ELCOT\.vscode\extensions\redhat.java-1.50.0-win32-x64\lombok\lombok-1.18.39-4050.jar -XX:+HeapDumpOnOutOfMemoryError -XX:HeapDumpPath=c:\Users\ELCOT\AppData\Roaming\Code\User\workspaceStorage\e0b1f30d0263883c7d01ffebb801b000\redhat.java -Daether.dependencyCollector.impl=bf 
java_command: c:\Users\ELCOT\.vscode\extensions\redhat.java-1.50.0-win32-x64\server\plugins\org.eclipse.equinox.launcher_1.7.100.v20251111-0406.jar -configuration c:\Users\ELCOT\AppData\Roaming\Code\User\globalStorage\redhat.java\1.50.0\config_win -data c:\Users\ELCOT\AppData\Roaming\Code\User\workspaceStorage\e0b1f30d0263883c7d01ffebb801b000\redhat.java\jdt_ws --pipe=\\.\pipe\lsp-9a84329c84eea366234c8bfb442df2ca-sock
java_class_path (initial): c:\Users\ELCOT\.vscode\extensions\redhat.java-1.50.0-win32-x64\server\plugins\org.eclipse.equinox.launcher_1.7.100.v20251111-0406.jar
Launcher Type: SUN_STANDARD

[Global flags]
    uintx AdaptiveSizePolicyWeight                 = 90                                        {product} {command line}
     intx CICompilerCount                          = 2                                         {product} {ergonomic}
    uintx GCTimeRatio                              = 4                                         {product} {command line}
     bool HeapDumpOnOutOfMemoryError               = true                                   {manageable} {command line}
    ccstr HeapDumpPath                             = c:\Users\ELCOT\AppData\Roaming\Code\User\workspaceStorage\e0b1f30d0263883c7d01ffebb801b000\redhat.java         {manageable} {command line}
   size_t InitialHeapSize                          = 104857600                                 {product} {command line}
   size_t MaxHeapSize                              = 2147483648                                {product} {command line}
   size_t MaxNewSize                               = 715653120                                 {product} {ergonomic}
   size_t MinHeapDeltaBytes                        = 524288                                    {product} {ergonomic}
   size_t MinHeapSize                              = 104857600                                 {product} {command line}
   size_t NewSize                                  = 34603008                                  {product} {ergonomic}
    uintx NonNMethodCodeHeapSize                   = 5826188                                {pd product} {ergonomic}
    uintx NonProfiledCodeHeapSize                  = 122916026                              {pd product} {ergonomic}
   size_t OldSize                                  = 70254592                                  {product} {ergonomic}
    uintx ProfiledCodeHeapSize                     = 122916026                              {pd product} {ergonomic}
    uintx ReservedCodeCacheSize                    = 251658240                              {pd product} {ergonomic}
     bool SegmentedCodeCache                       = true                                      {product} {ergonomic}
   size_t SoftMaxHeapSize                          = 2147483648                             {manageable} {ergonomic}
     bool UseCompressedOops                        = true                           {product lp64_product} {ergonomic}
     bool UseLargePagesIndividualAllocation        = false                                  {pd product} {ergonomic}
     bool UseParallelGC                            = true                                      {product} {command line}

Logging:
Log output configuration:
 #0: stdout all=off uptime,level,tags foldmultilines=false
 #1: stderr all=off uptime,level,tags foldmultilines=false

Release file:
JAVA_VERSION="21.0.9" 
MODULES="java.base java.compiler java.datatransfer java.xml java.prefs java.desktop java.instrument java.logging java.management java.security.sasl java.naming java.rmi java.management.rmi java.net.http java.scripting java.security.jgss java.transaction.xa java.sql java.sql.rowset java.xml.crypto java.se java.smartcardio jdk.accessibility jdk.internal.jvmstat jdk.attach jdk.charsets jdk.internal.opt jdk.zipfs jdk.compiler jdk.crypto.ec jdk.crypto.cryptoki jdk.crypto.mscapi jdk.dynalink jdk.internal.ed jdk.editpad jdk.hotspot.agent jdk.httpserver jdk.internal.le jdk.internal.vm.ci jdk.internal.vm.compiler jdk.internal.vm.compiler.management jdk.jartool jdk.javadoc jdk.jcmd jdk.management jdk.management.agent jdk.jconsole jdk.jdeps jdk.jdwp.agent jdk.jdi jdk.jfr jdk.jshell jdk.jsobject jdk.jstatd jdk.localedata jdk.management.jfr jdk.naming.dns jdk.naming.rmi jdk.net jdk.nio.mapmode jdk.random jdk.sctp jdk.security.auth jdk.security.jgss jdk.unsupported jdk.unsupported.desktop jdk.xml.dom" 

Environment Variables:
PATH=C:\Program Files\Common Files\Oracle\Java\javapath;C:\WINDOWS\system32;C:\WINDOWS;C:\WINDOWS\System32\Wbem;C:\WINDOWS\System32\WindowsPowerShell\v1.0\;C:\WINDOWS\System32\OpenSSH\;C:\Program Files\Java\jdk-17\bin;C:\Program Files\nodejs\;C:\Program Files (x86)\apache-maven-3.9.11-bin\apache-maven-3.9.11\bin;C:\xampp;C:\Program Files\MySQL\MySQL Shell 8.0\bin\;C:\Program Files (x86)\Microsoft Visual Studio\Common\Tools\WinNT;C:\Program Files (x86)\Microsoft Visual Studio\Common\MSDev98\Bin;C:\Program Files (x86)\Microsoft Visual Studio\Common\Tools;C:\Program Files (x86)\Microsoft Visual Studio\VC98\bin;C:\Users\ELCOT\AppData\Local\Microsoft\WindowsApps;;C:\Program Files\JetBrains\PyCharm Community Edition 2023.1.2\bin;;C:\Users\ELCOT\AppData\Local\Programs\Microsoft VS Code\bin;C:\Users\ELCOT\AppData\Roaming\npm
USERNAME=ELCOT
OS=Windows_NT
PROCESSOR_IDENTIFIER=AMD64 Family 21 Model 112 Stepping 0, AuthenticAMD
TMP=C:\Users\ELCOT\AppData\Local\Temp
TEMP=C:\Users\ELCOT\AppData\Local\Temp




Periodic native trim disabled

---------------  S Y S T E M  ---------------

OS:
 Windows 10 , 64 bit Build 19041 (10.0.19041.5915)
OS uptime: 0 days 2:17 hours

CPU: total 2 (initial active 2) (2 cores per cpu, 1 threads per core) family 21 model 112 stepping 0 microcode 0x0, cx8, cmov, fxsr, mmx, 3dnowpref, sse, sse2, sse3, ssse3, sse4a, sse4.1, sse4.2, popcnt, lzcnt, tsc, tscinvbit, avx, avx2, aes, clmul, bmi1, bmi2, fma, vzeroupper, clflush, rdtscp, f16c
Processor Information for the first 2 processors :
  Max Mhz: 2500, Current Mhz: 2300, Mhz Limit: 2300

Memory: 4k page, system-wide physical 3935M (362M free)
TotalPageFile size 8031M (AvailPageFile size 3M)
current process WorkingSet (physical memory assigned to process): 154M, peak: 375M
current process commit charge ("private bytes"): 591M, peak: 592M

vm_info: OpenJDK 64-Bit Server VM (21.0.9+10-LTS) for windows-amd64 JRE (21.0.9+10-LTS), built on 2025-10-21T00:00:00Z by "admin" with unknown MS VC++:1942

END.
