#
# There is insufficient memory for the Java Runtime Environment to continue.
# Native memory allocation (malloc) failed to allocate 1242048 bytes. Error detail: Chunk::new
# Possible reasons:
#   The system is out of physical RAM or swap space
#   This process is running with CompressedOops enabled, and the Java Heap may be blocking the growth of the native heap
# Possible solutions:
#   Reduce memory load on the system
#   Increase physical memory or swap space
#   Check if swap backing store is full
#   Decrease Java heap size (-Xmx/-Xms)
#   Decrease number of Java threads
#   Decrease Java thread stack sizes (-Xss)
#   Set larger code cache with -XX:ReservedCodeCacheSize=
#   JVM is running with Unscaled Compressed Oops mode in which the Java heap is
#     placed in the first 4GB address space. The Java Heap base address is the
#     maximum limit for the native heap growth. Please use -XX:HeapBaseMinAddress
#     to set the Java Heap base and to place the Java Heap above 4GB virtual address.
# This output file may be truncated or incomplete.
#
#  Out of Memory Error (arena.cpp:168), pid=10528, tid=8008
#
# JRE version: OpenJDK Runtime Environment Temurin-21.0.9+10 (21.0.9+10) (build 21.0.9+10-LTS)
# Java VM: OpenJDK 64-Bit Server VM Temurin-21.0.9+10 (21.0.9+10-LTS, mixed mode, sharing, tiered, compressed oops, compressed class ptrs, parallel gc, windows-amd64)
# No core dump will be written. Minidumps are not enabled by default on client versions of Windows
#

---------------  S U M M A R Y ------------

Command Line: --add-modules=ALL-SYSTEM --add-opens=java.base/java.util=ALL-UNNAMED --add-opens=java.base/java.lang=ALL-UNNAMED --add-opens=java.base/sun.nio.fs=ALL-UNNAMED -Declipse.application=org.eclipse.jdt.ls.core.id1 -Dosgi.bundles.defaultStartLevel=4 -Declipse.product=org.eclipse.jdt.ls.core.product -Djava.import.generatesMetadataFilesAtProjectRoot=false -DDetectVMInstallationsJob.disabled=true -Dfile.encoding=utf8 -XX:+UseParallelGC -XX:GCTimeRatio=4 -XX:AdaptiveSizePolicyWeight=90 -Dsun.zip.disableMemoryMapping=true -Xmx2G -Xms100m -Xlog:disable -javaagent:c:\Users\ELCOT\.vscode\extensions\redhat.java-1.50.0-win32-x64\lombok\lombok-1.18.39-4050.jar -XX:+HeapDumpOnOutOfMemoryError -XX:HeapDumpPath=c:\Users\ELCOT\AppData\Roaming\Code\User\workspaceStorage\e0b1f30d0263883c7d01ffebb801b000\redhat.java -Daether.dependencyCollector.impl=bf c:\Users\ELCOT\.vscode\extensions\redhat.java-1.50.0-win32-x64\server\plugins\org.eclipse.equinox.launcher_1.7.100.v20251111-0406.jar -configuration c:\Users\ELCOT\AppData\Roaming\Code\User\globalStorage\redhat.java\1.50.0\config_win -data c:\Users\ELCOT\AppData\Roaming\Code\User\workspaceStorage\e0b1f30d0263883c7d01ffebb801b000\redhat.java\jdt_ws --pipe=\\.\pipe\lsp-4a04885525ed28ab9e40f81f83a61c97-sock

Host: AMD PRO A4-4350B R4, 5 COMPUTE CORES 2C+3G     , 2 cores, 3G,  Windows 10 , 64 bit Build 19041 (10.0.19041.5915)
Time: Sat Dec  6 07:34:19 2025 Yukon Standard Time elapsed time: 2458.784529 seconds (0d 0h 40m 58s)

---------------  T H R E A D  ---------------

Current thread (0x00000265a83ec1f0):  JavaThread "C2 CompilerThread0" daemon [_thread_in_native, id=8008, stack(0x000000a76ad00000,0x000000a76ae00000) (1024K)]


Current CompileTask:
C2:2458785 17889       4       org.eclipse.core.internal.events.ResourceDeltaFactory::computeNodeIDMap (169 bytes)

Stack: [0x000000a76ad00000,0x000000a76ae00000]
Native frames: (J=compiled Java code, j=interpreted, Vv=VM code, C=native code)
V  [jvm.dll+0x6d6e29]
V  [jvm.dll+0x8b4b76]
V  [jvm.dll+0x8b712e]
V  [jvm.dll+0x8b7813]
V  [jvm.dll+0x283d86]
V  [jvm.dll+0xc66ed]
V  [jvm.dll+0xc6c31]
V  [jvm.dll+0x3be53b]
V  [jvm.dll+0x38ab92]
V  [jvm.dll+0x389fda]
V  [jvm.dll+0x24bfa0]
V  [jvm.dll+0x24b580]
V  [jvm.dll+0x1cb13e]
V  [jvm.dll+0x25b29d]
V  [jvm.dll+0x25982a]
V  [jvm.dll+0x3f7ea6]
V  [jvm.dll+0x85e9ad]
V  [jvm.dll+0x6d565d]
C  [ucrtbase.dll+0x21bb2]
C  [KERNEL32.DLL+0x17374]
C  [ntdll.dll+0x4cc91]


---------------  P R O C E S S  ---------------

Threads class SMR info:
_java_thread_list=0x0000026607c9f8b0, length=33, elements={
0x00000265a6287940, 0x00000265a83dd570, 0x00000265a83dea00, 0x00000265a83e1ea0,
0x00000265a83e2af0, 0x00000265a83e7fd0, 0x00000265a83e6070, 0x00000265a83ec1f0,
0x00000265a83fe8e0, 0x0000026600657570, 0x0000026600773b60, 0x00000266007d7490,
0x000002660074f680, 0x00000265a84e1bf0, 0x00000266008bec10, 0x0000026600807170,
0x00000266055706c0, 0x000002660572f650, 0x000002660572fce0, 0x000002660572e930,
0x0000026606d103f0, 0x0000026606d14c20, 0x0000026606d13f00, 0x0000026606d152b0,
0x0000026606d131e0, 0x0000026606d12b50, 0x0000026607b6e2c0, 0x0000026606d124c0,
0x0000026606d11e30, 0x0000026607b6e950, 0x0000026606d11110, 0x0000026606d117a0,
0x0000026607b6ae40
}

Java Threads: ( => current thread )
  0x00000265a6287940 JavaThread "main"                              [_thread_blocked, id=8900, stack(0x000000a76a300000,0x000000a76a400000) (1024K)]
  0x00000265a83dd570 JavaThread "Reference Handler"          daemon [_thread_blocked, id=9240, stack(0x000000a76a700000,0x000000a76a800000) (1024K)]
  0x00000265a83dea00 JavaThread "Finalizer"                  daemon [_thread_blocked, id=2336, stack(0x000000a76a800000,0x000000a76a900000) (1024K)]
  0x00000265a83e1ea0 JavaThread "Signal Dispatcher"          daemon [_thread_blocked, id=9808, stack(0x000000a76a900000,0x000000a76aa00000) (1024K)]
  0x00000265a83e2af0 JavaThread "Attach Listener"            daemon [_thread_blocked, id=10612, stack(0x000000a76aa00000,0x000000a76ab00000) (1024K)]
  0x00000265a83e7fd0 JavaThread "Service Thread"             daemon [_thread_blocked, id=2440, stack(0x000000a76ab00000,0x000000a76ac00000) (1024K)]
  0x00000265a83e6070 JavaThread "Monitor Deflation Thread"   daemon [_thread_blocked, id=10816, stack(0x000000a76ac00000,0x000000a76ad00000) (1024K)]
=>0x00000265a83ec1f0 JavaThread "C2 CompilerThread0"         daemon [_thread_in_native, id=8008, stack(0x000000a76ad00000,0x000000a76ae00000) (1024K)]
  0x00000265a83fe8e0 JavaThread "C1 CompilerThread0"         daemon [_thread_blocked, id=9492, stack(0x000000a76ae00000,0x000000a76af00000) (1024K)]
  0x0000026600657570 JavaThread "Common-Cleaner"             daemon [_thread_blocked, id=8632, stack(0x000000a76af00000,0x000000a76b000000) (1024K)]
  0x0000026600773b60 JavaThread "Notification Thread"        daemon [_thread_blocked, id=1124, stack(0x000000a76b000000,0x000000a76b100000) (1024K)]
  0x00000266007d7490 JavaThread "Active Thread: Equinox Container: 2c43f83f-11dd-454e-b081-086df44ae101"        [_thread_blocked, id=7152, stack(0x000000a76b200000,0x000000a76b300000) (1024K)]
  0x000002660074f680 JavaThread "Refresh Thread: Equinox Container: 2c43f83f-11dd-454e-b081-086df44ae101" daemon [_thread_blocked, id=8684, stack(0x000000a76b300000,0x000000a76b400000) (1024K)]
  0x00000265a84e1bf0 JavaThread "Framework Event Dispatcher: Equinox Container: 2c43f83f-11dd-454e-b081-086df44ae101" daemon [_thread_blocked, id=5284, stack(0x000000a76b400000,0x000000a76b500000) (1024K)]
  0x00000266008bec10 JavaThread "Start Level: Equinox Container: 2c43f83f-11dd-454e-b081-086df44ae101" daemon [_thread_blocked, id=11088, stack(0x000000a76b500000,0x000000a76b600000) (1024K)]
  0x0000026600807170 JavaThread "Bundle File Closer"         daemon [_thread_blocked, id=1276, stack(0x000000a76a200000,0x000000a76a300000) (1024K)]
  0x00000266055706c0 JavaThread "SCR Component Actor"        daemon [_thread_blocked, id=11120, stack(0x000000a76a100000,0x000000a76a200000) (1024K)]
  0x000002660572f650 JavaThread "Worker-JM"                         [_thread_blocked, id=6700, stack(0x000000a76b600000,0x000000a76b700000) (1024K)]
  0x000002660572fce0 JavaThread "JNA Cleaner"                daemon [_thread_blocked, id=3128, stack(0x000000a76b800000,0x000000a76b900000) (1024K)]
  0x000002660572e930 JavaThread "Java indexing"              daemon [_thread_blocked, id=7540, stack(0x000000a76bc00000,0x000000a76bd00000) (1024K)]
  0x0000026606d103f0 JavaThread "Thread-1"                   daemon [_thread_in_native, id=9304, stack(0x000000a76c300000,0x000000a76c400000) (1024K)]
  0x0000026606d14c20 JavaThread "Thread-2"                   daemon [_thread_in_native, id=6696, stack(0x000000a76c400000,0x000000a76c500000) (1024K)]
  0x0000026606d13f00 JavaThread "Thread-3"                   daemon [_thread_in_native, id=212, stack(0x000000a76c500000,0x000000a76c600000) (1024K)]
  0x0000026606d152b0 JavaThread "pool-2-thread-1"                   [_thread_blocked, id=9436, stack(0x000000a76c600000,0x000000a76c700000) (1024K)]
  0x0000026606d131e0 JavaThread "WorkspaceEventsHandler"            [_thread_blocked, id=4892, stack(0x000000a76c700000,0x000000a76c800000) (1024K)]
  0x0000026606d12b50 JavaThread "pool-1-thread-1"                   [_thread_blocked, id=8736, stack(0x000000a76c800000,0x000000a76c900000) (1024K)]
  0x0000026607b6e2c0 JavaThread "Cleaner-0"                  daemon [_thread_blocked, id=10472, stack(0x000000a76bf00000,0x000000a76c000000) (1024K)]
  0x0000026606d124c0 JavaThread "Worker-13: Validate documents"        [_thread_blocked, id=10292, stack(0x000000a76be00000,0x000000a76bf00000) (1024K)]
  0x0000026606d11e30 JavaThread "Worker-14"                         [_thread_blocked, id=9732, stack(0x000000a76cb00000,0x000000a76cc00000) (1024K)]
  0x0000026607b6e950 JavaThread "ForkJoinPool.commonPool-worker-8" daemon [_thread_blocked, id=7244, stack(0x000000a76b900000,0x000000a76ba00000) (1024K)]
  0x0000026606d11110 JavaThread "Worker-15"                         [_thread_blocked, id=6504, stack(0x000000a76c000000,0x000000a76c100000) (1024K)]
  0x0000026606d117a0 JavaThread "Worker-16"                         [_thread_blocked, id=1804, stack(0x000000a76c100000,0x000000a76c200000) (1024K)]
  0x0000026607b6ae40 JavaThread "Compiler Processing Task"   daemon [_thread_blocked, id=10136, stack(0x000000a76b700000,0x000000a76b800000) (1024K)]
Total: 33

Other Threads:
  0x00000265a85ef8f0 VMThread "VM Thread"                           [id=2500, stack(0x000000a76a600000,0x000000a76a700000) (1024K)]
  0x00000265a83ccb50 WatcherThread "VM Periodic Task Thread"        [id=11192, stack(0x000000a76a500000,0x000000a76a600000) (1024K)]
  0x00000265a854f930 WorkerThread "GC Thread#0"                     [id=10664, stack(0x000000a76a400000,0x000000a76a500000) (1024K)]
  0x00000266005fb6e0 WorkerThread "GC Thread#1"                     [id=10604, stack(0x000000a76b100000,0x000000a76b200000) (1024K)]
Total: 4

Threads with active compile tasks:
C2 CompilerThread0  2459280 17889       4       org.eclipse.core.internal.events.ResourceDeltaFactory::computeNodeIDMap (169 bytes)
Total: 1

VM state: not at safepoint (normal execution)

VM Mutex/Monitor currently owned by a thread: None

Heap address: 0x0000000080000000, size: 2048 MB, Compressed Oops mode: 32-bit

CDS archive(s) mapped at: [0x00000265bf000000-0x00000265bfba0000-0x00000265bfba0000), size 12189696, SharedBaseAddress: 0x00000265bf000000, ArchiveRelocationMode: 1.
Compressed class space mapped at: 0x00000265c0000000-0x0000026600000000, reserved size: 1073741824
Narrow klass base: 0x00000265bf000000, Narrow klass shift: 0, Narrow klass range: 0x100000000

GC Precious Log:
 CardTable entry size: 512
 CPUs: 2 total, 2 available
 Memory: 3935M
 Large Page Support: Disabled
 NUMA Support: Disabled
 Compressed Oops: Enabled (32-bit)
 Alignments: Space 512K, Generation 512K, Heap 2M
 Heap Min Capacity: 100M
 Heap Initial Capacity: 100M
 Heap Max Capacity: 2G
 Pre-touch: Disabled
 Parallel Workers: 2

Heap:
 PSYoungGen      total 3072K, used 1003K [0x00000000d5580000, 0x00000000d5a80000, 0x0000000100000000)
  eden space 2560K, 36% used [0x00000000d5580000,0x00000000d566ae90,0x00000000d5800000)
  from space 512K, 12% used [0x00000000d5a00000,0x00000000d5a10000,0x00000000d5a80000)
  to   space 512K, 0% used [0x00000000d5980000,0x00000000d5980000,0x00000000d5a00000)
 ParOldGen       total 296448K, used 295729K [0x0000000080000000, 0x0000000092180000, 0x00000000d5580000)
  object space 296448K, 99% used [0x0000000080000000,0x00000000920cc4b0,0x0000000092180000)
 Metaspace       used 78435K, committed 80128K, reserved 1179648K
  class space    used 7902K, committed 8640K, reserved 1048576K

Card table byte_map: [0x00000265a7ee0000,0x00000265a82f0000] _byte_map_base: 0x00000265a7ae0000

Marking Bits: (ParMarkBitMap*) 0x00007ffbe2ef2460
 Begin Bits: [0x00000265ba9f0000, 0x00000265bc9f0000)
 End Bits:   [0x00000265bc9f0000, 0x00000265be9f0000)

Polling page: 0x00000265a6360000

Metaspace:

Usage:
  Non-class:     68.88 MB used.
      Class:      7.72 MB used.
       Both:     76.60 MB used.

Virtual space:
  Non-class space:      128.00 MB reserved,      69.81 MB ( 55%) committed,  2 nodes.
      Class space:        1.00 GB reserved,       8.44 MB ( <1%) committed,  1 nodes.
             Both:        1.12 GB reserved,      78.25 MB (  7%) committed. 

Chunk freelists:
   Non-Class:  9.91 MB
       Class:  7.56 MB
        Both:  17.47 MB

MaxMetaspaceSize: unlimited
CompressedClassSpaceSize: 1.00 GB
Initial GC threshold: 21.00 MB
Current GC threshold: 128.56 MB
CDS: on
 - commit_granule_bytes: 65536.
 - commit_granule_words: 8192.
 - virtual_space_node_default_size: 8388608.
 - enlarge_chunks_in_place: 1.
 - use_allocation_guard: 0.


Internal statistics:

num_allocs_failed_limit: 9.
num_arena_births: 1528.
num_arena_deaths: 14.
num_vsnodes_births: 3.
num_vsnodes_deaths: 0.
num_space_committed: 1252.
num_space_uncommitted: 0.
num_chunks_returned_to_freelist: 23.
num_chunks_taken_from_freelist: 5370.
num_chunk_merges: 12.
num_chunk_splits: 3261.
num_chunks_enlarged: 1805.
num_inconsistent_stats: 0.

CodeHeap 'non-profiled nmethods': size=120064Kb used=14656Kb max_used=14656Kb free=105407Kb
 bounds [0x00000265b3200000, 0x00000265b4060000, 0x00000265ba740000]
CodeHeap 'profiled nmethods': size=120000Kb used=41049Kb max_used=41092Kb free=78950Kb
 bounds [0x00000265ab740000, 0x00000265adf70000, 0x00000265b2c70000]
CodeHeap 'non-nmethods': size=5696Kb used=1477Kb max_used=1524Kb free=4218Kb
 bounds [0x00000265b2c70000, 0x00000265b2ee0000, 0x00000265b3200000]
CodeCache: size=245760Kb, used=57182Kb, max_used=57272Kb, free=188575Kb
 total_blobs=16830, nmethods=16034, adapters=697, full_count=0
Compilation: enabled, stopped_count=0, restarted_count=0

Compilation events (20 events):
Event: 2455.091 Thread 0x00000265a83ec1f0 nmethod 17885 0x00000265b404b590 code [0x00000265b404b7a0, 0x00000265b404bd28]
Event: 2458.326 Thread 0x00000265a83ec1f0 17886   !   4       org.eclipse.core.internal.localstore.UnifiedTree::addChildren (479 bytes)
Event: 2458.344 Thread 0x00000265a83fe8e0 17887       3       org.eclipse.core.internal.localstore.UnifiedTree::addChildrenMarker (8 bytes)
Event: 2458.345 Thread 0x00000265a83fe8e0 nmethod 17887 0x00000265abbfd290 code [0x00000265abbfd440, 0x00000265abbfd658]
Event: 2458.402 Thread 0x00000265a83ec1f0 nmethod 17886 0x00000265b404c190 code [0x00000265b404c560, 0x00000265b404dbb8]
Event: 2458.432 Thread 0x00000265a83ec1f0 17888       4       java.io.File::exists (34 bytes)
Event: 2458.444 Thread 0x00000265a83ec1f0 nmethod 17888 0x00000265b404f310 code [0x00000265b404f500, 0x00000265b404f898]
Event: 2458.471 Thread 0x00000265a83ec1f0 17889       4       org.eclipse.core.internal.events.ResourceDeltaFactory::computeNodeIDMap (169 bytes)
Event: 2458.515 Thread 0x00000265a83fe8e0 17890       3       org.eclipse.jface.text.AbstractDocument::getNextModificationStamp (45 bytes)
Event: 2458.516 Thread 0x00000265a83fe8e0 nmethod 17890 0x00000265abbfce90 code [0x00000265abbfd040, 0x00000265abbfd1f8]
Event: 2458.517 Thread 0x00000265a83fe8e0 17891       3       org.eclipse.jface.text.GapTextStore::set (11 bytes)
Event: 2458.518 Thread 0x00000265a83fe8e0 nmethod 17891 0x00000265abbfc990 code [0x00000265abbfcb40, 0x00000265abbfcd68]
Event: 2458.518 Thread 0x00000265a83fe8e0 17892       1       org.eclipse.jface.text.DocumentEvent::getOffset (5 bytes)
Event: 2458.518 Thread 0x00000265a83fe8e0 nmethod 17892 0x00000265b404fc90 code [0x00000265b404fe20, 0x00000265b404fee8]
Event: 2458.518 Thread 0x00000265a83fe8e0 17893       1       org.eclipse.jface.text.DocumentEvent::getLength (5 bytes)
Event: 2458.518 Thread 0x00000265a83fe8e0 nmethod 17893 0x00000265b404ff90 code [0x00000265b4050120, 0x00000265b40501e8]
Event: 2458.582 Thread 0x00000265a83fe8e0 17894       3       org.eclipse.core.internal.jobs.JobManager$$Lambda/0x00000265c022cd20::<init> (26 bytes)
Event: 2458.583 Thread 0x00000265a83fe8e0 nmethod 17894 0x00000265abbfc590 code [0x00000265abbfc740, 0x00000265abbfc8f8]
Event: 2458.583 Thread 0x00000265a83fe8e0 17895       3       org.eclipse.core.internal.jobs.JobManager$$Lambda/0x00000265c022cd20::apply (24 bytes)
Event: 2458.583 Thread 0x00000265a83fe8e0 nmethod 17895 0x00000265abbfc090 code [0x00000265abbfc240, 0x00000265abbfc498]

GC Heap History (20 events):
Event: 2450.493 GC heap before
{Heap before GC invocations=329 (full 4):
 PSYoungGen      total 3072K, used 2880K [0x00000000d5580000, 0x00000000d5b00000, 0x0000000100000000)
  eden space 2560K, 100% used [0x00000000d5580000,0x00000000d5800000,0x00000000d5800000)
  from space 512K, 62% used [0x00000000d5a80000,0x00000000d5ad0000,0x00000000d5b00000)
  to   space 512K, 0% used [0x00000000d5a00000,0x00000000d5a00000,0x00000000d5a80000)
 ParOldGen       total 259584K, used 259089K [0x0000000080000000, 0x000000008fd80000, 0x00000000d5580000)
  object space 259584K, 99% used [0x0000000080000000,0x000000008fd046b0,0x000000008fd80000)
 Metaspace       used 78398K, committed 80064K, reserved 1179648K
  class space    used 7902K, committed 8640K, reserved 1048576K
}
Event: 2450.498 GC heap after
{Heap after GC invocations=329 (full 4):
 PSYoungGen      total 3072K, used 304K [0x00000000d5580000, 0x00000000d5b00000, 0x0000000100000000)
  eden space 2560K, 0% used [0x00000000d5580000,0x00000000d5580000,0x00000000d5800000)
  from space 512K, 59% used [0x00000000d5a00000,0x00000000d5a4c050,0x00000000d5a80000)
  to   space 512K, 0% used [0x00000000d5a80000,0x00000000d5a80000,0x00000000d5b00000)
 ParOldGen       total 259584K, used 259369K [0x0000000080000000, 0x000000008fd80000, 0x00000000d5580000)
  object space 259584K, 99% used [0x0000000080000000,0x000000008fd4a6b0,0x000000008fd80000)
 Metaspace       used 78398K, committed 80064K, reserved 1179648K
  class space    used 7902K, committed 8640K, reserved 1048576K
}
Event: 2450.569 GC heap before
{Heap before GC invocations=330 (full 4):
 PSYoungGen      total 3072K, used 2864K [0x00000000d5580000, 0x00000000d5b00000, 0x0000000100000000)
  eden space 2560K, 100% used [0x00000000d5580000,0x00000000d5800000,0x00000000d5800000)
  from space 512K, 59% used [0x00000000d5a00000,0x00000000d5a4c050,0x00000000d5a80000)
  to   space 512K, 0% used [0x00000000d5a80000,0x00000000d5a80000,0x00000000d5b00000)
 ParOldGen       total 259584K, used 259369K [0x0000000080000000, 0x000000008fd80000, 0x00000000d5580000)
  object space 259584K, 99% used [0x0000000080000000,0x000000008fd4a6b0,0x000000008fd80000)
 Metaspace       used 78398K, committed 80064K, reserved 1179648K
  class space    used 7902K, committed 8640K, reserved 1048576K
}
Event: 2450.574 GC heap after
{Heap after GC invocations=330 (full 4):
 PSYoungGen      total 3072K, used 442K [0x00000000d5580000, 0x00000000d5b00000, 0x0000000100000000)
  eden space 2560K, 0% used [0x00000000d5580000,0x00000000d5580000,0x00000000d5800000)
  from space 512K, 86% used [0x00000000d5a80000,0x00000000d5aee900,0x00000000d5b00000)
  to   space 512K, 0% used [0x00000000d5a00000,0x00000000d5a00000,0x00000000d5a80000)
 ParOldGen       total 259584K, used 259561K [0x0000000080000000, 0x000000008fd80000, 0x00000000d5580000)
  object space 259584K, 99% used [0x0000000080000000,0x000000008fd7a6f0,0x000000008fd80000)
 Metaspace       used 78398K, committed 80064K, reserved 1179648K
  class space    used 7902K, committed 8640K, reserved 1048576K
}
Event: 2451.200 GC heap before
{Heap before GC invocations=331 (full 4):
 PSYoungGen      total 3072K, used 3002K [0x00000000d5580000, 0x00000000d5b00000, 0x0000000100000000)
  eden space 2560K, 99% used [0x00000000d5580000,0x00000000d57fffe8,0x00000000d5800000)
  from space 512K, 86% used [0x00000000d5a80000,0x00000000d5aee900,0x00000000d5b00000)
  to   space 512K, 0% used [0x00000000d5a00000,0x00000000d5a00000,0x00000000d5a80000)
 ParOldGen       total 259584K, used 259561K [0x0000000080000000, 0x000000008fd80000, 0x00000000d5580000)
  object space 259584K, 99% used [0x0000000080000000,0x000000008fd7a6f0,0x000000008fd80000)
 Metaspace       used 78406K, committed 80128K, reserved 1179648K
  class space    used 7902K, committed 8640K, reserved 1048576K
}
Event: 2451.207 GC heap after
{Heap after GC invocations=331 (full 4):
 PSYoungGen      total 3072K, used 320K [0x00000000d5580000, 0x00000000d5b00000, 0x0000000100000000)
  eden space 2560K, 0% used [0x00000000d5580000,0x00000000d5580000,0x00000000d5800000)
  from space 512K, 62% used [0x00000000d5a00000,0x00000000d5a50020,0x00000000d5a80000)
  to   space 512K, 0% used [0x00000000d5a80000,0x00000000d5a80000,0x00000000d5b00000)
 ParOldGen       total 260096K, used 259974K [0x0000000080000000, 0x000000008fe00000, 0x00000000d5580000)
  object space 260096K, 99% used [0x0000000080000000,0x000000008fde1900,0x000000008fe00000)
 Metaspace       used 78406K, committed 80128K, reserved 1179648K
  class space    used 7902K, committed 8640K, reserved 1048576K
}
Event: 2452.763 GC heap before
{Heap before GC invocations=332 (full 4):
 PSYoungGen      total 3072K, used 2880K [0x00000000d5580000, 0x00000000d5b00000, 0x0000000100000000)
  eden space 2560K, 100% used [0x00000000d5580000,0x00000000d5800000,0x00000000d5800000)
  from space 512K, 62% used [0x00000000d5a00000,0x00000000d5a50020,0x00000000d5a80000)
  to   space 512K, 0% used [0x00000000d5a80000,0x00000000d5a80000,0x00000000d5b00000)
 ParOldGen       total 260096K, used 259974K [0x0000000080000000, 0x000000008fe00000, 0x00000000d5580000)
  object space 260096K, 99% used [0x0000000080000000,0x000000008fde1900,0x000000008fe00000)
 Metaspace       used 78407K, committed 80128K, reserved 1179648K
  class space    used 7902K, committed 8640K, reserved 1048576K
}
Event: 2452.769 GC heap after
{Heap after GC invocations=332 (full 4):
 PSYoungGen      total 3072K, used 499K [0x00000000d5580000, 0x00000000d5d00000, 0x0000000100000000)
  eden space 2560K, 0% used [0x00000000d5580000,0x00000000d5580000,0x00000000d5800000)
  from space 512K, 97% used [0x00000000d5a80000,0x00000000d5afcef8,0x00000000d5b00000)
  to   space 2560K, 0% used [0x00000000d5800000,0x00000000d5800000,0x00000000d5a80000)
 ParOldGen       total 261632K, used 261370K [0x0000000080000000, 0x000000008ff80000, 0x00000000d5580000)
  object space 261632K, 99% used [0x0000000080000000,0x000000008ff3e800,0x000000008ff80000)
 Metaspace       used 78407K, committed 80128K, reserved 1179648K
  class space    used 7902K, committed 8640K, reserved 1048576K
}
Event: 2452.857 GC heap before
{Heap before GC invocations=333 (full 4):
 PSYoungGen      total 3072K, used 3059K [0x00000000d5580000, 0x00000000d5d00000, 0x0000000100000000)
  eden space 2560K, 99% used [0x00000000d5580000,0x00000000d57fffe8,0x00000000d5800000)
  from space 512K, 97% used [0x00000000d5a80000,0x00000000d5afcef8,0x00000000d5b00000)
  to   space 2560K, 0% used [0x00000000d5800000,0x00000000d5800000,0x00000000d5a80000)
 ParOldGen       total 261632K, used 261370K [0x0000000080000000, 0x000000008ff80000, 0x00000000d5580000)
  object space 261632K, 99% used [0x0000000080000000,0x000000008ff3e800,0x000000008ff80000)
 Metaspace       used 78407K, committed 80128K, reserved 1179648K
  class space    used 7902K, committed 8640K, reserved 1048576K
}
Event: 2452.862 GC heap after
{Heap after GC invocations=333 (full 4):
 PSYoungGen      total 5120K, used 2161K [0x00000000d5580000, 0x00000000d5d00000, 0x0000000100000000)
  eden space 2560K, 0% used [0x00000000d5580000,0x00000000d5580000,0x00000000d5800000)
  from space 2560K, 84% used [0x00000000d5800000,0x00000000d5a1c788,0x00000000d5a80000)
  to   space 2560K, 0% used [0x00000000d5a80000,0x00000000d5a80000,0x00000000d5d00000)
 ParOldGen       total 262144K, used 261847K [0x0000000080000000, 0x0000000090000000, 0x00000000d5580000)
  object space 262144K, 99% used [0x0000000080000000,0x000000008ffb5f48,0x0000000090000000)
 Metaspace       used 78407K, committed 80128K, reserved 1179648K
  class space    used 7902K, committed 8640K, reserved 1048576K
}
Event: 2452.977 GC heap before
{Heap before GC invocations=334 (full 4):
 PSYoungGen      total 5120K, used 4721K [0x00000000d5580000, 0x00000000d5d00000, 0x0000000100000000)
  eden space 2560K, 100% used [0x00000000d5580000,0x00000000d5800000,0x00000000d5800000)
  from space 2560K, 84% used [0x00000000d5800000,0x00000000d5a1c788,0x00000000d5a80000)
  to   space 2560K, 0% used [0x00000000d5a80000,0x00000000d5a80000,0x00000000d5d00000)
 ParOldGen       total 262144K, used 261847K [0x0000000080000000, 0x0000000090000000, 0x00000000d5580000)
  object space 262144K, 99% used [0x0000000080000000,0x000000008ffb5f48,0x0000000090000000)
 Metaspace       used 78408K, committed 80128K, reserved 1179648K
  class space    used 7902K, committed 8640K, reserved 1048576K
}
Event: 2452.988 GC heap after
{Heap after GC invocations=334 (full 4):
 PSYoungGen      total 3584K, used 724K [0x00000000d5580000, 0x00000000d5b80000, 0x0000000100000000)
  eden space 2560K, 0% used [0x00000000d5580000,0x00000000d5580000,0x00000000d5800000)
  from space 1024K, 70% used [0x00000000d5a80000,0x00000000d5b35220,0x00000000d5b80000)
  to   space 1536K, 0% used [0x00000000d5880000,0x00000000d5880000,0x00000000d5a00000)
 ParOldGen       total 264192K, used 263967K [0x0000000080000000, 0x0000000090200000, 0x00000000d5580000)
  object space 264192K, 99% used [0x0000000080000000,0x00000000901c7e08,0x0000000090200000)
 Metaspace       used 78408K, committed 80128K, reserved 1179648K
  class space    used 7902K, committed 8640K, reserved 1048576K
}
Event: 2453.032 GC heap before
{Heap before GC invocations=335 (full 4):
 PSYoungGen      total 3584K, used 3284K [0x00000000d5580000, 0x00000000d5b80000, 0x0000000100000000)
  eden space 2560K, 100% used [0x00000000d5580000,0x00000000d5800000,0x00000000d5800000)
  from space 1024K, 70% used [0x00000000d5a80000,0x00000000d5b35220,0x00000000d5b80000)
  to   space 1536K, 0% used [0x00000000d5880000,0x00000000d5880000,0x00000000d5a00000)
 ParOldGen       total 264192K, used 263967K [0x0000000080000000, 0x0000000090200000, 0x00000000d5580000)
  object space 264192K, 99% used [0x0000000080000000,0x00000000901c7e08,0x0000000090200000)
 Metaspace       used 78408K, committed 80128K, reserved 1179648K
  class space    used 7902K, committed 8640K, reserved 1048576K
}
Event: 2453.040 GC heap after
{Heap after GC invocations=335 (full 4):
 PSYoungGen      total 4096K, used 356K [0x00000000d5580000, 0x00000000d5b00000, 0x0000000100000000)
  eden space 2560K, 0% used [0x00000000d5580000,0x00000000d5580000,0x00000000d5800000)
  from space 1536K, 23% used [0x00000000d5880000,0x00000000d58d9210,0x00000000d5a00000)
  to   space 1024K, 0% used [0x00000000d5a00000,0x00000000d5a00000,0x00000000d5b00000)
 ParOldGen       total 264704K, used 264485K [0x0000000080000000, 0x0000000090280000, 0x00000000d5580000)
  object space 264704K, 99% used [0x0000000080000000,0x0000000090249460,0x0000000090280000)
 Metaspace       used 78408K, committed 80128K, reserved 1179648K
  class space    used 7902K, committed 8640K, reserved 1048576K
}
Event: 2453.209 GC heap before
{Heap before GC invocations=336 (full 4):
 PSYoungGen      total 4096K, used 2916K [0x00000000d5580000, 0x00000000d5b00000, 0x0000000100000000)
  eden space 2560K, 99% used [0x00000000d5580000,0x00000000d57ffff8,0x00000000d5800000)
  from space 1536K, 23% used [0x00000000d5880000,0x00000000d58d9210,0x00000000d5a00000)
  to   space 1024K, 0% used [0x00000000d5a00000,0x00000000d5a00000,0x00000000d5b00000)
 ParOldGen       total 264704K, used 264485K [0x0000000080000000, 0x0000000090280000, 0x00000000d5580000)
  object space 264704K, 99% used [0x0000000080000000,0x0000000090249460,0x0000000090280000)
 Metaspace       used 78423K, committed 80128K, reserved 1179648K
  class space    used 7902K, committed 8640K, reserved 1048576K
}
Event: 2453.213 GC heap after
{Heap after GC invocations=336 (full 4):
 PSYoungGen      total 3072K, used 288K [0x00000000d5580000, 0x00000000d5a80000, 0x0000000100000000)
  eden space 2560K, 0% used [0x00000000d5580000,0x00000000d5580000,0x00000000d5800000)
  from space 512K, 56% used [0x00000000d5a00000,0x00000000d5a48000,0x00000000d5a80000)
  to   space 512K, 0% used [0x00000000d5980000,0x00000000d5980000,0x00000000d5a00000)
 ParOldGen       total 264704K, used 264493K [0x0000000080000000, 0x0000000090280000, 0x00000000d5580000)
  object space 264704K, 99% used [0x0000000080000000,0x000000009024b460,0x0000000090280000)
 Metaspace       used 78423K, committed 80128K, reserved 1179648K
  class space    used 7902K, committed 8640K, reserved 1048576K
}
Event: 2454.625 GC heap before
{Heap before GC invocations=337 (full 4):
 PSYoungGen      total 3072K, used 2848K [0x00000000d5580000, 0x00000000d5a80000, 0x0000000100000000)
  eden space 2560K, 100% used [0x00000000d5580000,0x00000000d5800000,0x00000000d5800000)
  from space 512K, 56% used [0x00000000d5a00000,0x00000000d5a48000,0x00000000d5a80000)
  to   space 512K, 0% used [0x00000000d5980000,0x00000000d5980000,0x00000000d5a00000)
 ParOldGen       total 296448K, used 295213K [0x0000000080000000, 0x0000000092180000, 0x00000000d5580000)
  object space 296448K, 99% used [0x0000000080000000,0x000000009204b490,0x0000000092180000)
 Metaspace       used 78429K, committed 80128K, reserved 1179648K
  class space    used 7902K, committed 8640K, reserved 1048576K
}
Event: 2454.629 GC heap after
{Heap after GC invocations=337 (full 4):
 PSYoungGen      total 3072K, used 416K [0x00000000d5580000, 0x00000000d5a80000, 0x0000000100000000)
  eden space 2560K, 0% used [0x00000000d5580000,0x00000000d5580000,0x00000000d5800000)
  from space 512K, 81% used [0x00000000d5980000,0x00000000d59e8000,0x00000000d5a00000)
  to   space 512K, 0% used [0x00000000d5a00000,0x00000000d5a00000,0x00000000d5a80000)
 ParOldGen       total 296448K, used 295429K [0x0000000080000000, 0x0000000092180000, 0x00000000d5580000)
  object space 296448K, 99% used [0x0000000080000000,0x0000000092081490,0x0000000092180000)
 Metaspace       used 78429K, committed 80128K, reserved 1179648K
  class space    used 7902K, committed 8640K, reserved 1048576K
}
Event: 2458.436 GC heap before
{Heap before GC invocations=338 (full 4):
 PSYoungGen      total 3072K, used 2976K [0x00000000d5580000, 0x00000000d5a80000, 0x0000000100000000)
  eden space 2560K, 100% used [0x00000000d5580000,0x00000000d5800000,0x00000000d5800000)
  from space 512K, 81% used [0x00000000d5980000,0x00000000d59e8000,0x00000000d5a00000)
  to   space 512K, 0% used [0x00000000d5a00000,0x00000000d5a00000,0x00000000d5a80000)
 ParOldGen       total 296448K, used 295429K [0x0000000080000000, 0x0000000092180000, 0x00000000d5580000)
  object space 296448K, 99% used [0x0000000080000000,0x0000000092081490,0x0000000092180000)
 Metaspace       used 78432K, committed 80128K, reserved 1179648K
  class space    used 7902K, committed 8640K, reserved 1048576K
}
Event: 2458.440 GC heap after
{Heap after GC invocations=338 (full 4):
 PSYoungGen      total 3072K, used 64K [0x00000000d5580000, 0x00000000d5a80000, 0x0000000100000000)
  eden space 2560K, 0% used [0x00000000d5580000,0x00000000d5580000,0x00000000d5800000)
  from space 512K, 12% used [0x00000000d5a00000,0x00000000d5a10000,0x00000000d5a80000)
  to   space 512K, 0% used [0x00000000d5980000,0x00000000d5980000,0x00000000d5a00000)
 ParOldGen       total 296448K, used 295729K [0x0000000080000000, 0x0000000092180000, 0x00000000d5580000)
  object space 296448K, 99% used [0x0000000080000000,0x00000000920cc4b0,0x0000000092180000)
 Metaspace       used 78432K, committed 80128K, reserved 1179648K
  class space    used 7902K, committed 8640K, reserved 1048576K
}

Dll operation events (10 events):
Event: 0.260 Loaded shared library c:\Users\ELCOT\.vscode\extensions\redhat.java-1.50.0-win32-x64\jre\21.0.9-win32-x86_64\bin\java.dll
Event: 0.445 Loaded shared library c:\Users\ELCOT\.vscode\extensions\redhat.java-1.50.0-win32-x64\jre\21.0.9-win32-x86_64\bin\zip.dll
Event: 0.546 Loaded shared library C:\Users\ELCOT\.vscode\extensions\redhat.java-1.50.0-win32-x64\jre\21.0.9-win32-x86_64\bin\instrument.dll
Event: 0.585 Loaded shared library C:\Users\ELCOT\.vscode\extensions\redhat.java-1.50.0-win32-x64\jre\21.0.9-win32-x86_64\bin\net.dll
Event: 0.591 Loaded shared library C:\Users\ELCOT\.vscode\extensions\redhat.java-1.50.0-win32-x64\jre\21.0.9-win32-x86_64\bin\nio.dll
Event: 0.603 Loaded shared library C:\Users\ELCOT\.vscode\extensions\redhat.java-1.50.0-win32-x64\jre\21.0.9-win32-x86_64\bin\zip.dll
Event: 0.671 Loaded shared library C:\Users\ELCOT\.vscode\extensions\redhat.java-1.50.0-win32-x64\jre\21.0.9-win32-x86_64\bin\jimage.dll
Event: 1.113 Loaded shared library c:\Users\ELCOT\.vscode\extensions\redhat.java-1.50.0-win32-x64\jre\21.0.9-win32-x86_64\bin\verify.dll
Event: 54.968 Loaded shared library C:\Users\ELCOT\AppData\Roaming\Code\User\globalStorage\redhat.java\1.50.0\config_win\org.eclipse.equinox.launcher\org.eclipse.equinox.launcher.win32.win32.x86_64_1.2.1400.v20250801-0854\eclipse_11916.dll
Event: 97.625 Loaded shared library C:\Users\ELCOT\AppData\Local\Temp\jna-66053985\jna8478775096106332596.dll

Deoptimization events (20 events):
Event: 2453.591 Thread 0x0000026606d124c0 DEOPT PACKING pc=0x00000265b40440a4 sp=0x000000a76befd340
Event: 2453.591 Thread 0x0000026606d124c0 DEOPT UNPACKING pc=0x00000265b2cc3aa2 sp=0x000000a76befd2c8 mode 2
Event: 2453.591 Thread 0x0000026606d124c0 Uncommon trap: trap_request=0xffffffbe fr.pc=0x00000265b40440a4 relative=0x0000000000000424
Event: 2453.591 Thread 0x0000026606d124c0 Uncommon trap: reason=profile_predicate action=maybe_recompile pc=0x00000265b40440a4 method=org.eclipse.sisu.plexus.CompositeBeanHelper.findMethod(Ljava/lang/Class;[Ljava/lang/reflect/Type;Ljava/lang/String;Ljava/lang/Class;)Ljava/lang/reflect/Method; @ 2
Event: 2453.591 Thread 0x0000026606d124c0 DEOPT PACKING pc=0x00000265b40440a4 sp=0x000000a76befd340
Event: 2453.591 Thread 0x0000026606d124c0 DEOPT UNPACKING pc=0x00000265b2cc3aa2 sp=0x000000a76befd2c8 mode 2
Event: 2453.591 Thread 0x0000026606d124c0 Uncommon trap: trap_request=0xffffffbe fr.pc=0x00000265b40440a4 relative=0x0000000000000424
Event: 2453.591 Thread 0x0000026606d124c0 Uncommon trap: reason=profile_predicate action=maybe_recompile pc=0x00000265b40440a4 method=org.eclipse.sisu.plexus.CompositeBeanHelper.findMethod(Ljava/lang/Class;[Ljava/lang/reflect/Type;Ljava/lang/String;Ljava/lang/Class;)Ljava/lang/reflect/Method; @ 2
Event: 2453.591 Thread 0x0000026606d124c0 DEOPT PACKING pc=0x00000265b40440a4 sp=0x000000a76befd340
Event: 2453.591 Thread 0x0000026606d124c0 DEOPT UNPACKING pc=0x00000265b2cc3aa2 sp=0x000000a76befd2c8 mode 2
Event: 2453.591 Thread 0x0000026606d124c0 Uncommon trap: trap_request=0xffffffbe fr.pc=0x00000265b40440a4 relative=0x0000000000000424
Event: 2453.591 Thread 0x0000026606d124c0 Uncommon trap: reason=profile_predicate action=maybe_recompile pc=0x00000265b40440a4 method=org.eclipse.sisu.plexus.CompositeBeanHelper.findMethod(Ljava/lang/Class;[Ljava/lang/reflect/Type;Ljava/lang/String;Ljava/lang/Class;)Ljava/lang/reflect/Method; @ 2
Event: 2453.591 Thread 0x0000026606d124c0 DEOPT PACKING pc=0x00000265b40440a4 sp=0x000000a76befd340
Event: 2453.591 Thread 0x0000026606d124c0 DEOPT UNPACKING pc=0x00000265b2cc3aa2 sp=0x000000a76befd2c8 mode 2
Event: 2454.989 Thread 0x0000026606d124c0 DEOPT PACKING pc=0x00000265ac918d69 sp=0x000000a76befd8f0
Event: 2454.989 Thread 0x0000026606d124c0 DEOPT UNPACKING pc=0x00000265b2cc4242 sp=0x000000a76befcdd8 mode 0
Event: 2458.231 Thread 0x0000026606d124c0 Uncommon trap: trap_request=0xffffffbe fr.pc=0x00000265b32bd074 relative=0x0000000000000f94
Event: 2458.231 Thread 0x0000026606d124c0 Uncommon trap: reason=profile_predicate action=maybe_recompile pc=0x00000265b32bd074 method=org.eclipse.core.internal.localstore.UnifiedTree.addChildren(Lorg/eclipse/core/internal/localstore/UnifiedTreeNode;)V @ 421 c2
Event: 2458.231 Thread 0x0000026606d124c0 DEOPT PACKING pc=0x00000265b32bd074 sp=0x000000a76befdca0
Event: 2458.231 Thread 0x0000026606d124c0 DEOPT UNPACKING pc=0x00000265b2cc3aa2 sp=0x000000a76befdc38 mode 2

Classes loaded (20 events):
Event: 327.171 Loading class java/util/concurrent/ConcurrentHashMap$TreeNode
Event: 327.182 Loading class java/util/concurrent/ConcurrentHashMap$TreeNode done
Event: 327.182 Loading class java/util/concurrent/ConcurrentHashMap$TreeBin
Event: 327.193 Loading class java/util/concurrent/ConcurrentHashMap$TreeBin done
Event: 403.652 Loading class java/util/stream/Nodes$CollectorTask$OfRef
Event: 403.680 Loading class java/util/stream/Nodes$CollectorTask
Event: 403.686 Loading class java/util/stream/Nodes$CollectorTask done
Event: 403.686 Loading class java/util/stream/Nodes$CollectorTask$OfRef done
Event: 403.691 Loading class java/util/function/LongFunction
Event: 403.710 Loading class java/util/function/LongFunction done
Event: 403.711 Loading class java/util/stream/Nodes$ConcNode
Event: 403.711 Loading class java/util/stream/Nodes$AbstractConcNode
Event: 403.713 Loading class java/util/stream/Nodes$AbstractConcNode done
Event: 403.713 Loading class java/util/stream/Nodes$ConcNode done
Event: 403.812 Loading class java/io/ObjectOutputStream$BlockDataOutputStream
Event: 403.843 Loading class java/io/ObjectOutputStream$BlockDataOutputStream done
Event: 403.843 Loading class java/io/ObjectOutputStream$HandleTable
Event: 403.844 Loading class java/io/ObjectOutputStream$HandleTable done
Event: 403.844 Loading class java/io/ObjectOutputStream$ReplaceTable
Event: 403.844 Loading class java/io/ObjectOutputStream$ReplaceTable done

Classes unloaded (7 events):
Event: 102.123 Thread 0x00000265a85ef8f0 Unloading class 0x00000265c01a9400 'java/lang/invoke/LambdaForm$MH+0x00000265c01a9400'
Event: 102.123 Thread 0x00000265a85ef8f0 Unloading class 0x00000265c01a9000 'java/lang/invoke/LambdaForm$MH+0x00000265c01a9000'
Event: 102.123 Thread 0x00000265a85ef8f0 Unloading class 0x00000265c01a8c00 'java/lang/invoke/LambdaForm$MH+0x00000265c01a8c00'
Event: 102.123 Thread 0x00000265a85ef8f0 Unloading class 0x00000265c01a8800 'java/lang/invoke/LambdaForm$MH+0x00000265c01a8800'
Event: 102.123 Thread 0x00000265a85ef8f0 Unloading class 0x00000265c01a8400 'java/lang/invoke/LambdaForm$BMH+0x00000265c01a8400'
Event: 102.123 Thread 0x00000265a85ef8f0 Unloading class 0x00000265c01a8000 'java/lang/invoke/LambdaForm$DMH+0x00000265c01a8000'
Event: 102.123 Thread 0x00000265a85ef8f0 Unloading class 0x00000265c01a6c00 'java/lang/invoke/LambdaForm$DMH+0x00000265c01a6c00'

Classes redefined (0 events):
No events

Internal exceptions (20 events):
Event: 2445.790 Thread 0x0000026606d0f040 Implicit null exception at 0x00000265add5a01b to 0x00000265add5a5d5
Event: 2445.790 Thread 0x0000026606d0f040 Exception <a 'java/lang/NullPointerException'{0x00000000d5623c40}> (0x00000000d5623c40) 
thrown [s\src\hotspot\share\runtime\sharedRuntime.cpp, line 625]
Event: 2447.842 Thread 0x000002660572e930 Exception <a 'sun/nio/fs/WindowsException'{0x00000000d56d5b98}> (0x00000000d56d5b98) 
thrown [s\src\hotspot\share\prims\jni.cpp, line 520]
Event: 2450.233 Thread 0x0000026606d12b50 Implicit null exception at 0x00000265b3fd1e83 to 0x00000265b3fd2444
Event: 2453.195 Thread 0x0000026607b6ae40 Implicit null exception at 0x00000265add5a01b to 0x00000265add5a5d5
Event: 2453.195 Thread 0x0000026607b6ae40 Exception <a 'java/lang/NullPointerException'{0x00000000d5766a18}> (0x00000000d5766a18) 
thrown [s\src\hotspot\share\runtime\sharedRuntime.cpp, line 625]
Event: 2453.195 Thread 0x0000026607b6ae40 Implicit null exception at 0x00000265add5a01b to 0x00000265add5a5d5
Event: 2453.195 Thread 0x0000026607b6ae40 Exception <a 'java/lang/NullPointerException'{0x00000000d5767170}> (0x00000000d5767170) 
thrown [s\src\hotspot\share\runtime\sharedRuntime.cpp, line 625]
Event: 2453.195 Thread 0x0000026607b6ae40 Implicit null exception at 0x00000265add5a01b to 0x00000265add5a5d5
Event: 2453.195 Thread 0x0000026607b6ae40 Exception <a 'java/lang/NullPointerException'{0x00000000d5767d50}> (0x00000000d5767d50) 
thrown [s\src\hotspot\share\runtime\sharedRuntime.cpp, line 625]
Event: 2453.195 Thread 0x0000026607b6ae40 Implicit null exception at 0x00000265add5a01b to 0x00000265add5a5d5
Event: 2453.195 Thread 0x0000026607b6ae40 Exception <a 'java/lang/NullPointerException'{0x00000000d5768798}> (0x00000000d5768798) 
thrown [s\src\hotspot\share\runtime\sharedRuntime.cpp, line 625]
Event: 2453.195 Thread 0x0000026607b6ae40 Implicit null exception at 0x00000265add5a01b to 0x00000265add5a5d5
Event: 2453.195 Thread 0x0000026607b6ae40 Exception <a 'java/lang/NullPointerException'{0x00000000d5768cb0}> (0x00000000d5768cb0) 
thrown [s\src\hotspot\share\runtime\sharedRuntime.cpp, line 625]
Event: 2453.196 Thread 0x0000026607b6ae40 Implicit null exception at 0x00000265add5a01b to 0x00000265add5a5d5
Event: 2453.196 Thread 0x0000026607b6ae40 Exception <a 'java/lang/NullPointerException'{0x00000000d5769808}> (0x00000000d5769808) 
thrown [s\src\hotspot\share\runtime\sharedRuntime.cpp, line 625]
Event: 2453.196 Thread 0x0000026607b6ae40 Implicit null exception at 0x00000265add5a01b to 0x00000265add5a5d5
Event: 2453.196 Thread 0x0000026607b6ae40 Exception <a 'java/lang/NullPointerException'{0x00000000d5769e68}> (0x00000000d5769e68) 
thrown [s\src\hotspot\share\runtime\sharedRuntime.cpp, line 625]
Event: 2453.196 Thread 0x0000026607b6ae40 Implicit null exception at 0x00000265add5a01b to 0x00000265add5a5d5
Event: 2453.196 Thread 0x0000026607b6ae40 Exception <a 'java/lang/NullPointerException'{0x00000000d576a7a0}> (0x00000000d576a7a0) 
thrown [s\src\hotspot\share\runtime\sharedRuntime.cpp, line 625]

ZGC Phase Switch (0 events):
No events

VM Operations (20 events):
Event: 2451.200 Executing VM operation: ParallelGCFailedAllocation (Allocation Failure)
Event: 2451.207 Executing VM operation: ParallelGCFailedAllocation (Allocation Failure) done
Event: 2452.763 Executing VM operation: ParallelGCFailedAllocation (Allocation Failure)
Event: 2452.769 Executing VM operation: ParallelGCFailedAllocation (Allocation Failure) done
Event: 2452.857 Executing VM operation: ParallelGCFailedAllocation (Allocation Failure)
Event: 2452.862 Executing VM operation: ParallelGCFailedAllocation (Allocation Failure) done
Event: 2452.977 Executing VM operation: ParallelGCFailedAllocation (Allocation Failure)
Event: 2452.988 Executing VM operation: ParallelGCFailedAllocation (Allocation Failure) done
Event: 2453.032 Executing VM operation: ParallelGCFailedAllocation (Allocation Failure)
Event: 2453.040 Executing VM operation: ParallelGCFailedAllocation (Allocation Failure) done
Event: 2453.209 Executing VM operation: ParallelGCFailedAllocation (Allocation Failure)
Event: 2453.213 Executing VM operation: ParallelGCFailedAllocation (Allocation Failure) done
Event: 2454.222 Executing VM operation: Cleanup
Event: 2454.291 Executing VM operation: Cleanup done
Event: 2454.625 Executing VM operation: ParallelGCFailedAllocation (Allocation Failure)
Event: 2454.629 Executing VM operation: ParallelGCFailedAllocation (Allocation Failure) done
Event: 2455.657 Executing VM operation: Cleanup
Event: 2455.657 Executing VM operation: Cleanup done
Event: 2458.436 Executing VM operation: ParallelGCFailedAllocation (Allocation Failure)
Event: 2458.440 Executing VM operation: ParallelGCFailedAllocation (Allocation Failure) done

Memory protections (0 events):
No events

Nmethod flushes (20 events):
Event: 1315.152 Thread 0x00000265a85ef8f0 flushing  nmethod 0x00000265acb21a10
Event: 1315.152 Thread 0x00000265a85ef8f0 flushing  nmethod 0x00000265acb24310
Event: 1315.152 Thread 0x00000265a85ef8f0 flushing  nmethod 0x00000265acb24b10
Event: 1315.152 Thread 0x00000265a85ef8f0 flushing  nmethod 0x00000265acb26290
Event: 1315.152 Thread 0x00000265a85ef8f0 flushing  nmethod 0x00000265acb27d90
Event: 1315.152 Thread 0x00000265a85ef8f0 flushing  nmethod 0x00000265acb28d90
Event: 1315.152 Thread 0x00000265a85ef8f0 flushing  nmethod 0x00000265acb2e990
Event: 1315.152 Thread 0x00000265a85ef8f0 flushing  nmethod 0x00000265acb30190
Event: 1315.152 Thread 0x00000265a85ef8f0 flushing  nmethod 0x00000265acb30990
Event: 1315.152 Thread 0x00000265a85ef8f0 flushing  nmethod 0x00000265acb33f10
Event: 1315.152 Thread 0x00000265a85ef8f0 flushing  nmethod 0x00000265acb3aa10
Event: 1315.152 Thread 0x00000265a85ef8f0 flushing  nmethod 0x00000265acb3b910
Event: 1315.152 Thread 0x00000265a85ef8f0 flushing  nmethod 0x00000265acb50290
Event: 1315.152 Thread 0x00000265a85ef8f0 flushing  nmethod 0x00000265acb72d90
Event: 1315.152 Thread 0x00000265a85ef8f0 flushing  nmethod 0x00000265acbbe010
Event: 1315.152 Thread 0x00000265a85ef8f0 flushing  nmethod 0x00000265acc18010
Event: 1315.152 Thread 0x00000265a85ef8f0 flushing  nmethod 0x00000265acc1b690
Event: 1315.152 Thread 0x00000265a85ef8f0 flushing  nmethod 0x00000265acc53990
Event: 1315.152 Thread 0x00000265a85ef8f0 flushing  nmethod 0x00000265acc5f610
Event: 1315.152 Thread 0x00000265a85ef8f0 flushing  nmethod 0x00000265accc6710

Events (20 events):
Event: 2447.409 Thread 0x0000026606d14590 Thread exited: 0x0000026606d14590
Event: 2447.789 Thread 0x0000026606d12b50 Thread added: 0x0000026606d11110
Event: 2447.852 Thread 0x0000026606d11110 Thread exited: 0x0000026606d11110
Event: 2448.999 Thread 0x0000026606d12b50 Thread added: 0x0000026606d0fd60
Event: 2448.999 Thread 0x0000026606d12b50 Thread added: 0x0000026606d15fd0
Event: 2449.000 Thread 0x0000026606d12b50 Thread added: 0x0000026606d0f040
Event: 2449.237 Thread 0x0000026606d12b50 Thread added: 0x0000026606d14590
Event: 2449.311 Thread 0x0000026606d11e30 Thread added: 0x0000026606d11110
Event: 2449.346 Thread 0x0000026606d14590 Thread exited: 0x0000026606d14590
Event: 2449.444 Thread 0x0000026606d12b50 Thread added: 0x0000026606d14590
Event: 2450.181 Thread 0x0000026606d11110 Thread added: 0x0000026606d117a0
Event: 2450.286 Thread 0x0000026606d12b50 Thread added: 0x0000026607b6ae40
Event: 2450.612 Thread 0x0000026607b6ae40 Thread exited: 0x0000026607b6ae40
Event: 2450.933 Thread 0x0000026606d12b50 Thread added: 0x0000026607b70390
Event: 2451.551 Thread 0x0000026606d0f040 Thread exited: 0x0000026606d0f040
Event: 2451.561 Thread 0x0000026606d15fd0 Thread exited: 0x0000026606d15fd0
Event: 2451.564 Thread 0x0000026606d14590 Thread exited: 0x0000026606d14590
Event: 2451.582 Thread 0x0000026606d0fd60 Thread exited: 0x0000026606d0fd60
Event: 2452.251 Thread 0x0000026607b70390 Thread exited: 0x0000026607b70390
Event: 2452.837 Thread 0x0000026606d124c0 Thread added: 0x0000026607b6ae40


Dynamic libraries:
0x00007ff741dc0000 - 0x00007ff741dce000 	c:\Users\ELCOT\.vscode\extensions\redhat.java-1.50.0-win32-x64\jre\21.0.9-win32-x86_64\bin\java.exe
0x00007ffc32390000 - 0x00007ffc32588000 	C:\WINDOWS\SYSTEM32\ntdll.dll
0x00007ffc31180000 - 0x00007ffc31242000 	C:\WINDOWS\System32\KERNEL32.DLL
0x00007ffc2fc40000 - 0x00007ffc2ff36000 	C:\WINDOWS\System32\KERNELBASE.dll
0x00007ffc2fb40000 - 0x00007ffc2fc40000 	C:\WINDOWS\System32\ucrtbase.dll
0x00007ffc115d0000 - 0x00007ffc115ee000 	c:\Users\ELCOT\.vscode\extensions\redhat.java-1.50.0-win32-x64\jre\21.0.9-win32-x86_64\bin\VCRUNTIME140.dll
0x00007ffc11690000 - 0x00007ffc116a8000 	c:\Users\ELCOT\.vscode\extensions\redhat.java-1.50.0-win32-x64\jre\21.0.9-win32-x86_64\bin\jli.dll
0x00007ffc31b20000 - 0x00007ffc31cc1000 	C:\WINDOWS\System32\USER32.dll
0x00007ffc30120000 - 0x00007ffc30142000 	C:\WINDOWS\System32\win32u.dll
0x00007ffc22350000 - 0x00007ffc225eb000 	C:\WINDOWS\WinSxS\amd64_microsoft.windows.common-controls_6595b64144ccf1df_6.0.19041.6456_none_60b8a6cb71f64256\COMCTL32.dll
0x00007ffc31150000 - 0x00007ffc3117b000 	C:\WINDOWS\System32\GDI32.dll
0x00007ffc322b0000 - 0x00007ffc3234e000 	C:\WINDOWS\System32\msvcrt.dll
0x00007ffc30150000 - 0x00007ffc30269000 	C:\WINDOWS\System32\gdi32full.dll
0x00007ffc2faa0000 - 0x00007ffc2fb3d000 	C:\WINDOWS\System32\msvcp_win.dll
0x00007ffc32280000 - 0x00007ffc322af000 	C:\WINDOWS\System32\IMM32.DLL
0x00007ffc1d2c0000 - 0x00007ffc1d2cc000 	c:\Users\ELCOT\.vscode\extensions\redhat.java-1.50.0-win32-x64\jre\21.0.9-win32-x86_64\bin\vcruntime140_1.dll
0x00007ffc0e710000 - 0x00007ffc0e79d000 	c:\Users\ELCOT\.vscode\extensions\redhat.java-1.50.0-win32-x64\jre\21.0.9-win32-x86_64\bin\msvcp140.dll
0x00007ffbe2230000 - 0x00007ffbe2fd0000 	c:\Users\ELCOT\.vscode\extensions\redhat.java-1.50.0-win32-x64\jre\21.0.9-win32-x86_64\bin\server\jvm.dll
0x00007ffc30c30000 - 0x00007ffc30ce1000 	C:\WINDOWS\System32\ADVAPI32.dll
0x00007ffc32130000 - 0x00007ffc321cf000 	C:\WINDOWS\System32\sechost.dll
0x00007ffc31a00000 - 0x00007ffc31b20000 	C:\WINDOWS\System32\RPCRT4.dll
0x00007ffc300f0000 - 0x00007ffc30117000 	C:\WINDOWS\System32\bcrypt.dll
0x00007ffc31050000 - 0x00007ffc310bb000 	C:\WINDOWS\System32\WS2_32.dll
0x00007ffc2f430000 - 0x00007ffc2f47b000 	C:\WINDOWS\SYSTEM32\POWRPROF.dll
0x00007ffc26d80000 - 0x00007ffc26da7000 	C:\WINDOWS\SYSTEM32\WINMM.dll
0x00007ffc26d70000 - 0x00007ffc26d7a000 	C:\WINDOWS\SYSTEM32\VERSION.dll
0x00007ffc2f3e0000 - 0x00007ffc2f3f2000 	C:\WINDOWS\SYSTEM32\UMPDC.dll
0x00007ffc2d890000 - 0x00007ffc2d8a2000 	C:\WINDOWS\SYSTEM32\kernel.appcore.dll
0x00007ffc1a880000 - 0x00007ffc1a88a000 	c:\Users\ELCOT\.vscode\extensions\redhat.java-1.50.0-win32-x64\jre\21.0.9-win32-x86_64\bin\jimage.dll
0x00007ffc22600000 - 0x00007ffc22801000 	C:\WINDOWS\SYSTEM32\DBGHELP.DLL
0x00007ffc1aa90000 - 0x00007ffc1aac4000 	C:\WINDOWS\SYSTEM32\dbgcore.DLL
0x00007ffc30270000 - 0x00007ffc302f2000 	C:\WINDOWS\System32\bcryptPrimitives.dll
0x00007ffc29d40000 - 0x00007ffc29d4f000 	c:\Users\ELCOT\.vscode\extensions\redhat.java-1.50.0-win32-x64\jre\21.0.9-win32-x86_64\bin\instrument.dll
0x00007ffc0e560000 - 0x00007ffc0e580000 	c:\Users\ELCOT\.vscode\extensions\redhat.java-1.50.0-win32-x64\jre\21.0.9-win32-x86_64\bin\java.dll
0x00007ffc304c0000 - 0x00007ffc30c30000 	C:\WINDOWS\System32\SHELL32.dll
0x00007ffc2da90000 - 0x00007ffc2e235000 	C:\WINDOWS\SYSTEM32\windows.storage.dll
0x00007ffc30cf0000 - 0x00007ffc31044000 	C:\WINDOWS\System32\combase.dll
0x00007ffc2f400000 - 0x00007ffc2f42b000 	C:\WINDOWS\SYSTEM32\Wldp.dll
0x00007ffc31930000 - 0x00007ffc319fd000 	C:\WINDOWS\System32\OLEAUT32.dll
0x00007ffc321d0000 - 0x00007ffc3227d000 	C:\WINDOWS\System32\SHCORE.dll
0x00007ffc316c0000 - 0x00007ffc3171b000 	C:\WINDOWS\System32\shlwapi.dll
0x00007ffc2f950000 - 0x00007ffc2f974000 	C:\WINDOWS\SYSTEM32\profapi.dll
0x00007ffc0e540000 - 0x00007ffc0e558000 	c:\Users\ELCOT\.vscode\extensions\redhat.java-1.50.0-win32-x64\jre\21.0.9-win32-x86_64\bin\zip.dll
0x00007ffc18de0000 - 0x00007ffc18df0000 	C:\Users\ELCOT\.vscode\extensions\redhat.java-1.50.0-win32-x64\jre\21.0.9-win32-x86_64\bin\net.dll
0x00007ffc24090000 - 0x00007ffc2419a000 	C:\WINDOWS\SYSTEM32\WINHTTP.dll
0x00007ffc2f140000 - 0x00007ffc2f1aa000 	C:\WINDOWS\system32\mswsock.dll
0x00007ffc0e520000 - 0x00007ffc0e536000 	C:\Users\ELCOT\.vscode\extensions\redhat.java-1.50.0-win32-x64\jre\21.0.9-win32-x86_64\bin\nio.dll
0x00007ffc29d30000 - 0x00007ffc29d40000 	c:\Users\ELCOT\.vscode\extensions\redhat.java-1.50.0-win32-x64\jre\21.0.9-win32-x86_64\bin\verify.dll
0x00007ffc203d0000 - 0x00007ffc20414000 	C:\Users\ELCOT\AppData\Roaming\Code\User\globalStorage\redhat.java\1.50.0\config_win\org.eclipse.equinox.launcher\org.eclipse.equinox.launcher.win32.win32.x86_64_1.2.1400.v20250801-0854\eclipse_11916.dll
0x00007ffc31780000 - 0x00007ffc318ab000 	C:\WINDOWS\System32\ole32.dll
0x00007ffc2f330000 - 0x00007ffc2f348000 	C:\WINDOWS\SYSTEM32\CRYPTSP.dll
0x00007ffc2e9f0000 - 0x00007ffc2ea28000 	C:\WINDOWS\system32\rsaenh.dll
0x00007ffc2f8d0000 - 0x00007ffc2f8fe000 	C:\WINDOWS\SYSTEM32\USERENV.dll
0x00007ffc2f350000 - 0x00007ffc2f35c000 	C:\WINDOWS\SYSTEM32\CRYPTBASE.dll
0x00007ffc2ee20000 - 0x00007ffc2ee5b000 	C:\WINDOWS\SYSTEM32\IPHLPAPI.DLL
0x00007ffc31e50000 - 0x00007ffc31e58000 	C:\WINDOWS\System32\NSI.dll
0x00007ffc1e940000 - 0x00007ffc1e989000 	C:\Users\ELCOT\AppData\Local\Temp\jna-66053985\jna8478775096106332596.dll
0x00007ffc304b0000 - 0x00007ffc304b8000 	C:\WINDOWS\System32\PSAPI.DLL
0x00007ffc24890000 - 0x00007ffc248a7000 	C:\WINDOWS\SYSTEM32\dhcpcsvc6.DLL
0x00007ffc24ca0000 - 0x00007ffc24cbd000 	C:\WINDOWS\SYSTEM32\dhcpcsvc.DLL
0x00007ffc2ecb0000 - 0x00007ffc2ece3000 	C:\WINDOWS\SYSTEM32\ntmarta.dll

JVMTI agents:
c:\Users\ELCOT\.vscode\extensions\redhat.java-1.50.0-win32-x64\lombok\lombok-1.18.39-4050.jar path:c:\Users\ELCOT\.vscode\extensions\redhat.java-1.50.0-win32-x64\jre\21.0.9-win32-x86_64\bin\instrument.dll, loaded, initialized, instrumentlib options:none

dbghelp: loaded successfully - version: 4.0.5 - missing functions: none
symbol engine: initialized successfully - sym options: 0x614 - pdb path: .;c:\Users\ELCOT\.vscode\extensions\redhat.java-1.50.0-win32-x64\jre\21.0.9-win32-x86_64\bin;C:\WINDOWS\SYSTEM32;C:\WINDOWS\WinSxS\amd64_microsoft.windows.common-controls_6595b64144ccf1df_6.0.19041.6456_none_60b8a6cb71f64256;c:\Users\ELCOT\.vscode\extensions\redhat.java-1.50.0-win32-x64\jre\21.0.9-win32-x86_64\bin\server;C:\Users\ELCOT\AppData\Roaming\Code\User\globalStorage\redhat.java\1.50.0\config_win\org.eclipse.equinox.launcher\org.eclipse.equinox.launcher.win32.win32.x86_64_1.2.1400.v20250801-0854;C:\Users\ELCOT\AppData\Local\Temp\jna-66053985

VM Arguments:
jvm_args: --add-modules=ALL-SYSTEM --add-opens=java.base/java.util=ALL-UNNAMED --add-opens=java.base/java.lang=ALL-UNNAMED --add-opens=java.base/sun.nio.fs=ALL-UNNAMED -Declipse.application=org.eclipse.jdt.ls.core.id1 -Dosgi.bundles.defaultStartLevel=4 -Declipse.product=org.eclipse.jdt.ls.core.product -Djava.import.generatesMetadataFilesAtProjectRoot=false -DDetectVMInstallationsJob.disabled=true -Dfile.encoding=utf8 -XX:+UseParallelGC -XX:GCTimeRatio=4 -XX:AdaptiveSizePolicyWeight=90 -Dsun.zip.disableMemoryMapping=true -Xmx2G -Xms100m -Xlog:disable -javaagent:c:\Users\ELCOT\.vscode\extensions\redhat.java-1.50.0-win32-x64\lombok\lombok-1.18.39-4050.jar -XX:+HeapDumpOnOutOfMemoryError -XX:HeapDumpPath=c:\Users\ELCOT\AppData\Roaming\Code\User\workspaceStorage\e0b1f30d0263883c7d01ffebb801b000\redhat.java -Daether.dependencyCollector.impl=bf 
java_command: c:\Users\ELCOT\.vscode\extensions\redhat.java-1.50.0-win32-x64\server\plugins\org.eclipse.equinox.launcher_1.7.100.v20251111-0406.jar -configuration c:\Users\ELCOT\AppData\Roaming\Code\User\globalStorage\redhat.java\1.50.0\config_win -data c:\Users\ELCOT\AppData\Roaming\Code\User\workspaceStorage\e0b1f30d0263883c7d01ffebb801b000\redhat.java\jdt_ws --pipe=\\.\pipe\lsp-4a04885525ed28ab9e40f81f83a61c97-sock
java_class_path (initial): c:\Users\ELCOT\.vscode\extensions\redhat.java-1.50.0-win32-x64\server\plugins\org.eclipse.equinox.launcher_1.7.100.v20251111-0406.jar
Launcher Type: SUN_STANDARD

[Global flags]
    uintx AdaptiveSizePolicyWeight                 = 90                                        {product} {command line}
     intx CICompilerCount                          = 2                                         {product} {ergonomic}
    uintx GCTimeRatio                              = 4                                         {product} {command line}
     bool HeapDumpOnOutOfMemoryError               = true                                   {manageable} {command line}
    ccstr HeapDumpPath                             = c:\Users\ELCOT\AppData\Roaming\Code\User\workspaceStorage\e0b1f30d0263883c7d01ffebb801b000\redhat.java         {manageable} {command line}
   size_t InitialHeapSize                          = 104857600                                 {product} {command line}
   size_t MaxHeapSize                              = 2147483648                                {product} {command line}
   size_t MaxNewSize                               = 715653120                                 {product} {ergonomic}
   size_t MinHeapDeltaBytes                        = 524288                                    {product} {ergonomic}
   size_t MinHeapSize                              = 104857600                                 {product} {command line}
   size_t NewSize                                  = 34603008                                  {product} {ergonomic}
    uintx NonNMethodCodeHeapSize                   = 5826188                                {pd product} {ergonomic}
    uintx NonProfiledCodeHeapSize                  = 122916026                              {pd product} {ergonomic}
   size_t OldSize                                  = 70254592                                  {product} {ergonomic}
    uintx ProfiledCodeHeapSize                     = 122916026                              {pd product} {ergonomic}
    uintx ReservedCodeCacheSize                    = 251658240                              {pd product} {ergonomic}
     bool SegmentedCodeCache                       = true                                      {product} {ergonomic}
   size_t SoftMaxHeapSize                          = 2147483648                             {manageable} {ergonomic}
     bool UseCompressedOops                        = true                           {product lp64_product} {ergonomic}
     bool UseLargePagesIndividualAllocation        = false                                  {pd product} {ergonomic}
     bool UseParallelGC                            = true                                      {product} {command line}

Logging:
Log output configuration:
 #0: stdout all=off uptime,level,tags foldmultilines=false
 #1: stderr all=off uptime,level,tags foldmultilines=false

Release file:
JAVA_VERSION="21.0.9" 
MODULES="java.base java.compiler java.datatransfer java.xml java.prefs java.desktop java.instrument java.logging java.management java.security.sasl java.naming java.rmi java.management.rmi java.net.http java.scripting java.security.jgss java.transaction.xa java.sql java.sql.rowset java.xml.crypto java.se java.smartcardio jdk.accessibility jdk.internal.jvmstat jdk.attach jdk.charsets jdk.internal.opt jdk.zipfs jdk.compiler jdk.crypto.ec jdk.crypto.cryptoki jdk.crypto.mscapi jdk.dynalink jdk.internal.ed jdk.editpad jdk.hotspot.agent jdk.httpserver jdk.internal.le jdk.internal.vm.ci jdk.internal.vm.compiler jdk.internal.vm.compiler.management jdk.jartool jdk.javadoc jdk.jcmd jdk.management jdk.management.agent jdk.jconsole jdk.jdeps jdk.jdwp.agent jdk.jdi jdk.jfr jdk.jshell jdk.jsobject jdk.jstatd jdk.localedata jdk.management.jfr jdk.naming.dns jdk.naming.rmi jdk.net jdk.nio.mapmode jdk.random jdk.sctp jdk.security.auth jdk.security.jgss jdk.unsupported jdk.unsupported.desktop jdk.xml.dom" 

Environment Variables:
PATH=C:\Program Files\Common Files\Oracle\Java\javapath;C:\WINDOWS\system32;C:\WINDOWS;C:\WINDOWS\System32\Wbem;C:\WINDOWS\System32\WindowsPowerShell\v1.0\;C:\WINDOWS\System32\OpenSSH\;C:\Program Files\Java\jdk-17\bin;C:\Program Files\nodejs\;C:\Program Files (x86)\apache-maven-3.9.11-bin\apache-maven-3.9.11\bin;C:\xampp;C:\Program Files\MySQL\MySQL Shell 8.0\bin\;C:\Program Files (x86)\Microsoft Visual Studio\Common\Tools\WinNT;C:\Program Files (x86)\Microsoft Visual Studio\Common\MSDev98\Bin;C:\Program Files (x86)\Microsoft Visual Studio\Common\Tools;C:\Program Files (x86)\Microsoft Visual Studio\VC98\bin;C:\Users\ELCOT\AppData\Local\Microsoft\WindowsApps;;C:\Program Files\JetBrains\PyCharm Community Edition 2023.1.2\bin;;C:\Users\ELCOT\AppData\Local\Programs\Microsoft VS Code\bin;C:\Users\ELCOT\AppData\Roaming\npm
USERNAME=ELCOT
OS=Windows_NT
PROCESSOR_IDENTIFIER=AMD64 Family 21 Model 112 Stepping 0, AuthenticAMD
TMP=C:\Users\ELCOT\AppData\Local\Temp
TEMP=C:\Users\ELCOT\AppData\Local\Temp




Periodic native trim disabled

---------------  S Y S T E M  ---------------

OS:
 Windows 10 , 64 bit Build 19041 (10.0.19041.5915)
OS uptime: 0 days 2:58 hours

CPU: total 2 (initial active 2) (2 cores per cpu, 1 threads per core) family 21 model 112 stepping 0 microcode 0x0, cx8, cmov, fxsr, mmx, 3dnowpref, sse, sse2, sse3, ssse3, sse4a, sse4.1, sse4.2, popcnt, lzcnt, tsc, tscinvbit, avx, avx2, aes, clmul, bmi1, bmi2, fma, vzeroupper, clflush, rdtscp, f16c
Processor Information for the first 2 processors :
  Max Mhz: 2500, Current Mhz: 2500, Mhz Limit: 2500

Memory: 4k page, system-wide physical 3935M (374M free)
TotalPageFile size 8031M (AvailPageFile size 3M)
current process WorkingSet (physical memory assigned to process): 270M, peak: 407M
current process commit charge ("private bytes"): 601M, peak: 603M

vm_info: OpenJDK 64-Bit Server VM (21.0.9+10-LTS) for windows-amd64 JRE (21.0.9+10-LTS), built on 2025-10-21T00:00:00Z by "admin" with unknown MS VC++:1942

END.
