#
# There is insufficient memory for the Java Runtime Environment to continue.
# Native memory allocation (malloc) failed to allocate 1357328 bytes. Error detail: Chunk::new
# Possible reasons:
#   The system is out of physical RAM or swap space
#   This process is running with CompressedOops enabled, and the Java Heap may be blocking the growth of the native heap
# Possible solutions:
#   Reduce memory load on the system
#   Increase physical memory or swap space
#   Check if swap backing store is full
#   Decrease Java heap size (-Xmx/-Xms)
#   Decrease number of Java threads
#   Decrease Java thread stack sizes (-Xss)
#   Set larger code cache with -XX:ReservedCodeCacheSize=
#   JVM is running with Unscaled Compressed Oops mode in which the Java heap is
#     placed in the first 4GB address space. The Java Heap base address is the
#     maximum limit for the native heap growth. Please use -XX:HeapBaseMinAddress
#     to set the Java Heap base and to place the Java Heap above 4GB virtual address.
# This output file may be truncated or incomplete.
#
#  Out of Memory Error (arena.cpp:168), pid=10476, tid=2116
#
# JRE version: OpenJDK Runtime Environment Temurin-21.0.9+10 (21.0.9+10) (build 21.0.9+10-LTS)
# Java VM: OpenJDK 64-Bit Server VM Temurin-21.0.9+10 (21.0.9+10-LTS, mixed mode, sharing, tiered, compressed oops, compressed class ptrs, parallel gc, windows-amd64)
# No core dump will be written. Minidumps are not enabled by default on client versions of Windows
#

---------------  S U M M A R Y ------------

Command Line: --add-modules=ALL-SYSTEM --add-opens=java.base/java.util=ALL-UNNAMED --add-opens=java.base/java.lang=ALL-UNNAMED --add-opens=java.base/sun.nio.fs=ALL-UNNAMED -Declipse.application=org.eclipse.jdt.ls.core.id1 -Dosgi.bundles.defaultStartLevel=4 -Declipse.product=org.eclipse.jdt.ls.core.product -Djava.import.generatesMetadataFilesAtProjectRoot=false -DDetectVMInstallationsJob.disabled=true -Dfile.encoding=utf8 -XX:+UseParallelGC -XX:GCTimeRatio=4 -XX:AdaptiveSizePolicyWeight=90 -Dsun.zip.disableMemoryMapping=true -Xmx2G -Xms100m -Xlog:disable -javaagent:c:\Users\ELCOT\.vscode\extensions\redhat.java-1.50.0-win32-x64\lombok\lombok-1.18.39-4050.jar -XX:+HeapDumpOnOutOfMemoryError -XX:HeapDumpPath=c:\Users\ELCOT\AppData\Roaming\Code\User\workspaceStorage\6df584924f20b77b5dcabba4760ab21c\redhat.java -Daether.dependencyCollector.impl=bf c:\Users\ELCOT\.vscode\extensions\redhat.java-1.50.0-win32-x64\server\plugins\org.eclipse.equinox.launcher_1.7.100.v20251111-0406.jar -configuration c:\Users\ELCOT\AppData\Roaming\Code\User\globalStorage\redhat.java\1.50.0\config_win -data c:\Users\ELCOT\AppData\Roaming\Code\User\workspaceStorage\6df584924f20b77b5dcabba4760ab21c\redhat.java\jdt_ws --pipe=\\.\pipe\lsp-e9ad0e875f8de459e55fc450a27c8a4a-sock

Host: AMD PRO A4-4350B R4, 5 COMPUTE CORES 2C+3G     , 2 cores, 3G,  Windows 10 , 64 bit Build 19041 (10.0.19041.5915)
Time: Sun Nov 30 09:57:44 2025 Yukon Standard Time elapsed time: 6256.890806 seconds (0d 1h 44m 16s)

---------------  T H R E A D  ---------------

Current thread (0x000002ce475f6040):  JavaThread "C2 CompilerThread0" daemon [_thread_in_native, id=2116, stack(0x000000d8bb100000,0x000000d8bb200000) (1024K)]


Current CompileTask:
C2:6256891 17691       4       org.codehaus.plexus.util.xml.Xpp3Dom::mergeIntoXpp3Dom (518 bytes)

Stack: [0x000000d8bb100000,0x000000d8bb200000]
Native frames: (J=compiled Java code, j=interpreted, Vv=VM code, C=native code)
V  [jvm.dll+0x6d6e29]
V  [jvm.dll+0x8b4b76]
V  [jvm.dll+0x8b712e]
V  [jvm.dll+0x8b7813]
V  [jvm.dll+0x283d86]
V  [jvm.dll+0xc66ed]
V  [jvm.dll+0xc6c31]
V  [jvm.dll+0x3be53b]
V  [jvm.dll+0x38ab92]
V  [jvm.dll+0x389fda]
V  [jvm.dll+0x24bfa0]
V  [jvm.dll+0x24b580]
V  [jvm.dll+0x1cb13e]
V  [jvm.dll+0x25b29d]
V  [jvm.dll+0x25982a]
V  [jvm.dll+0x3f7ea6]
V  [jvm.dll+0x85e9ad]
V  [jvm.dll+0x6d565d]
C  [ucrtbase.dll+0x21bb2]
C  [KERNEL32.DLL+0x17374]
C  [ntdll.dll+0x4cc91]


---------------  P R O C E S S  ---------------

Threads class SMR info:
_java_thread_list=0x000002ce98f825a0, length=39, elements={
0x000002ce30c43740, 0x000002ce475ecd70, 0x000002ce475ee3b0, 0x000002ce475f1010,
0x000002ce475f1c60, 0x000002ce475f47c0, 0x000002ce475f5210, 0x000002ce475f6040,
0x000002ce47668c80, 0x000002ce8d110e20, 0x000002ce8d154ef0, 0x000002ce476499d0,
0x000002ce4765c7c0, 0x000002ce8d1f6ec0, 0x000002ce8d7818b0, 0x000002ce8d8af710,
0x000002ce8d30d1c0, 0x000002ce8d076a00, 0x000002ce8d077db0, 0x000002ce8d078ad0,
0x000002ce8d076370, 0x000002ce8ed97980, 0x000002ce8ed94b90, 0x000002ce8ed93150,
0x000002ce8ed91da0, 0x000002ce8ed95220, 0x000002ce8ed92430, 0x000002ce8ed94500,
0x000002ce8d075ce0, 0x000002ce98877aa0, 0x000002ce9887c960, 0x000002ce9887d680,
0x000002ce98876d80, 0x000002ce9887af20, 0x000002ce98878130, 0x000002ce988787c0,
0x000002ce98878e50, 0x000002ce988794e0, 0x000002ce98879b70
}

Java Threads: ( => current thread )
  0x000002ce30c43740 JavaThread "main"                              [_thread_blocked, id=11156, stack(0x000000d8ba700000,0x000000d8ba800000) (1024K)]
  0x000002ce475ecd70 JavaThread "Reference Handler"          daemon [_thread_blocked, id=1952, stack(0x000000d8bab00000,0x000000d8bac00000) (1024K)]
  0x000002ce475ee3b0 JavaThread "Finalizer"                  daemon [_thread_blocked, id=5144, stack(0x000000d8bac00000,0x000000d8bad00000) (1024K)]
  0x000002ce475f1010 JavaThread "Signal Dispatcher"          daemon [_thread_blocked, id=9608, stack(0x000000d8bad00000,0x000000d8bae00000) (1024K)]
  0x000002ce475f1c60 JavaThread "Attach Listener"            daemon [_thread_blocked, id=8744, stack(0x000000d8bae00000,0x000000d8baf00000) (1024K)]
  0x000002ce475f47c0 JavaThread "Service Thread"             daemon [_thread_blocked, id=9092, stack(0x000000d8baf00000,0x000000d8bb000000) (1024K)]
  0x000002ce475f5210 JavaThread "Monitor Deflation Thread"   daemon [_thread_blocked, id=6836, stack(0x000000d8bb000000,0x000000d8bb100000) (1024K)]
=>0x000002ce475f6040 JavaThread "C2 CompilerThread0"         daemon [_thread_in_native, id=2116, stack(0x000000d8bb100000,0x000000d8bb200000) (1024K)]
  0x000002ce47668c80 JavaThread "C1 CompilerThread0"         daemon [_thread_blocked, id=7156, stack(0x000000d8bb200000,0x000000d8bb300000) (1024K)]
  0x000002ce8d110e20 JavaThread "Common-Cleaner"             daemon [_thread_blocked, id=8012, stack(0x000000d8bb300000,0x000000d8bb400000) (1024K)]
  0x000002ce8d154ef0 JavaThread "Notification Thread"        daemon [_thread_blocked, id=9320, stack(0x000000d8bb400000,0x000000d8bb500000) (1024K)]
  0x000002ce476499d0 JavaThread "Active Thread: Equinox Container: 87f3dc1b-b277-4a5c-89ac-ced7442ac20b"        [_thread_blocked, id=9572, stack(0x000000d8bb600000,0x000000d8bb700000) (1024K)]
  0x000002ce4765c7c0 JavaThread "Refresh Thread: Equinox Container: 87f3dc1b-b277-4a5c-89ac-ced7442ac20b" daemon [_thread_blocked, id=3484, stack(0x000000d8bb700000,0x000000d8bb800000) (1024K)]
  0x000002ce8d1f6ec0 JavaThread "Framework Event Dispatcher: Equinox Container: 87f3dc1b-b277-4a5c-89ac-ced7442ac20b" daemon [_thread_blocked, id=1064, stack(0x000000d8bb800000,0x000000d8bb900000) (1024K)]
  0x000002ce8d7818b0 JavaThread "Start Level: Equinox Container: 87f3dc1b-b277-4a5c-89ac-ced7442ac20b" daemon [_thread_blocked, id=9008, stack(0x000000d8bb900000,0x000000d8bba00000) (1024K)]
  0x000002ce8d8af710 JavaThread "Bundle File Closer"         daemon [_thread_blocked, id=1940, stack(0x000000d8ba500000,0x000000d8ba600000) (1024K)]
  0x000002ce8d30d1c0 JavaThread "SCR Component Actor"        daemon [_thread_blocked, id=1020, stack(0x000000d8ba600000,0x000000d8ba700000) (1024K)]
  0x000002ce8d076a00 JavaThread "Worker-JM"                         [_thread_blocked, id=10872, stack(0x000000d8bba00000,0x000000d8bbb00000) (1024K)]
  0x000002ce8d077db0 JavaThread "Worker-2"                          [_thread_blocked, id=9152, stack(0x000000d8bbe00000,0x000000d8bbf00000) (1024K)]
  0x000002ce8d078ad0 JavaThread "Java indexing"              daemon [_thread_in_native, id=1892, stack(0x000000d8bc000000,0x000000d8bc100000) (1024K)]
  0x000002ce8d076370 JavaThread "JNA Cleaner"                daemon [_thread_blocked, id=11500, stack(0x000000d8bc200000,0x000000d8bc300000) (1024K)]
  0x000002ce8ed97980 JavaThread "Thread-1"                   daemon [_thread_in_native, id=4776, stack(0x000000d8bc700000,0x000000d8bc800000) (1024K)]
  0x000002ce8ed94b90 JavaThread "Thread-2"                   daemon [_thread_in_native, id=2160, stack(0x000000d8bc800000,0x000000d8bc900000) (1024K)]
  0x000002ce8ed93150 JavaThread "Thread-3"                   daemon [_thread_in_native, id=220, stack(0x000000d8bc900000,0x000000d8bca00000) (1024K)]
  0x000002ce8ed91da0 JavaThread "pool-2-thread-1"                   [_thread_blocked, id=10048, stack(0x000000d8bca00000,0x000000d8bcb00000) (1024K)]
  0x000002ce8ed95220 JavaThread "WorkspaceEventsHandler"            [_thread_blocked, id=12204, stack(0x000000d8bcb00000,0x000000d8bcc00000) (1024K)]
  0x000002ce8ed92430 JavaThread "pool-1-thread-1"                   [_thread_blocked, id=4708, stack(0x000000d8bcc00000,0x000000d8bcd00000) (1024K)]
  0x000002ce8ed94500 JavaThread "Cleaner-0"                  daemon [_thread_blocked, id=828, stack(0x000000d8bbc00000,0x000000d8bbd00000) (1024K)]
  0x000002ce8d075ce0 JavaThread "Worker-12: Java indexing... "        [_thread_blocked, id=228, stack(0x000000d8bc600000,0x000000d8bc700000) (1024K)]
  0x000002ce98877aa0 JavaThread "Worker-15: Processing JDT Change Events"        [_thread_blocked, id=11396, stack(0x000000d8bbd00000,0x000000d8bbe00000) (1024K)]
  0x000002ce9887c960 JavaThread "LocalFile Deleter"          daemon [_thread_blocked, id=11968, stack(0x000000d8bbf00000,0x000000d8bc000000) (1024K)]
  0x000002ce9887d680 JavaThread "Compiler Class File Writer" daemon [_thread_blocked, id=5824, stack(0x000000d8bc500000,0x000000d8bc600000) (1024K)]
  0x000002ce98876d80 JavaThread "Worker-17: Send Classpath Notifications"        [_thread_blocked, id=3416, stack(0x000000d8bbb00000,0x000000d8bbc00000) (1024K)]
  0x000002ce9887af20 JavaThread "Worker-18: Send Classpath Notifications"        [_thread_blocked, id=11472, stack(0x000000d8bc100000,0x000000d8bc200000) (1024K)]
  0x000002ce98878130 JavaThread "Worker-19"                         [_thread_blocked, id=12280, stack(0x000000d8bc300000,0x000000d8bc400000) (1024K)]
  0x000002ce988787c0 JavaThread "Worker-20"                         [_thread_blocked, id=10312, stack(0x000000d8bc400000,0x000000d8bc500000) (1024K)]
  0x000002ce98878e50 JavaThread "LocalFile Deleter"          daemon [_thread_blocked, id=9276, stack(0x000000d8bcd00000,0x000000d8bce00000) (1024K)]
  0x000002ce988794e0 JavaThread "Worker-21"                         [_thread_blocked, id=10104, stack(0x000000d8bce00000,0x000000d8bcf00000) (1024K)]
  0x000002ce98879b70 JavaThread "Compiler Processing Task"   daemon [_thread_blocked, id=12164, stack(0x000000d8bcf00000,0x000000d8bd000000) (1024K)]
Total: 39

Other Threads:
  0x000002ce2e9af070 VMThread "VM Thread"                           [id=7472, stack(0x000000d8baa00000,0x000000d8bab00000) (1024K)]
  0x000002ce475dcb50 WatcherThread "VM Periodic Task Thread"        [id=10344, stack(0x000000d8ba900000,0x000000d8baa00000) (1024K)]
  0x000002ce2e9ae930 WorkerThread "GC Thread#0"                     [id=11924, stack(0x000000d8ba800000,0x000000d8ba900000) (1024K)]
  0x000002ce2e9af410 WorkerThread "GC Thread#1"                     [id=11792, stack(0x000000d8bb500000,0x000000d8bb600000) (1024K)]
Total: 4

Threads with active compile tasks:
C2 CompilerThread0  6261995 17691       4       org.codehaus.plexus.util.xml.Xpp3Dom::mergeIntoXpp3Dom (518 bytes)
Total: 1

VM state: not at safepoint (normal execution)

VM Mutex/Monitor currently owned by a thread: None

Heap address: 0x0000000080000000, size: 2048 MB, Compressed Oops mode: 32-bit

CDS archive(s) mapped at: [0x000002ce48000000-0x000002ce48ba0000-0x000002ce48ba0000), size 12189696, SharedBaseAddress: 0x000002ce48000000, ArchiveRelocationMode: 1.
Compressed class space mapped at: 0x000002ce49000000-0x000002ce89000000, reserved size: 1073741824
Narrow klass base: 0x000002ce48000000, Narrow klass shift: 0, Narrow klass range: 0x100000000

GC Precious Log:
 CardTable entry size: 512
 CPUs: 2 total, 2 available
 Memory: 3935M
 Large Page Support: Disabled
 NUMA Support: Disabled
 Compressed Oops: Enabled (32-bit)
 Alignments: Space 512K, Generation 512K, Heap 2M
 Heap Min Capacity: 100M
 Heap Initial Capacity: 100M
 Heap Max Capacity: 2G
 Pre-touch: Disabled
 Parallel Workers: 2

Heap:
 PSYoungGen      total 81408K, used 38240K [0x00000000d5580000, 0x00000000db880000, 0x0000000100000000)
  eden space 73728K, 41% used [0x00000000d5580000,0x00000000d735f908,0x00000000d9d80000)
  from space 7680K, 99% used [0x00000000da900000,0x00000000db0789b8,0x00000000db080000)
  to   space 11776K, 0% used [0x00000000d9d80000,0x00000000d9d80000,0x00000000da900000)
 ParOldGen       total 1153536K, used 237639K [0x0000000080000000, 0x00000000c6680000, 0x00000000d5580000)
  object space 1153536K, 20% used [0x0000000080000000,0x000000008e811f80,0x00000000c6680000)
 Metaspace       used 81545K, committed 83072K, reserved 1179648K
  class space    used 8373K, committed 9088K, reserved 1048576K

Card table byte_map: [0x000002ce30610000,0x000002ce30a20000] _byte_map_base: 0x000002ce30210000

Marking Bits: (ParMarkBitMap*) 0x00007ffe772d2460
 Begin Bits: [0x000002ce43100000, 0x000002ce45100000)
 End Bits:   [0x000002ce45100000, 0x000002ce47100000)

Polling page: 0x000002ce2e990000

Metaspace:

Usage:
  Non-class:     71.46 MB used.
      Class:      8.18 MB used.
       Both:     79.63 MB used.

Virtual space:
  Non-class space:      128.00 MB reserved,      72.25 MB ( 56%) committed,  2 nodes.
      Class space:        1.00 GB reserved,       8.88 MB ( <1%) committed,  1 nodes.
             Both:        1.12 GB reserved,      81.12 MB (  7%) committed. 

Chunk freelists:
   Non-Class:  7.38 MB
       Class:  7.12 MB
        Both:  14.50 MB

MaxMetaspaceSize: unlimited
CompressedClassSpaceSize: 1.00 GB
Initial GC threshold: 21.00 MB
Current GC threshold: 133.25 MB
CDS: on
 - commit_granule_bytes: 65536.
 - commit_granule_words: 8192.
 - virtual_space_node_default_size: 8388608.
 - enlarge_chunks_in_place: 1.
 - use_allocation_guard: 0.


Internal statistics:

num_allocs_failed_limit: 9.
num_arena_births: 1612.
num_arena_deaths: 412.
num_vsnodes_births: 3.
num_vsnodes_deaths: 0.
num_space_committed: 1298.
num_space_uncommitted: 0.
num_chunks_returned_to_freelist: 500.
num_chunks_taken_from_freelist: 5464.
num_chunk_merges: 158.
num_chunk_splits: 3207.
num_chunks_enlarged: 1869.
num_inconsistent_stats: 0.

CodeHeap 'non-profiled nmethods': size=120064Kb used=15687Kb max_used=15687Kb free=104376Kb
 bounds [0x000002ce3b910000, 0x000002ce3c870000, 0x000002ce42e50000]
CodeHeap 'profiled nmethods': size=120000Kb used=40007Kb max_used=40007Kb free=79992Kb
 bounds [0x000002ce33e50000, 0x000002ce36570000, 0x000002ce3b380000]
CodeHeap 'non-nmethods': size=5696Kb used=1509Kb max_used=1569Kb free=4186Kb
 bounds [0x000002ce3b380000, 0x000002ce3b5f0000, 0x000002ce3b910000]
CodeCache: size=245760Kb, used=57203Kb, max_used=57263Kb, free=188554Kb
 total_blobs=16708, nmethods=15870, adapters=741, full_count=0
Compilation: enabled, stopped_count=0, restarted_count=0

Compilation events (20 events):
Event: 6256.247 Thread 0x000002ce47668c80 nmethod 17689 0x000002ce36556210 code [0x000002ce365563c0, 0x000002ce36556518]
Event: 6256.247 Thread 0x000002ce475f6040 17690       4       org.eclipse.core.internal.events.ResourceDelta::accept (162 bytes)
Event: 6256.276 Thread 0x000002ce47668c80 17692       1       org.apache.maven.project.MavenProject::getDependencyArtifacts (5 bytes)
Event: 6256.277 Thread 0x000002ce47668c80 nmethod 17692 0x000002ce3c85ec10 code [0x000002ce3c85eda0, 0x000002ce3c85ee68]
Event: 6256.277 Thread 0x000002ce47668c80 17693       3       org.apache.maven.RepositoryUtils::repositoriesEquals (68 bytes)
Event: 6256.278 Thread 0x000002ce47668c80 nmethod 17693 0x000002ce36556610 code [0x000002ce36556880, 0x000002ce36557290]
Event: 6256.280 Thread 0x000002ce47668c80 17694       3       com.google.inject.internal.ProviderInternalFactory::provision (37 bytes)
Event: 6256.281 Thread 0x000002ce47668c80 nmethod 17694 0x000002ce36557510 code [0x000002ce365576e0, 0x000002ce365579d0]
Event: 6256.283 Thread 0x000002ce47668c80 17695       3       sun.reflect.generics.repository.ConstructorRepository::computeParameterTypes (62 bytes)
Event: 6256.285 Thread 0x000002ce47668c80 nmethod 17695 0x000002ce36557b90 code [0x000002ce36557da0, 0x000002ce36558720]
Event: 6256.292 Thread 0x000002ce475f6040 nmethod 17690 0x000002ce3c85ef10 code [0x000002ce3c85f140, 0x000002ce3c85f878]
Event: 6256.292 Thread 0x000002ce475f6040 17691       4       org.codehaus.plexus.util.xml.Xpp3Dom::mergeIntoXpp3Dom (518 bytes)
Event: 6256.574 Thread 0x000002ce47668c80 17696       3       java.io.File::setReadable (7 bytes)
Event: 6256.575 Thread 0x000002ce47668c80 nmethod 17696 0x000002ce36558a90 code [0x000002ce36558c40, 0x000002ce36558d88]
Event: 6256.575 Thread 0x000002ce47668c80 17697       3       java.io.File::setReadable (36 bytes)
Event: 6256.575 Thread 0x000002ce47668c80 nmethod 17697 0x000002ce36558e10 code [0x000002ce36558fe0, 0x000002ce365592c8]
Event: 6256.576 Thread 0x000002ce47668c80 17698       3       java.io.File::setWritable (7 bytes)
Event: 6256.576 Thread 0x000002ce47668c80 nmethod 17698 0x000002ce36559410 code [0x000002ce365595c0, 0x000002ce36559708]
Event: 6256.576 Thread 0x000002ce47668c80 17699       3       java.io.File::setWritable (36 bytes)
Event: 6256.577 Thread 0x000002ce47668c80 nmethod 17699 0x000002ce36559790 code [0x000002ce36559960, 0x000002ce36559c48]

GC Heap History (20 events):
Event: 6238.816 GC heap before
{Heap before GC invocations=1327 (full 4):
 PSYoungGen      total 35840K, used 35808K [0x00000000d5580000, 0x00000000d8400000, 0x0000000100000000)
  eden space 33280K, 100% used [0x00000000d5580000,0x00000000d7600000,0x00000000d7600000)
  from space 2560K, 98% used [0x00000000d7b80000,0x00000000d7df83c0,0x00000000d7e00000)
  to   space 5632K, 0% used [0x00000000d7600000,0x00000000d7600000,0x00000000d7b80000)
 ParOldGen       total 1153536K, used 216334K [0x0000000080000000, 0x00000000c6680000, 0x00000000d5580000)
  object space 1153536K, 18% used [0x0000000080000000,0x000000008d3438b8,0x00000000c6680000)
 Metaspace       used 81233K, committed 82752K, reserved 1179648K
  class space    used 8369K, committed 9088K, reserved 1048576K
}
Event: 6239.281 GC heap after
{Heap after GC invocations=1327 (full 4):
 PSYoungGen      total 38912K, used 5098K [0x00000000d5580000, 0x00000000d8780000, 0x0000000100000000)
  eden space 33280K, 0% used [0x00000000d5580000,0x00000000d5580000,0x00000000d7600000)
  from space 5632K, 90% used [0x00000000d7600000,0x00000000d7afaa08,0x00000000d7b80000)
  to   space 5632K, 0% used [0x00000000d8200000,0x00000000d8200000,0x00000000d8780000)
 ParOldGen       total 1153536K, used 218590K [0x0000000080000000, 0x00000000c6680000, 0x00000000d5580000)
  object space 1153536K, 18% used [0x0000000080000000,0x000000008d5778b8,0x00000000c6680000)
 Metaspace       used 81233K, committed 82752K, reserved 1179648K
  class space    used 8369K, committed 9088K, reserved 1048576K
}
Event: 6241.731 GC heap before
{Heap before GC invocations=1328 (full 4):
 PSYoungGen      total 38912K, used 38378K [0x00000000d5580000, 0x00000000d8780000, 0x0000000100000000)
  eden space 33280K, 100% used [0x00000000d5580000,0x00000000d7600000,0x00000000d7600000)
  from space 5632K, 90% used [0x00000000d7600000,0x00000000d7afaa08,0x00000000d7b80000)
  to   space 5632K, 0% used [0x00000000d8200000,0x00000000d8200000,0x00000000d8780000)
 ParOldGen       total 1153536K, used 218590K [0x0000000080000000, 0x00000000c6680000, 0x00000000d5580000)
  object space 1153536K, 18% used [0x0000000080000000,0x000000008d5778b8,0x00000000c6680000)
 Metaspace       used 81250K, committed 82816K, reserved 1179648K
  class space    used 8369K, committed 9088K, reserved 1048576K
}
Event: 6242.216 GC heap after
{Heap after GC invocations=1328 (full 4):
 PSYoungGen      total 41984K, used 1937K [0x00000000d5580000, 0x00000000d8400000, 0x0000000100000000)
  eden space 39936K, 0% used [0x00000000d5580000,0x00000000d5580000,0x00000000d7c80000)
  from space 2048K, 94% used [0x00000000d8200000,0x00000000d83e46e8,0x00000000d8400000)
  to   space 3584K, 0% used [0x00000000d7d00000,0x00000000d7d00000,0x00000000d8080000)
 ParOldGen       total 1153536K, used 221713K [0x0000000080000000, 0x00000000c6680000, 0x00000000d5580000)
  object space 1153536K, 19% used [0x0000000080000000,0x000000008d8844d0,0x00000000c6680000)
 Metaspace       used 81250K, committed 82816K, reserved 1179648K
  class space    used 8369K, committed 9088K, reserved 1048576K
}
Event: 6243.719 GC heap before
{Heap before GC invocations=1329 (full 4):
 PSYoungGen      total 41984K, used 41516K [0x00000000d5580000, 0x00000000d8400000, 0x0000000100000000)
  eden space 39936K, 99% used [0x00000000d5580000,0x00000000d7c26bc8,0x00000000d7c80000)
  from space 2048K, 94% used [0x00000000d8200000,0x00000000d83e46e8,0x00000000d8400000)
  to   space 3584K, 0% used [0x00000000d7d00000,0x00000000d7d00000,0x00000000d8080000)
 ParOldGen       total 1153536K, used 221713K [0x0000000080000000, 0x00000000c6680000, 0x00000000d5580000)
  object space 1153536K, 19% used [0x0000000080000000,0x000000008d8844d0,0x00000000c6680000)
 Metaspace       used 81250K, committed 82816K, reserved 1179648K
  class space    used 8369K, committed 9088K, reserved 1048576K
}
Event: 6243.798 GC heap after
{Heap after GC invocations=1329 (full 4):
 PSYoungGen      total 44032K, used 1272K [0x00000000d5580000, 0x00000000d8880000, 0x0000000100000000)
  eden space 40448K, 0% used [0x00000000d5580000,0x00000000d5580000,0x00000000d7d00000)
  from space 3584K, 35% used [0x00000000d7d00000,0x00000000d7e3e3f8,0x00000000d8080000)
  to   space 2048K, 0% used [0x00000000d8680000,0x00000000d8680000,0x00000000d8880000)
 ParOldGen       total 1153536K, used 222712K [0x0000000080000000, 0x00000000c6680000, 0x00000000d5580000)
  object space 1153536K, 19% used [0x0000000080000000,0x000000008d97e3a0,0x00000000c6680000)
 Metaspace       used 81250K, committed 82816K, reserved 1179648K
  class space    used 8369K, committed 9088K, reserved 1048576K
}
Event: 6244.494 GC heap before
{Heap before GC invocations=1330 (full 4):
 PSYoungGen      total 44032K, used 41720K [0x00000000d5580000, 0x00000000d8880000, 0x0000000100000000)
  eden space 40448K, 100% used [0x00000000d5580000,0x00000000d7d00000,0x00000000d7d00000)
  from space 3584K, 35% used [0x00000000d7d00000,0x00000000d7e3e3f8,0x00000000d8080000)
  to   space 2048K, 0% used [0x00000000d8680000,0x00000000d8680000,0x00000000d8880000)
 ParOldGen       total 1153536K, used 222712K [0x0000000080000000, 0x00000000c6680000, 0x00000000d5580000)
  object space 1153536K, 19% used [0x0000000080000000,0x000000008d97e3a0,0x00000000c6680000)
 Metaspace       used 81250K, committed 82816K, reserved 1179648K
  class space    used 8369K, committed 9088K, reserved 1048576K
}
Event: 6244.724 GC heap after
{Heap after GC invocations=1330 (full 4):
 PSYoungGen      total 47616K, used 2024K [0x00000000d5580000, 0x00000000d8e00000, 0x0000000100000000)
  eden space 45568K, 0% used [0x00000000d5580000,0x00000000d5580000,0x00000000d8200000)
  from space 2048K, 98% used [0x00000000d8680000,0x00000000d887a328,0x00000000d8880000)
  to   space 4608K, 0% used [0x00000000d8200000,0x00000000d8200000,0x00000000d8680000)
 ParOldGen       total 1153536K, used 224411K [0x0000000080000000, 0x00000000c6680000, 0x00000000d5580000)
  object space 1153536K, 19% used [0x0000000080000000,0x000000008db26de0,0x00000000c6680000)
 Metaspace       used 81250K, committed 82816K, reserved 1179648K
  class space    used 8369K, committed 9088K, reserved 1048576K
}
Event: 6245.635 GC heap before
{Heap before GC invocations=1331 (full 4):
 PSYoungGen      total 47616K, used 47592K [0x00000000d5580000, 0x00000000d8e00000, 0x0000000100000000)
  eden space 45568K, 100% used [0x00000000d5580000,0x00000000d8200000,0x00000000d8200000)
  from space 2048K, 98% used [0x00000000d8680000,0x00000000d887a328,0x00000000d8880000)
  to   space 4608K, 0% used [0x00000000d8200000,0x00000000d8200000,0x00000000d8680000)
 ParOldGen       total 1153536K, used 224411K [0x0000000080000000, 0x00000000c6680000, 0x00000000d5580000)
  object space 1153536K, 19% used [0x0000000080000000,0x000000008db26de0,0x00000000c6680000)
 Metaspace       used 81251K, committed 82816K, reserved 1179648K
  class space    used 8369K, committed 9088K, reserved 1048576K
}
Event: 6245.932 GC heap after
{Heap after GC invocations=1331 (full 4):
 PSYoungGen      total 50176K, used 1650K [0x00000000d5580000, 0x00000000d9000000, 0x0000000100000000)
  eden space 45568K, 0% used [0x00000000d5580000,0x00000000d5580000,0x00000000d8200000)
  from space 4608K, 35% used [0x00000000d8200000,0x00000000d839ca38,0x00000000d8680000)
  to   space 2560K, 0% used [0x00000000d8d80000,0x00000000d8d80000,0x00000000d9000000)
 ParOldGen       total 1153536K, used 226402K [0x0000000080000000, 0x00000000c6680000, 0x00000000d5580000)
  object space 1153536K, 19% used [0x0000000080000000,0x000000008dd18a88,0x00000000c6680000)
 Metaspace       used 81251K, committed 82816K, reserved 1179648K
  class space    used 8369K, committed 9088K, reserved 1048576K
}
Event: 6246.768 GC heap before
{Heap before GC invocations=1332 (full 4):
 PSYoungGen      total 50176K, used 47218K [0x00000000d5580000, 0x00000000d9000000, 0x0000000100000000)
  eden space 45568K, 100% used [0x00000000d5580000,0x00000000d8200000,0x00000000d8200000)
  from space 4608K, 35% used [0x00000000d8200000,0x00000000d839ca38,0x00000000d8680000)
  to   space 2560K, 0% used [0x00000000d8d80000,0x00000000d8d80000,0x00000000d9000000)
 ParOldGen       total 1153536K, used 226402K [0x0000000080000000, 0x00000000c6680000, 0x00000000d5580000)
  object space 1153536K, 19% used [0x0000000080000000,0x000000008dd18a88,0x00000000c6680000)
 Metaspace       used 81251K, committed 82816K, reserved 1179648K
  class space    used 8369K, committed 9088K, reserved 1048576K
}
Event: 6246.939 GC heap after
{Heap after GC invocations=1332 (full 4):
 PSYoungGen      total 56832K, used 1853K [0x00000000d5580000, 0x00000000d8f80000, 0x0000000100000000)
  eden space 54784K, 0% used [0x00000000d5580000,0x00000000d5580000,0x00000000d8b00000)
  from space 2048K, 90% used [0x00000000d8d80000,0x00000000d8f4f698,0x00000000d8f80000)
  to   space 2048K, 0% used [0x00000000d8b80000,0x00000000d8b80000,0x00000000d8d80000)
 ParOldGen       total 1153536K, used 227949K [0x0000000080000000, 0x00000000c6680000, 0x00000000d5580000)
  object space 1153536K, 19% used [0x0000000080000000,0x000000008de9b5d8,0x00000000c6680000)
 Metaspace       used 81251K, committed 82816K, reserved 1179648K
  class space    used 8369K, committed 9088K, reserved 1048576K
}
Event: 6247.297 GC heap before
{Heap before GC invocations=1333 (full 4):
 PSYoungGen      total 56832K, used 56637K [0x00000000d5580000, 0x00000000d8f80000, 0x0000000100000000)
  eden space 54784K, 100% used [0x00000000d5580000,0x00000000d8b00000,0x00000000d8b00000)
  from space 2048K, 90% used [0x00000000d8d80000,0x00000000d8f4f698,0x00000000d8f80000)
  to   space 2048K, 0% used [0x00000000d8b80000,0x00000000d8b80000,0x00000000d8d80000)
 ParOldGen       total 1153536K, used 227949K [0x0000000080000000, 0x00000000c6680000, 0x00000000d5580000)
  object space 1153536K, 19% used [0x0000000080000000,0x000000008de9b5d8,0x00000000c6680000)
 Metaspace       used 81263K, committed 82816K, reserved 1179648K
  class space    used 8369K, committed 9088K, reserved 1048576K
}
Event: 6247.728 GC heap after
{Heap after GC invocations=1333 (full 4):
 PSYoungGen      total 57344K, used 886K [0x00000000d5580000, 0x00000000d9900000, 0x0000000100000000)
  eden space 55296K, 0% used [0x00000000d5580000,0x00000000d5580000,0x00000000d8b80000)
  from space 2048K, 43% used [0x00000000d8b80000,0x00000000d8c5d808,0x00000000d8d80000)
  to   space 1536K, 0% used [0x00000000d9780000,0x00000000d9780000,0x00000000d9900000)
 ParOldGen       total 1153536K, used 229747K [0x0000000080000000, 0x00000000c6680000, 0x00000000d5580000)
  object space 1153536K, 19% used [0x0000000080000000,0x000000008e05cc98,0x00000000c6680000)
 Metaspace       used 81263K, committed 82816K, reserved 1179648K
  class space    used 8369K, committed 9088K, reserved 1048576K
}
Event: 6248.427 GC heap before
{Heap before GC invocations=1334 (full 4):
 PSYoungGen      total 57344K, used 56182K [0x00000000d5580000, 0x00000000d9900000, 0x0000000100000000)
  eden space 55296K, 100% used [0x00000000d5580000,0x00000000d8b80000,0x00000000d8b80000)
  from space 2048K, 43% used [0x00000000d8b80000,0x00000000d8c5d808,0x00000000d8d80000)
  to   space 1536K, 0% used [0x00000000d9780000,0x00000000d9780000,0x00000000d9900000)
 ParOldGen       total 1153536K, used 229747K [0x0000000080000000, 0x00000000c6680000, 0x00000000d5580000)
  object space 1153536K, 19% used [0x0000000080000000,0x000000008e05cc98,0x00000000c6680000)
 Metaspace       used 81279K, committed 82816K, reserved 1179648K
  class space    used 8369K, committed 9088K, reserved 1048576K
}
Event: 6248.687 GC heap after
{Heap after GC invocations=1334 (full 4):
 PSYoungGen      total 66048K, used 1534K [0x00000000d5580000, 0x00000000d9c80000, 0x0000000100000000)
  eden space 64512K, 0% used [0x00000000d5580000,0x00000000d5580000,0x00000000d9480000)
  from space 1536K, 99% used [0x00000000d9780000,0x00000000d98ffab0,0x00000000d9900000)
  to   space 3072K, 0% used [0x00000000d9480000,0x00000000d9480000,0x00000000d9780000)
 ParOldGen       total 1153536K, used 230879K [0x0000000080000000, 0x00000000c6680000, 0x00000000d5580000)
  object space 1153536K, 20% used [0x0000000080000000,0x000000008e177f50,0x00000000c6680000)
 Metaspace       used 81279K, committed 82816K, reserved 1179648K
  class space    used 8369K, committed 9088K, reserved 1048576K
}
Event: 6251.576 GC heap before
{Heap before GC invocations=1335 (full 4):
 PSYoungGen      total 66048K, used 66046K [0x00000000d5580000, 0x00000000d9c80000, 0x0000000100000000)
  eden space 64512K, 100% used [0x00000000d5580000,0x00000000d9480000,0x00000000d9480000)
  from space 1536K, 99% used [0x00000000d9780000,0x00000000d98ffab0,0x00000000d9900000)
  to   space 3072K, 0% used [0x00000000d9480000,0x00000000d9480000,0x00000000d9780000)
 ParOldGen       total 1153536K, used 230879K [0x0000000080000000, 0x00000000c6680000, 0x00000000d5580000)
  object space 1153536K, 20% used [0x0000000080000000,0x000000008e177f50,0x00000000c6680000)
 Metaspace       used 81463K, committed 83008K, reserved 1179648K
  class space    used 8373K, committed 9088K, reserved 1048576K
}
Event: 6251.939 GC heap after
{Heap after GC invocations=1335 (full 4):
 PSYoungGen      total 67584K, used 3062K [0x00000000d5580000, 0x00000000db080000, 0x0000000100000000)
  eden space 64512K, 0% used [0x00000000d5580000,0x00000000d5580000,0x00000000d9480000)
  from space 3072K, 99% used [0x00000000d9480000,0x00000000d977d828,0x00000000d9780000)
  to   space 7680K, 0% used [0x00000000da900000,0x00000000da900000,0x00000000db080000)
 ParOldGen       total 1153536K, used 234574K [0x0000000080000000, 0x00000000c6680000, 0x00000000d5580000)
  object space 1153536K, 20% used [0x0000000080000000,0x000000008e513a88,0x00000000c6680000)
 Metaspace       used 81463K, committed 83008K, reserved 1179648K
  class space    used 8373K, committed 9088K, reserved 1048576K
}
Event: 6255.074 GC heap before
{Heap before GC invocations=1336 (full 4):
 PSYoungGen      total 67584K, used 67366K [0x00000000d5580000, 0x00000000db080000, 0x0000000100000000)
  eden space 64512K, 99% used [0x00000000d5580000,0x00000000d944c028,0x00000000d9480000)
  from space 3072K, 99% used [0x00000000d9480000,0x00000000d977d828,0x00000000d9780000)
  to   space 7680K, 0% used [0x00000000da900000,0x00000000da900000,0x00000000db080000)
 ParOldGen       total 1153536K, used 234574K [0x0000000080000000, 0x00000000c6680000, 0x00000000d5580000)
  object space 1153536K, 20% used [0x0000000080000000,0x000000008e513a88,0x00000000c6680000)
 Metaspace       used 81501K, committed 83072K, reserved 1179648K
  class space    used 8373K, committed 9088K, reserved 1048576K
}
Event: 6255.977 GC heap after
{Heap after GC invocations=1336 (full 4):
 PSYoungGen      total 81408K, used 7650K [0x00000000d5580000, 0x00000000db880000, 0x0000000100000000)
  eden space 73728K, 0% used [0x00000000d5580000,0x00000000d5580000,0x00000000d9d80000)
  from space 7680K, 99% used [0x00000000da900000,0x00000000db0789b8,0x00000000db080000)
  to   space 11776K, 0% used [0x00000000d9d80000,0x00000000d9d80000,0x00000000da900000)
 ParOldGen       total 1153536K, used 237639K [0x0000000080000000, 0x00000000c6680000, 0x00000000d5580000)
  object space 1153536K, 20% used [0x0000000080000000,0x000000008e811f80,0x00000000c6680000)
 Metaspace       used 81501K, committed 83072K, reserved 1179648K
  class space    used 8373K, committed 9088K, reserved 1048576K
}

Dll operation events (14 events):
Event: 0.580 Loaded shared library c:\Users\ELCOT\.vscode\extensions\redhat.java-1.50.0-win32-x64\jre\21.0.9-win32-x86_64\bin\java.dll
Event: 1.025 Loaded shared library c:\Users\ELCOT\.vscode\extensions\redhat.java-1.50.0-win32-x64\jre\21.0.9-win32-x86_64\bin\zip.dll
Event: 1.514 Loaded shared library C:\Users\ELCOT\.vscode\extensions\redhat.java-1.50.0-win32-x64\jre\21.0.9-win32-x86_64\bin\instrument.dll
Event: 1.547 Loaded shared library C:\Users\ELCOT\.vscode\extensions\redhat.java-1.50.0-win32-x64\jre\21.0.9-win32-x86_64\bin\net.dll
Event: 1.554 Loaded shared library C:\Users\ELCOT\.vscode\extensions\redhat.java-1.50.0-win32-x64\jre\21.0.9-win32-x86_64\bin\nio.dll
Event: 1.564 Loaded shared library C:\Users\ELCOT\.vscode\extensions\redhat.java-1.50.0-win32-x64\jre\21.0.9-win32-x86_64\bin\zip.dll
Event: 1.931 Loaded shared library C:\Users\ELCOT\.vscode\extensions\redhat.java-1.50.0-win32-x64\jre\21.0.9-win32-x86_64\bin\jimage.dll
Event: 3.032 Loaded shared library c:\Users\ELCOT\.vscode\extensions\redhat.java-1.50.0-win32-x64\jre\21.0.9-win32-x86_64\bin\verify.dll
Event: 56.980 Loaded shared library C:\Users\ELCOT\AppData\Roaming\Code\User\globalStorage\redhat.java\1.50.0\config_win\org.eclipse.equinox.launcher\org.eclipse.equinox.launcher.win32.win32.x86_64_1.2.1400.v20250801-0854\eclipse_11916.dll
Event: 105.694 Loaded shared library C:\Users\ELCOT\.vscode\extensions\redhat.java-1.50.0-win32-x64\jre\21.0.9-win32-x86_64\bin\management.dll
Event: 105.704 Loaded shared library C:\Users\ELCOT\.vscode\extensions\redhat.java-1.50.0-win32-x64\jre\21.0.9-win32-x86_64\bin\management_ext.dll
Event: 112.784 Loaded shared library C:\Users\ELCOT\AppData\Local\Temp\jna-66053985\jna2663529821476195078.dll
Event: 113.950 Loaded shared library C:\Users\ELCOT\.vscode\extensions\redhat.java-1.50.0-win32-x64\jre\21.0.9-win32-x86_64\bin\sunmscapi.dll
Event: 120.575 Loaded shared library C:\Users\ELCOT\.vscode\extensions\redhat.java-1.50.0-win32-x64\jre\21.0.9-win32-x86_64\bin\extnet.dll

Deoptimization events (20 events):
Event: 6248.280 Thread 0x000002ce98878130 DEOPT PACKING pc=0x000002ce3bcaf4f0 sp=0x000000d8bc3fe080
Event: 6248.280 Thread 0x000002ce98878130 DEOPT UNPACKING pc=0x000002ce3b3d3aa2 sp=0x000000d8bc3fdfe0 mode 2
Event: 6248.280 Thread 0x000002ce98878130 Uncommon trap: trap_request=0xffffff45 fr.pc=0x000002ce3c52c7a4 relative=0x0000000000000084
Event: 6248.280 Thread 0x000002ce98878130 Uncommon trap: reason=unstable_if action=reinterpret pc=0x000002ce3c52c7a4 method=org.eclipse.jdt.internal.compiler.parser.ScannerHelper.isJavaIdentifierPart(JC)Z @ 4 c2
Event: 6248.280 Thread 0x000002ce98878130 DEOPT PACKING pc=0x000002ce3c52c7a4 sp=0x000000d8bc3fdfd0
Event: 6248.280 Thread 0x000002ce98878130 DEOPT UNPACKING pc=0x000002ce3b3d3aa2 sp=0x000000d8bc3fdf68 mode 2
Event: 6248.332 Thread 0x000002ce98878130 DEOPT PACKING pc=0x000002ce3573d807 sp=0x000000d8bc3fe0e0
Event: 6248.332 Thread 0x000002ce98878130 DEOPT UNPACKING pc=0x000002ce3b3d4242 sp=0x000000d8bc3fd518 mode 0
Event: 6248.746 Thread 0x000002ce8d078ad0 DEOPT PACKING pc=0x000002ce35dd9b2c sp=0x000000d8bc0fe7b0
Event: 6248.746 Thread 0x000002ce8d078ad0 DEOPT UNPACKING pc=0x000002ce3b3d4242 sp=0x000000d8bc0fdc18 mode 0
Event: 6254.045 Thread 0x000002ce8d077db0 Uncommon trap: trap_request=0xffffffbe fr.pc=0x000002ce3c853720 relative=0x0000000000000a00
Event: 6254.045 Thread 0x000002ce8d077db0 Uncommon trap: reason=profile_predicate action=maybe_recompile pc=0x000002ce3c853720 method=org.eclipse.jdt.internal.compiler.codegen.CharArrayCache.rehash()V @ 54 c2
Event: 6254.045 Thread 0x000002ce8d077db0 DEOPT PACKING pc=0x000002ce3c853720 sp=0x000000d8bbefe3f0
Event: 6254.045 Thread 0x000002ce8d077db0 DEOPT UNPACKING pc=0x000002ce3b3d3aa2 sp=0x000000d8bbefe3b0 mode 2
Event: 6254.048 Thread 0x000002ce8d077db0 Uncommon trap: trap_request=0xffffff6e fr.pc=0x000002ce3c853690 relative=0x0000000000000970
Event: 6254.048 Thread 0x000002ce8d077db0 Uncommon trap: reason=loop_limit_check action=maybe_recompile pc=0x000002ce3c853690 method=org.eclipse.jdt.internal.compiler.codegen.CharArrayCache.rehash()V @ 58 c2
Event: 6254.048 Thread 0x000002ce8d077db0 DEOPT PACKING pc=0x000002ce3c853690 sp=0x000000d8bbefe480
Event: 6254.048 Thread 0x000002ce8d077db0 DEOPT UNPACKING pc=0x000002ce3b3d3aa2 sp=0x000000d8bbefe438 mode 2
Event: 6254.321 Thread 0x000002ce8d078ad0 DEOPT PACKING pc=0x000002ce34d98448 sp=0x000000d8bc0fe8e0
Event: 6254.321 Thread 0x000002ce8d078ad0 DEOPT UNPACKING pc=0x000002ce3b3d4242 sp=0x000000d8bc0fdef8 mode 0

Classes loaded (20 events):
Event: 6146.345 Loading class java/lang/StackStreamFactory$CallerClassFinder
Event: 6146.364 Loading class java/lang/StackStreamFactory$CallerClassFinder done
Event: 6146.364 Loading class java/lang/StackStreamFactory$CallerClassFinder$ClassBuffer
Event: 6146.376 Loading class java/lang/StackStreamFactory$CallerClassFinder$ClassBuffer done
Event: 6154.538 Loading class java/lang/Throwable$WrappedPrintWriter
Event: 6154.572 Loading class java/lang/Throwable$PrintStreamOrWriter
Event: 6154.572 Loading class java/lang/Throwable$PrintStreamOrWriter done
Event: 6154.573 Loading class java/lang/Throwable$WrappedPrintWriter done
Event: 6196.169 Loading class java/util/HashMap$UnsafeHolder
Event: 6196.245 Loading class java/util/HashMap$UnsafeHolder done
Event: 6196.247 Loading class java/io/ObjectStreamClass$RecordSupport
Event: 6196.317 Loading class java/io/ObjectStreamClass$RecordSupport done
Event: 6196.329 Loading class java/io/ObjectStreamClass$DeserializationConstructorsCache$Key$Lookup
Event: 6196.362 Loading class java/io/ObjectStreamClass$DeserializationConstructorsCache$Key
Event: 6196.362 Loading class java/io/ObjectStreamClass$DeserializationConstructorsCache$Key done
Event: 6196.362 Loading class java/io/ObjectStreamClass$DeserializationConstructorsCache$Key$Lookup done
Event: 6196.374 Loading class java/lang/invoke/BoundMethodHandle$Species_LIL
Event: 6196.374 Loading class java/lang/invoke/BoundMethodHandle$Species_LIL done
Event: 6196.544 Loading class java/io/ObjectStreamClass$DeserializationConstructorsCache$Key$Impl
Event: 6196.545 Loading class java/io/ObjectStreamClass$DeserializationConstructorsCache$Key$Impl done

Classes unloaded (20 events):
Event: 5962.805 Thread 0x000002ce2e9af070 Unloading class 0x000002ce4901ec00 'java/lang/invoke/LambdaForm$MH+0x000002ce4901ec00'
Event: 5962.805 Thread 0x000002ce2e9af070 Unloading class 0x000002ce4900d800 'java/lang/invoke/LambdaForm$MH+0x000002ce4900d800'
Event: 5962.815 Thread 0x000002ce2e9af070 Unloading class 0x000002ce4900d400 'java/lang/invoke/LambdaForm$MH+0x000002ce4900d400'
Event: 5962.815 Thread 0x000002ce2e9af070 Unloading class 0x000002ce4900d000 'java/lang/invoke/LambdaForm$MH+0x000002ce4900d000'
Event: 5962.815 Thread 0x000002ce2e9af070 Unloading class 0x000002ce4900cc00 'java/lang/invoke/LambdaForm$MH+0x000002ce4900cc00'
Event: 5962.815 Thread 0x000002ce2e9af070 Unloading class 0x000002ce4900c800 'java/lang/invoke/LambdaForm$BMH+0x000002ce4900c800'
Event: 5962.815 Thread 0x000002ce2e9af070 Unloading class 0x000002ce4900c000 'java/lang/invoke/LambdaForm$DMH+0x000002ce4900c000'
Event: 5962.815 Thread 0x000002ce2e9af070 Unloading class 0x000002ce49008c00 'java/lang/invoke/LambdaForm$MH+0x000002ce49008c00'
Event: 5962.815 Thread 0x000002ce2e9af070 Unloading class 0x000002ce49008800 'java/lang/invoke/LambdaForm$MH+0x000002ce49008800'
Event: 5962.815 Thread 0x000002ce2e9af070 Unloading class 0x000002ce49008400 'java/lang/invoke/LambdaForm$MH+0x000002ce49008400'
Event: 5962.815 Thread 0x000002ce2e9af070 Unloading class 0x000002ce49007000 'java/lang/invoke/LambdaForm$MH+0x000002ce49007000'
Event: 5962.815 Thread 0x000002ce2e9af070 Unloading class 0x000002ce49006800 'java/lang/invoke/LambdaForm$MH+0x000002ce49006800'
Event: 5962.815 Thread 0x000002ce2e9af070 Unloading class 0x000002ce49006400 'java/lang/invoke/LambdaForm$MH+0x000002ce49006400'
Event: 5962.815 Thread 0x000002ce2e9af070 Unloading class 0x000002ce49006000 'java/lang/invoke/LambdaForm$MH+0x000002ce49006000'
Event: 5962.815 Thread 0x000002ce2e9af070 Unloading class 0x000002ce49005c00 'java/lang/invoke/LambdaForm$BMH+0x000002ce49005c00'
Event: 5962.826 Thread 0x000002ce2e9af070 Unloading class 0x000002ce49004800 'java/lang/invoke/LambdaForm$DMH+0x000002ce49004800'
Event: 5962.826 Thread 0x000002ce2e9af070 Unloading class 0x000002ce49002800 'java/lang/invoke/LambdaForm$MH+0x000002ce49002800'
Event: 5962.826 Thread 0x000002ce2e9af070 Unloading class 0x000002ce49002400 'java/lang/invoke/LambdaForm$MH+0x000002ce49002400'
Event: 5962.826 Thread 0x000002ce2e9af070 Unloading class 0x000002ce49002000 'java/lang/invoke/LambdaForm$MH+0x000002ce49002000'
Event: 5962.826 Thread 0x000002ce2e9af070 Unloading class 0x000002ce49001800 'java/lang/invoke/LambdaForm$MH+0x000002ce49001800'

Classes redefined (0 events):
No events

Internal exceptions (20 events):
Event: 6256.321 Thread 0x000002ce98878130 Exception <a 'sun/nio/fs/WindowsException'{0x00000000d5f12338}> (0x00000000d5f12338) 
thrown [s\src\hotspot\share\prims\jni.cpp, line 520]
Event: 6256.355 Thread 0x000002ce98878130 Exception <a 'sun/nio/fs/WindowsException'{0x00000000d5f138b0}> (0x00000000d5f138b0) 
thrown [s\src\hotspot\share\prims\jni.cpp, line 520]
Event: 6256.360 Thread 0x000002ce98878130 Exception <a 'sun/nio/fs/WindowsException'{0x00000000d5f14e30}> (0x00000000d5f14e30) 
thrown [s\src\hotspot\share\prims\jni.cpp, line 520]
Event: 6256.372 Thread 0x000002ce98878130 Exception <a 'sun/nio/fs/WindowsException'{0x00000000d5f163b0}> (0x00000000d5f163b0) 
thrown [s\src\hotspot\share\prims\jni.cpp, line 520]
Event: 6256.379 Thread 0x000002ce98878130 Exception <a 'sun/nio/fs/WindowsException'{0x00000000d5f17920}> (0x00000000d5f17920) 
thrown [s\src\hotspot\share\prims\jni.cpp, line 520]
Event: 6256.384 Thread 0x000002ce98878130 Exception <a 'sun/nio/fs/WindowsException'{0x00000000d5f18ee8}> (0x00000000d5f18ee8) 
thrown [s\src\hotspot\share\prims\jni.cpp, line 520]
Event: 6256.389 Thread 0x000002ce98878130 Exception <a 'sun/nio/fs/WindowsException'{0x00000000d5f1a468}> (0x00000000d5f1a468) 
thrown [s\src\hotspot\share\prims\jni.cpp, line 520]
Event: 6256.393 Thread 0x000002ce98878130 Exception <a 'sun/nio/fs/WindowsException'{0x00000000d5f1bc98}> (0x00000000d5f1bc98) 
thrown [s\src\hotspot\share\prims\jni.cpp, line 520]
Event: 6256.443 Thread 0x000002ce98878130 Exception <a 'sun/nio/fs/WindowsException'{0x00000000d5f1d270}> (0x00000000d5f1d270) 
thrown [s\src\hotspot\share\prims\jni.cpp, line 520]
Event: 6256.465 Thread 0x000002ce98878130 Exception <a 'sun/nio/fs/WindowsException'{0x00000000d5f1e7f0}> (0x00000000d5f1e7f0) 
thrown [s\src\hotspot\share\prims\jni.cpp, line 520]
Event: 6256.473 Thread 0x000002ce98878130 Exception <a 'sun/nio/fs/WindowsException'{0x00000000d5f1fd60}> (0x00000000d5f1fd60) 
thrown [s\src\hotspot\share\prims\jni.cpp, line 520]
Event: 6256.483 Thread 0x000002ce98878130 Exception <a 'sun/nio/fs/WindowsException'{0x00000000d5f21300}> (0x00000000d5f21300) 
thrown [s\src\hotspot\share\prims\jni.cpp, line 520]
Event: 6256.490 Thread 0x000002ce98878130 Exception <a 'sun/nio/fs/WindowsException'{0x00000000d5f22870}> (0x00000000d5f22870) 
thrown [s\src\hotspot\share\prims\jni.cpp, line 520]
Event: 6256.582 Thread 0x000002ce98878130 Exception <a 'sun/nio/fs/WindowsException'{0x00000000d5f23e40}> (0x00000000d5f23e40) 
thrown [s\src\hotspot\share\prims\jni.cpp, line 520]
Event: 6256.590 Thread 0x000002ce98878130 Exception <a 'sun/nio/fs/WindowsException'{0x00000000d5f25420}> (0x00000000d5f25420) 
thrown [s\src\hotspot\share\prims\jni.cpp, line 520]
Event: 6256.599 Thread 0x000002ce98878130 Exception <a 'sun/nio/fs/WindowsException'{0x00000000d5f26a00}> (0x00000000d5f26a00) 
thrown [s\src\hotspot\share\prims\jni.cpp, line 520]
Event: 6256.607 Thread 0x000002ce98878130 Exception <a 'sun/nio/fs/WindowsException'{0x00000000d5f27fe0}> (0x00000000d5f27fe0) 
thrown [s\src\hotspot\share\prims\jni.cpp, line 520]
Event: 6256.620 Thread 0x000002ce98878130 Exception <a 'sun/nio/fs/WindowsException'{0x00000000d5f2a3e0}> (0x00000000d5f2a3e0) 
thrown [s\src\hotspot\share\prims\jni.cpp, line 520]
Event: 6256.629 Thread 0x000002ce8d078ad0 Exception <a 'sun/nio/fs/WindowsException'{0x00000000d5be6a70}> (0x00000000d5be6a70) 
thrown [s\src\hotspot\share\prims\jni.cpp, line 520]
Event: 6256.696 Thread 0x000002ce98878130 Exception <a 'sun/nio/fs/WindowsException'{0x00000000d5f2b968}> (0x00000000d5f2b968) 
thrown [s\src\hotspot\share\prims\jni.cpp, line 520]

ZGC Phase Switch (0 events):
No events

VM Operations (20 events):
Event: 6245.635 Executing VM operation: ParallelGCFailedAllocation (Allocation Failure)
Event: 6245.932 Executing VM operation: ParallelGCFailedAllocation (Allocation Failure) done
Event: 6246.768 Executing VM operation: ParallelGCFailedAllocation (Allocation Failure)
Event: 6246.939 Executing VM operation: ParallelGCFailedAllocation (Allocation Failure) done
Event: 6247.297 Executing VM operation: ParallelGCFailedAllocation (Allocation Failure)
Event: 6247.728 Executing VM operation: ParallelGCFailedAllocation (Allocation Failure) done
Event: 6248.427 Executing VM operation: ParallelGCFailedAllocation (Allocation Failure)
Event: 6248.687 Executing VM operation: ParallelGCFailedAllocation (Allocation Failure) done
Event: 6249.712 Executing VM operation: Cleanup
Event: 6249.721 Executing VM operation: Cleanup done
Event: 6250.743 Executing VM operation: Cleanup
Event: 6251.078 Executing VM operation: Cleanup done
Event: 6251.554 Executing VM operation: ParallelGCFailedAllocation (Allocation Failure)
Event: 6251.939 Executing VM operation: ParallelGCFailedAllocation (Allocation Failure) done
Event: 6253.941 Executing VM operation: Cleanup
Event: 6253.964 Executing VM operation: Cleanup done
Event: 6254.989 Executing VM operation: Cleanup
Event: 6255.057 Executing VM operation: Cleanup done
Event: 6255.074 Executing VM operation: ParallelGCFailedAllocation (Allocation Failure)
Event: 6255.978 Executing VM operation: ParallelGCFailedAllocation (Allocation Failure) done

Memory protections (0 events):
No events

Nmethod flushes (20 events):
Event: 5969.255 Thread 0x000002ce2e9af070 flushing  nmethod 0x000002ce350d5390
Event: 5969.255 Thread 0x000002ce2e9af070 flushing  nmethod 0x000002ce350ef590
Event: 5969.255 Thread 0x000002ce2e9af070 flushing  nmethod 0x000002ce35135510
Event: 5969.255 Thread 0x000002ce2e9af070 flushing  nmethod 0x000002ce35144090
Event: 5969.255 Thread 0x000002ce2e9af070 flushing  nmethod 0x000002ce35170e90
Event: 5969.255 Thread 0x000002ce2e9af070 flushing  nmethod 0x000002ce3517c410
Event: 5969.255 Thread 0x000002ce2e9af070 flushing  nmethod 0x000002ce3517d910
Event: 5969.255 Thread 0x000002ce2e9af070 flushing  nmethod 0x000002ce35180510
Event: 5969.255 Thread 0x000002ce2e9af070 flushing  nmethod 0x000002ce3518ab90
Event: 5969.255 Thread 0x000002ce2e9af070 flushing  nmethod 0x000002ce351a0110
Event: 5969.255 Thread 0x000002ce2e9af070 flushing  nmethod 0x000002ce351ba710
Event: 5969.255 Thread 0x000002ce2e9af070 flushing  nmethod 0x000002ce351c0910
Event: 5969.255 Thread 0x000002ce2e9af070 flushing  nmethod 0x000002ce351d6710
Event: 5969.255 Thread 0x000002ce2e9af070 flushing  nmethod 0x000002ce351d7210
Event: 5969.255 Thread 0x000002ce2e9af070 flushing  nmethod 0x000002ce35210310
Event: 5969.256 Thread 0x000002ce2e9af070 flushing  nmethod 0x000002ce3522ae90
Event: 5969.268 Thread 0x000002ce2e9af070 flushing  nmethod 0x000002ce35230010
Event: 5969.269 Thread 0x000002ce2e9af070 flushing osr nmethod 0x000002ce3529a510
Event: 5969.269 Thread 0x000002ce2e9af070 flushing  nmethod 0x000002ce3529d890
Event: 5969.269 Thread 0x000002ce2e9af070 flushing  nmethod 0x000002ce3577c910

Events (20 events):
Event: 6205.955 Thread 0x000002ce8d077db0 Thread added: 0x000002ce9887a200
Event: 6205.956 Thread 0x000002ce8d077db0 Thread added: 0x000002ce9887b5b0
Event: 6205.956 Thread 0x000002ce8d077db0 Thread added: 0x000002ce98876d80
Event: 6205.956 Thread 0x000002ce8d077db0 Thread added: 0x000002ce988787c0
Event: 6207.215 Thread 0x000002ce9887a890 Thread exited: 0x000002ce9887a890
Event: 6207.216 Thread 0x000002ce98876d80 Thread exited: 0x000002ce98876d80
Event: 6207.216 Thread 0x000002ce9887a200 Thread exited: 0x000002ce9887a200
Event: 6207.224 Thread 0x000002ce988787c0 Thread exited: 0x000002ce988787c0
Event: 6207.225 Thread 0x000002ce9887b5b0 Thread exited: 0x000002ce9887b5b0
Event: 6215.384 Thread 0x000002ce988794e0 Thread exited: 0x000002ce988794e0
Event: 6215.464 Thread 0x000002ce98878130 Thread exited: 0x000002ce98878130
Event: 6221.894 Thread 0x000002ce98879b70 Thread exited: 0x000002ce98879b70
Event: 6222.383 Thread 0x000002ce9887cff0 Thread exited: 0x000002ce9887cff0
Event: 6225.713 Thread 0x000002ce8d075ce0 Thread added: 0x000002ce98876d80
Event: 6225.849 Thread 0x000002ce98876d80 Thread added: 0x000002ce9887af20
Event: 6236.983 Thread 0x000002ce9887af20 Thread added: 0x000002ce98878130
Event: 6237.189 Thread 0x000002ce98878130 Thread added: 0x000002ce988787c0
Event: 6241.686 Thread 0x000002ce9887c960 Thread added: 0x000002ce98878e50
Event: 6243.592 Thread 0x000002ce988787c0 Thread added: 0x000002ce988794e0
Event: 6248.920 Thread 0x000002ce98878130 Thread added: 0x000002ce98879b70


Dynamic libraries:
0x00007ff747790000 - 0x00007ff74779e000 	c:\Users\ELCOT\.vscode\extensions\redhat.java-1.50.0-win32-x64\jre\21.0.9-win32-x86_64\bin\java.exe
0x00007ffebec10000 - 0x00007ffebee08000 	C:\WINDOWS\SYSTEM32\ntdll.dll
0x00007ffebcfc0000 - 0x00007ffebd082000 	C:\WINDOWS\System32\KERNEL32.DLL
0x00007ffebc460000 - 0x00007ffebc756000 	C:\WINDOWS\System32\KERNELBASE.dll
0x00007ffebc8f0000 - 0x00007ffebc9f0000 	C:\WINDOWS\System32\ucrtbase.dll
0x00007ffea37d0000 - 0x00007ffea37e8000 	c:\Users\ELCOT\.vscode\extensions\redhat.java-1.50.0-win32-x64\jre\21.0.9-win32-x86_64\bin\jli.dll
0x00007ffebd1e0000 - 0x00007ffebd381000 	C:\WINDOWS\System32\USER32.dll
0x00007ffebcb50000 - 0x00007ffebcb72000 	C:\WINDOWS\System32\win32u.dll
0x00007ffebcf00000 - 0x00007ffebcf2b000 	C:\WINDOWS\System32\GDI32.dll
0x00007ffebc2a0000 - 0x00007ffebc3b9000 	C:\WINDOWS\System32\gdi32full.dll
0x00007ffebc3c0000 - 0x00007ffebc45d000 	C:\WINDOWS\System32\msvcp_win.dll
0x00007ffe9e320000 - 0x00007ffe9e33e000 	c:\Users\ELCOT\.vscode\extensions\redhat.java-1.50.0-win32-x64\jre\21.0.9-win32-x86_64\bin\VCRUNTIME140.dll
0x00007ffea9bc0000 - 0x00007ffea9e5b000 	C:\WINDOWS\WinSxS\amd64_microsoft.windows.common-controls_6595b64144ccf1df_6.0.19041.6456_none_60b8a6cb71f64256\COMCTL32.dll
0x00007ffebe3b0000 - 0x00007ffebe44e000 	C:\WINDOWS\System32\msvcrt.dll
0x00007ffebeae0000 - 0x00007ffebeb0f000 	C:\WINDOWS\System32\IMM32.DLL
0x00007ffeb6550000 - 0x00007ffeb655c000 	c:\Users\ELCOT\.vscode\extensions\redhat.java-1.50.0-win32-x64\jre\21.0.9-win32-x86_64\bin\vcruntime140_1.dll
0x00007ffe7b470000 - 0x00007ffe7b4fd000 	c:\Users\ELCOT\.vscode\extensions\redhat.java-1.50.0-win32-x64\jre\21.0.9-win32-x86_64\bin\msvcp140.dll
0x00007ffe76610000 - 0x00007ffe773b0000 	c:\Users\ELCOT\.vscode\extensions\redhat.java-1.50.0-win32-x64\jre\21.0.9-win32-x86_64\bin\server\jvm.dll
0x00007ffebeb10000 - 0x00007ffebebc1000 	C:\WINDOWS\System32\ADVAPI32.dll
0x00007ffebe0b0000 - 0x00007ffebe14f000 	C:\WINDOWS\System32\sechost.dll
0x00007ffebcd80000 - 0x00007ffebcea0000 	C:\WINDOWS\System32\RPCRT4.dll
0x00007ffebc760000 - 0x00007ffebc787000 	C:\WINDOWS\System32\bcrypt.dll
0x00007ffebe450000 - 0x00007ffebe4bb000 	C:\WINDOWS\System32\WS2_32.dll
0x00007ffebbc80000 - 0x00007ffebbccb000 	C:\WINDOWS\SYSTEM32\POWRPROF.dll
0x00007ffeb3770000 - 0x00007ffeb3797000 	C:\WINDOWS\SYSTEM32\WINMM.dll
0x00007ffeb3760000 - 0x00007ffeb376a000 	C:\WINDOWS\SYSTEM32\VERSION.dll
0x00007ffebbc60000 - 0x00007ffebbc72000 	C:\WINDOWS\SYSTEM32\UMPDC.dll
0x00007ffeba110000 - 0x00007ffeba122000 	C:\WINDOWS\SYSTEM32\kernel.appcore.dll
0x00007ffeb5d20000 - 0x00007ffeb5d2a000 	c:\Users\ELCOT\.vscode\extensions\redhat.java-1.50.0-win32-x64\jre\21.0.9-win32-x86_64\bin\jimage.dll
0x00007ffea7c90000 - 0x00007ffea7e91000 	C:\WINDOWS\SYSTEM32\DBGHELP.DLL
0x00007ffea7c50000 - 0x00007ffea7c84000 	C:\WINDOWS\SYSTEM32\dbgcore.DLL
0x00007ffebcac0000 - 0x00007ffebcb42000 	C:\WINDOWS\System32\bcryptPrimitives.dll
0x00007ffeabca0000 - 0x00007ffeabcaf000 	c:\Users\ELCOT\.vscode\extensions\redhat.java-1.50.0-win32-x64\jre\21.0.9-win32-x86_64\bin\instrument.dll
0x00007ffe9d8c0000 - 0x00007ffe9d8e0000 	c:\Users\ELCOT\.vscode\extensions\redhat.java-1.50.0-win32-x64\jre\21.0.9-win32-x86_64\bin\java.dll
0x00007ffebd410000 - 0x00007ffebdb80000 	C:\WINDOWS\System32\SHELL32.dll
0x00007ffeba310000 - 0x00007ffebaab5000 	C:\WINDOWS\SYSTEM32\windows.storage.dll
0x00007ffebdd50000 - 0x00007ffebe0a4000 	C:\WINDOWS\System32\combase.dll
0x00007ffebbcd0000 - 0x00007ffebbcfb000 	C:\WINDOWS\SYSTEM32\Wldp.dll
0x00007ffebea10000 - 0x00007ffebeadd000 	C:\WINDOWS\System32\OLEAUT32.dll
0x00007ffebdb80000 - 0x00007ffebdc2d000 	C:\WINDOWS\System32\SHCORE.dll
0x00007ffebe940000 - 0x00007ffebe99b000 	C:\WINDOWS\System32\shlwapi.dll
0x00007ffebc1d0000 - 0x00007ffebc1f4000 	C:\WINDOWS\SYSTEM32\profapi.dll
0x00007ffe9cff0000 - 0x00007ffe9d008000 	c:\Users\ELCOT\.vscode\extensions\redhat.java-1.50.0-win32-x64\jre\21.0.9-win32-x86_64\bin\zip.dll
0x00007ffeaa2a0000 - 0x00007ffeaa2b0000 	C:\Users\ELCOT\.vscode\extensions\redhat.java-1.50.0-win32-x64\jre\21.0.9-win32-x86_64\bin\net.dll
0x00007ffeb2c90000 - 0x00007ffeb2d9a000 	C:\WINDOWS\SYSTEM32\WINHTTP.dll
0x00007ffebb9c0000 - 0x00007ffebba2a000 	C:\WINDOWS\system32\mswsock.dll
0x00007ffe98ea0000 - 0x00007ffe98eb6000 	C:\Users\ELCOT\.vscode\extensions\redhat.java-1.50.0-win32-x64\jre\21.0.9-win32-x86_64\bin\nio.dll
0x00007ffeaa1c0000 - 0x00007ffeaa1d0000 	c:\Users\ELCOT\.vscode\extensions\redhat.java-1.50.0-win32-x64\jre\21.0.9-win32-x86_64\bin\verify.dll
0x00007ffe92e30000 - 0x00007ffe92e74000 	C:\Users\ELCOT\AppData\Roaming\Code\User\globalStorage\redhat.java\1.50.0\config_win\org.eclipse.equinox.launcher\org.eclipse.equinox.launcher.win32.win32.x86_64_1.2.1400.v20250801-0854\eclipse_11916.dll
0x00007ffebd0b0000 - 0x00007ffebd1db000 	C:\WINDOWS\System32\ole32.dll
0x00007ffeb6880000 - 0x00007ffeb688a000 	C:\Users\ELCOT\.vscode\extensions\redhat.java-1.50.0-win32-x64\jre\21.0.9-win32-x86_64\bin\management.dll
0x00007ffea91a0000 - 0x00007ffea91ac000 	C:\Users\ELCOT\.vscode\extensions\redhat.java-1.50.0-win32-x64\jre\21.0.9-win32-x86_64\bin\management_ext.dll
0x00007ffebe9a0000 - 0x00007ffebe9a8000 	C:\WINDOWS\System32\PSAPI.DLL
0x00007ffebbbb0000 - 0x00007ffebbbc8000 	C:\WINDOWS\SYSTEM32\CRYPTSP.dll
0x00007ffebb270000 - 0x00007ffebb2a8000 	C:\WINDOWS\system32\rsaenh.dll
0x00007ffebc150000 - 0x00007ffebc17e000 	C:\WINDOWS\SYSTEM32\USERENV.dll
0x00007ffebbbd0000 - 0x00007ffebbbdc000 	C:\WINDOWS\SYSTEM32\CRYPTBASE.dll
0x00007ffebb6a0000 - 0x00007ffebb6db000 	C:\WINDOWS\SYSTEM32\IPHLPAPI.DLL
0x00007ffebe4c0000 - 0x00007ffebe4c8000 	C:\WINDOWS\System32\NSI.dll
0x00007ffe8d360000 - 0x00007ffe8d3a9000 	C:\Users\ELCOT\AppData\Local\Temp\jna-66053985\jna2663529821476195078.dll
0x00007ffeb3210000 - 0x00007ffeb3227000 	C:\WINDOWS\SYSTEM32\dhcpcsvc6.DLL
0x00007ffeb3360000 - 0x00007ffeb337d000 	C:\WINDOWS\SYSTEM32\dhcpcsvc.DLL
0x00007ffea8c60000 - 0x00007ffea8c6e000 	C:\Users\ELCOT\.vscode\extensions\redhat.java-1.50.0-win32-x64\jre\21.0.9-win32-x86_64\bin\sunmscapi.dll
0x00007ffebc790000 - 0x00007ffebc8ed000 	C:\WINDOWS\System32\CRYPT32.dll
0x00007ffebbd40000 - 0x00007ffebbd67000 	C:\WINDOWS\SYSTEM32\ncrypt.dll
0x00007ffebbd00000 - 0x00007ffebbd3b000 	C:\WINDOWS\SYSTEM32\NTASN1.dll
0x00007ffebb6e0000 - 0x00007ffebb7aa000 	C:\WINDOWS\SYSTEM32\DNSAPI.dll
0x00007ffeb21f0000 - 0x00007ffeb21fa000 	C:\Windows\System32\rasadhlp.dll
0x00007ffeb2270000 - 0x00007ffeb22f0000 	C:\WINDOWS\System32\fwpuclnt.dll
0x00007ffea80a0000 - 0x00007ffea80a9000 	C:\Users\ELCOT\.vscode\extensions\redhat.java-1.50.0-win32-x64\jre\21.0.9-win32-x86_64\bin\extnet.dll
0x00007ffebb4c0000 - 0x00007ffebb4f3000 	C:\WINDOWS\SYSTEM32\ntmarta.dll

JVMTI agents:
c:\Users\ELCOT\.vscode\extensions\redhat.java-1.50.0-win32-x64\lombok\lombok-1.18.39-4050.jar path:c:\Users\ELCOT\.vscode\extensions\redhat.java-1.50.0-win32-x64\jre\21.0.9-win32-x86_64\bin\instrument.dll, loaded, initialized, instrumentlib options:none

dbghelp: loaded successfully - version: 4.0.5 - missing functions: none
symbol engine: initialized successfully - sym options: 0x614 - pdb path: .;c:\Users\ELCOT\.vscode\extensions\redhat.java-1.50.0-win32-x64\jre\21.0.9-win32-x86_64\bin;C:\WINDOWS\SYSTEM32;C:\WINDOWS\WinSxS\amd64_microsoft.windows.common-controls_6595b64144ccf1df_6.0.19041.6456_none_60b8a6cb71f64256;c:\Users\ELCOT\.vscode\extensions\redhat.java-1.50.0-win32-x64\jre\21.0.9-win32-x86_64\bin\server;C:\Users\ELCOT\AppData\Roaming\Code\User\globalStorage\redhat.java\1.50.0\config_win\org.eclipse.equinox.launcher\org.eclipse.equinox.launcher.win32.win32.x86_64_1.2.1400.v20250801-0854;C:\Users\ELCOT\AppData\Local\Temp\jna-66053985

VM Arguments:
jvm_args: --add-modules=ALL-SYSTEM --add-opens=java.base/java.util=ALL-UNNAMED --add-opens=java.base/java.lang=ALL-UNNAMED --add-opens=java.base/sun.nio.fs=ALL-UNNAMED -Declipse.application=org.eclipse.jdt.ls.core.id1 -Dosgi.bundles.defaultStartLevel=4 -Declipse.product=org.eclipse.jdt.ls.core.product -Djava.import.generatesMetadataFilesAtProjectRoot=false -DDetectVMInstallationsJob.disabled=true -Dfile.encoding=utf8 -XX:+UseParallelGC -XX:GCTimeRatio=4 -XX:AdaptiveSizePolicyWeight=90 -Dsun.zip.disableMemoryMapping=true -Xmx2G -Xms100m -Xlog:disable -javaagent:c:\Users\ELCOT\.vscode\extensions\redhat.java-1.50.0-win32-x64\lombok\lombok-1.18.39-4050.jar -XX:+HeapDumpOnOutOfMemoryError -XX:HeapDumpPath=c:\Users\ELCOT\AppData\Roaming\Code\User\workspaceStorage\6df584924f20b77b5dcabba4760ab21c\redhat.java -Daether.dependencyCollector.impl=bf 
java_command: c:\Users\ELCOT\.vscode\extensions\redhat.java-1.50.0-win32-x64\server\plugins\org.eclipse.equinox.launcher_1.7.100.v20251111-0406.jar -configuration c:\Users\ELCOT\AppData\Roaming\Code\User\globalStorage\redhat.java\1.50.0\config_win -data c:\Users\ELCOT\AppData\Roaming\Code\User\workspaceStorage\6df584924f20b77b5dcabba4760ab21c\redhat.java\jdt_ws --pipe=\\.\pipe\lsp-e9ad0e875f8de459e55fc450a27c8a4a-sock
java_class_path (initial): c:\Users\ELCOT\.vscode\extensions\redhat.java-1.50.0-win32-x64\server\plugins\org.eclipse.equinox.launcher_1.7.100.v20251111-0406.jar
Launcher Type: SUN_STANDARD

[Global flags]
    uintx AdaptiveSizePolicyWeight                 = 90                                        {product} {command line}
     intx CICompilerCount                          = 2                                         {product} {ergonomic}
    uintx GCTimeRatio                              = 4                                         {product} {command line}
     bool HeapDumpOnOutOfMemoryError               = true                                   {manageable} {command line}
    ccstr HeapDumpPath                             = c:\Users\ELCOT\AppData\Roaming\Code\User\workspaceStorage\6df584924f20b77b5dcabba4760ab21c\redhat.java         {manageable} {command line}
   size_t InitialHeapSize                          = 104857600                                 {product} {command line}
   size_t MaxHeapSize                              = 2147483648                                {product} {command line}
   size_t MaxNewSize                               = 715653120                                 {product} {ergonomic}
   size_t MinHeapDeltaBytes                        = 524288                                    {product} {ergonomic}
   size_t MinHeapSize                              = 104857600                                 {product} {command line}
   size_t NewSize                                  = 34603008                                  {product} {ergonomic}
    uintx NonNMethodCodeHeapSize                   = 5826188                                {pd product} {ergonomic}
    uintx NonProfiledCodeHeapSize                  = 122916026                              {pd product} {ergonomic}
   size_t OldSize                                  = 70254592                                  {product} {ergonomic}
    uintx ProfiledCodeHeapSize                     = 122916026                              {pd product} {ergonomic}
    uintx ReservedCodeCacheSize                    = 251658240                              {pd product} {ergonomic}
     bool SegmentedCodeCache                       = true                                      {product} {ergonomic}
   size_t SoftMaxHeapSize                          = 2147483648                             {manageable} {ergonomic}
     bool UseCompressedOops                        = true                           {product lp64_product} {ergonomic}
     bool UseLargePagesIndividualAllocation        = false                                  {pd product} {ergonomic}
     bool UseParallelGC                            = true                                      {product} {command line}

Logging:
Log output configuration:
 #0: stdout all=off uptime,level,tags foldmultilines=false
 #1: stderr all=off uptime,level,tags foldmultilines=false

Release file:
JAVA_VERSION="21.0.9" 
MODULES="java.base java.compiler java.datatransfer java.xml java.prefs java.desktop java.instrument java.logging java.management java.security.sasl java.naming java.rmi java.management.rmi java.net.http java.scripting java.security.jgss java.transaction.xa java.sql java.sql.rowset java.xml.crypto java.se java.smartcardio jdk.accessibility jdk.internal.jvmstat jdk.attach jdk.charsets jdk.internal.opt jdk.zipfs jdk.compiler jdk.crypto.ec jdk.crypto.cryptoki jdk.crypto.mscapi jdk.dynalink jdk.internal.ed jdk.editpad jdk.hotspot.agent jdk.httpserver jdk.internal.le jdk.internal.vm.ci jdk.internal.vm.compiler jdk.internal.vm.compiler.management jdk.jartool jdk.javadoc jdk.jcmd jdk.management jdk.management.agent jdk.jconsole jdk.jdeps jdk.jdwp.agent jdk.jdi jdk.jfr jdk.jshell jdk.jsobject jdk.jstatd jdk.localedata jdk.management.jfr jdk.naming.dns jdk.naming.rmi jdk.net jdk.nio.mapmode jdk.random jdk.sctp jdk.security.auth jdk.security.jgss jdk.unsupported jdk.unsupported.desktop jdk.xml.dom" 

Environment Variables:
PATH=C:\Program Files\Common Files\Oracle\Java\javapath;C:\WINDOWS\system32;C:\WINDOWS;C:\WINDOWS\System32\Wbem;C:\WINDOWS\System32\WindowsPowerShell\v1.0\;C:\WINDOWS\System32\OpenSSH\;C:\Program Files\Java\jdk-17\bin;C:\Program Files\nodejs\;C:\Program Files (x86)\apache-maven-3.9.11-bin\apache-maven-3.9.11\bin;C:\xampp;C:\Program Files\MySQL\MySQL Shell 8.0\bin\;C:\Program Files (x86)\Microsoft Visual Studio\Common\Tools\WinNT;C:\Program Files (x86)\Microsoft Visual Studio\Common\MSDev98\Bin;C:\Program Files (x86)\Microsoft Visual Studio\Common\Tools;C:\Program Files (x86)\Microsoft Visual Studio\VC98\bin;C:\Users\ELCOT\AppData\Local\Microsoft\WindowsApps;;C:\Program Files\JetBrains\PyCharm Community Edition 2023.1.2\bin;;C:\Users\ELCOT\AppData\Local\Programs\Microsoft VS Code\bin;C:\Users\ELCOT\AppData\Roaming\npm
USERNAME=ELCOT
OS=Windows_NT
PROCESSOR_IDENTIFIER=AMD64 Family 21 Model 112 Stepping 0, AuthenticAMD
TMP=C:\Users\ELCOT\AppData\Local\Temp
TEMP=C:\Users\ELCOT\AppData\Local\Temp




Periodic native trim disabled

---------------  S Y S T E M  ---------------

OS:
 Windows 10 , 64 bit Build 19041 (10.0.19041.5915)
OS uptime: 0 days 20:39 hours

CPU: total 2 (initial active 2) (2 cores per cpu, 1 threads per core) family 21 model 112 stepping 0 microcode 0x0, cx8, cmov, fxsr, mmx, 3dnowpref, sse, sse2, sse3, ssse3, sse4a, sse4.1, sse4.2, popcnt, lzcnt, tsc, tscinvbit, avx, avx2, aes, clmul, bmi1, bmi2, fma, vzeroupper, clflush, rdtscp, f16c
Processor Information for the first 2 processors :
  Max Mhz: 2500, Current Mhz: 2100, Mhz Limit: 2500

Memory: 4k page, system-wide physical 3935M (345M free)
TotalPageFile size 8031M (AvailPageFile size 55M)
current process WorkingSet (physical memory assigned to process): 448M, peak: 900M
current process commit charge ("private bytes"): 1543M, peak: 1544M

vm_info: OpenJDK 64-Bit Server VM (21.0.9+10-LTS) for windows-amd64 JRE (21.0.9+10-LTS), built on 2025-10-21T00:00:00Z by "admin" with unknown MS VC++:1942

END.
