#
# There is insufficient memory for the Java Runtime Environment to continue.
# Native memory allocation (malloc) failed to allocate 1048576 bytes. Error detail: AllocateHeap
# Possible reasons:
#   The system is out of physical RAM or swap space
#   This process is running with CompressedOops enabled, and the Java Heap may be blocking the growth of the native heap
# Possible solutions:
#   Reduce memory load on the system
#   Increase physical memory or swap space
#   Check if swap backing store is full
#   Decrease Java heap size (-Xmx/-Xms)
#   Decrease number of Java threads
#   Decrease Java thread stack sizes (-Xss)
#   Set larger code cache with -XX:ReservedCodeCacheSize=
#   JVM is running with Unscaled Compressed Oops mode in which the Java heap is
#     placed in the first 4GB address space. The Java Heap base address is the
#     maximum limit for the native heap growth. Please use -XX:HeapBaseMinAddress
#     to set the Java Heap base and to place the Java Heap above 4GB virtual address.
# This output file may be truncated or incomplete.
#
#  Out of Memory Error (allocation.cpp:44), pid=2940, tid=1428
#
# JRE version: OpenJDK Runtime Environment Temurin-21.0.9+10 (21.0.9+10) (build 21.0.9+10-LTS)
# Java VM: OpenJDK 64-Bit Server VM Temurin-21.0.9+10 (21.0.9+10-LTS, mixed mode, sharing, tiered, compressed oops, compressed class ptrs, parallel gc, windows-amd64)
# No core dump will be written. Minidumps are not enabled by default on client versions of Windows
#

---------------  S U M M A R Y ------------

Command Line: --add-modules=ALL-SYSTEM --add-opens=java.base/java.util=ALL-UNNAMED --add-opens=java.base/java.lang=ALL-UNNAMED --add-opens=java.base/sun.nio.fs=ALL-UNNAMED -Declipse.application=org.eclipse.jdt.ls.core.id1 -Dosgi.bundles.defaultStartLevel=4 -Declipse.product=org.eclipse.jdt.ls.core.product -Djava.import.generatesMetadataFilesAtProjectRoot=false -DDetectVMInstallationsJob.disabled=true -Dfile.encoding=utf8 -XX:+UseParallelGC -XX:GCTimeRatio=4 -XX:AdaptiveSizePolicyWeight=90 -Dsun.zip.disableMemoryMapping=true -Xmx2G -Xms100m -Xlog:disable -javaagent:c:\Users\ELCOT\.vscode\extensions\redhat.java-1.50.0-win32-x64\lombok\lombok-1.18.39-4050.jar -XX:+HeapDumpOnOutOfMemoryError -XX:HeapDumpPath=c:\Users\ELCOT\AppData\Roaming\Code\User\workspaceStorage\e5da04a65979cc07b9bbb55ca4796e30\redhat.java -Daether.dependencyCollector.impl=bf c:\Users\ELCOT\.vscode\extensions\redhat.java-1.50.0-win32-x64\server\plugins\org.eclipse.equinox.launcher_1.7.100.v20251111-0406.jar -configuration c:\Users\ELCOT\AppData\Roaming\Code\User\globalStorage\redhat.java\1.50.0\config_win -data c:\Users\ELCOT\AppData\Roaming\Code\User\workspaceStorage\e5da04a65979cc07b9bbb55ca4796e30\redhat.java\jdt_ws --pipe=\\.\pipe\lsp-90b6110eb982c83fde40cd3b6f24ca73-sock

Host: AMD PRO A4-4350B R4, 5 COMPUTE CORES 2C+3G     , 2 cores, 3G,  Windows 10 , 64 bit Build 19041 (10.0.19041.5915)
Time: Sat Nov 29 09:50:51 2025 Yukon Standard Time elapsed time: 1642.114550 seconds (0d 0h 27m 22s)

---------------  T H R E A D  ---------------

Current thread (0x0000016efb333830):  JavaThread "Attach Listener" daemon [_thread_in_vm, id=1428, stack(0x0000004941b00000,0x0000004941c00000) (1024K)]

Stack: [0x0000004941b00000,0x0000004941c00000]
Native frames: (J=compiled Java code, j=interpreted, Vv=VM code, C=native code)
V  [jvm.dll+0x6d6e29]
V  [jvm.dll+0x8b4b76]
V  [jvm.dll+0x8b712e]
V  [jvm.dll+0x8b7813]
V  [jvm.dll+0x283d86]
V  [jvm.dll+0xc1277]
V  [jvm.dll+0x6d76d9]
V  [jvm.dll+0x133466]
V  [jvm.dll+0x3f7ea6]
V  [jvm.dll+0x85e9ad]
V  [jvm.dll+0x6d565d]
C  [ucrtbase.dll+0x21bb2]
C  [KERNEL32.DLL+0x17374]
C  [ntdll.dll+0x4cc91]


---------------  P R O C E S S  ---------------

Threads class SMR info:
_java_thread_list=0x0000016ec61dadf0, length=28, elements={
0x0000016ee4982340, 0x0000016efb32c2a0, 0x0000016efb32def0, 0x0000016efb330f60,
0x0000016efb333830, 0x0000016efb336390, 0x0000016efb336de0, 0x0000016efb337c10,
0x0000016efb3ab490, 0x0000016ec50d36e0, 0x0000016ec5162220, 0x0000016ec579f9a0,
0x0000016efb3ba8a0, 0x0000016ec58b8260, 0x0000016ec58b88c0, 0x0000016ec5a09f30,
0x0000016ec5c08ba0, 0x0000016ec5754300, 0x0000016ec57528c0, 0x0000016ec5751ba0,
0x0000016ec5752230, 0x0000016ec74fa3e0, 0x0000016ec74faa70, 0x0000016ec74f7c80,
0x0000016ec74fb790, 0x0000016ec74fb100, 0x0000016ec74fec10, 0x0000016ec74f9d50
}

Java Threads: ( => current thread )
  0x0000016ee4982340 JavaThread "main"                              [_thread_blocked, id=13048, stack(0x0000004941400000,0x0000004941500000) (1024K)]
  0x0000016efb32c2a0 JavaThread "Reference Handler"          daemon [_thread_blocked, id=8968, stack(0x0000004941800000,0x0000004941900000) (1024K)]
  0x0000016efb32def0 JavaThread "Finalizer"                  daemon [_thread_blocked, id=8632, stack(0x0000004941900000,0x0000004941a00000) (1024K)]
  0x0000016efb330f60 JavaThread "Signal Dispatcher"          daemon [_thread_blocked, id=10768, stack(0x0000004941a00000,0x0000004941b00000) (1024K)]
=>0x0000016efb333830 JavaThread "Attach Listener"            daemon [_thread_in_vm, id=1428, stack(0x0000004941b00000,0x0000004941c00000) (1024K)]
  0x0000016efb336390 JavaThread "Service Thread"             daemon [_thread_blocked, id=3276, stack(0x0000004941c00000,0x0000004941d00000) (1024K)]
  0x0000016efb336de0 JavaThread "Monitor Deflation Thread"   daemon [_thread_blocked, id=9980, stack(0x0000004941d00000,0x0000004941e00000) (1024K)]
  0x0000016efb337c10 JavaThread "C2 CompilerThread0"         daemon [_thread_blocked, id=4972, stack(0x0000004941e00000,0x0000004941f00000) (1024K)]
  0x0000016efb3ab490 JavaThread "C1 CompilerThread0"         daemon [_thread_blocked, id=9536, stack(0x0000004941f00000,0x0000004942000000) (1024K)]
  0x0000016ec50d36e0 JavaThread "Common-Cleaner"             daemon [_thread_blocked, id=11040, stack(0x0000004942000000,0x0000004942100000) (1024K)]
  0x0000016ec5162220 JavaThread "Notification Thread"        daemon [_thread_blocked, id=6028, stack(0x0000004942100000,0x0000004942200000) (1024K)]
  0x0000016ec579f9a0 JavaThread "Active Thread: Equinox Container: 95cca63b-22e6-44d8-bec0-a29c14a479db"        [_thread_blocked, id=676, stack(0x0000004942300000,0x0000004942400000) (1024K)]
  0x0000016efb3ba8a0 JavaThread "Refresh Thread: Equinox Container: 95cca63b-22e6-44d8-bec0-a29c14a479db" daemon [_thread_blocked, id=11948, stack(0x0000004942400000,0x0000004942500000) (1024K)]
  0x0000016ec58b8260 JavaThread "Framework Event Dispatcher: Equinox Container: 95cca63b-22e6-44d8-bec0-a29c14a479db" daemon [_thread_blocked, id=2756, stack(0x0000004942500000,0x0000004942600000) (1024K)]
  0x0000016ec58b88c0 JavaThread "Start Level: Equinox Container: 95cca63b-22e6-44d8-bec0-a29c14a479db" daemon [_thread_blocked, id=12352, stack(0x0000004942600000,0x0000004942700000) (1024K)]
  0x0000016ec5a09f30 JavaThread "Bundle File Closer"         daemon [_thread_blocked, id=5480, stack(0x0000004942700000,0x0000004942800000) (1024K)]
  0x0000016ec5c08ba0 JavaThread "SCR Component Actor"        daemon [_thread_blocked, id=1064, stack(0x0000004942800000,0x0000004942900000) (1024K)]
  0x0000016ec5754300 JavaThread "Worker-JM"                         [_thread_blocked, id=11168, stack(0x0000004941100000,0x0000004941200000) (1024K)]
  0x0000016ec57528c0 JavaThread "JNA Cleaner"                daemon [_thread_blocked, id=8708, stack(0x0000004942900000,0x0000004942a00000) (1024K)]
  0x0000016ec5751ba0 JavaThread "Java indexing"              daemon [_thread_blocked, id=4804, stack(0x0000004942d00000,0x0000004942e00000) (1024K)]
  0x0000016ec5752230 JavaThread "Worker-4"                          [_thread_blocked, id=5540, stack(0x0000004943100000,0x0000004943200000) (1024K)]
  0x0000016ec74fa3e0 JavaThread "Thread-1"                   daemon [_thread_in_native, id=12072, stack(0x0000004943200000,0x0000004943300000) (1024K)]
  0x0000016ec74faa70 JavaThread "Thread-2"                   daemon [_thread_in_native, id=468, stack(0x0000004943300000,0x0000004943400000) (1024K)]
  0x0000016ec74f7c80 JavaThread "Thread-3"                   daemon [_thread_in_native, id=9172, stack(0x0000004943400000,0x0000004943500000) (1024K)]
  0x0000016ec74fb790 JavaThread "pool-2-thread-1"                   [_thread_blocked, id=5472, stack(0x0000004943500000,0x0000004943600000) (1024K)]
  0x0000016ec74fb100 JavaThread "WorkspaceEventsHandler"            [_thread_blocked, id=11568, stack(0x0000004943600000,0x0000004943700000) (1024K)]
  0x0000016ec74fec10 JavaThread "pool-1-thread-1"                   [_thread_blocked, id=1412, stack(0x0000004943700000,0x0000004943800000) (1024K)]
  0x0000016ec74f9d50 JavaThread "Worker-8"                          [_thread_blocked, id=6600, stack(0x0000004941300000,0x0000004941400000) (1024K)]
Total: 28

Other Threads:
  0x0000016ee4a40540 VMThread "VM Thread"                           [id=8760, stack(0x0000004941700000,0x0000004941800000) (1024K)]
  0x0000016efb31cb50 WatcherThread "VM Periodic Task Thread"        [id=11020, stack(0x0000004941600000,0x0000004941700000) (1024K)]
  0x0000016ee499fe00 WorkerThread "GC Thread#0"                     [id=2224, stack(0x0000004941500000,0x0000004941600000) (1024K)]
  0x0000016ec5782470 WorkerThread "GC Thread#1"                     [id=6984, stack(0x0000004942200000,0x0000004942300000) (1024K)]
Total: 4

Threads with active compile tasks:
Total: 0

VM state: not at safepoint (normal execution)

VM Mutex/Monitor currently owned by a thread: None

Heap address: 0x0000000080000000, size: 2048 MB, Compressed Oops mode: 32-bit

CDS archive(s) mapped at: [0x0000016e80000000-0x0000016e80ba0000-0x0000016e80ba0000), size 12189696, SharedBaseAddress: 0x0000016e80000000, ArchiveRelocationMode: 1.
Compressed class space mapped at: 0x0000016e81000000-0x0000016ec1000000, reserved size: 1073741824
Narrow klass base: 0x0000016e80000000, Narrow klass shift: 0, Narrow klass range: 0x100000000

GC Precious Log:
 CardTable entry size: 512
 CPUs: 2 total, 2 available
 Memory: 3935M
 Large Page Support: Disabled
 NUMA Support: Disabled
 Compressed Oops: Enabled (32-bit)
 Alignments: Space 512K, Generation 512K, Heap 2M
 Heap Min Capacity: 100M
 Heap Initial Capacity: 100M
 Heap Max Capacity: 2G
 Pre-touch: Disabled
 Parallel Workers: 2

Heap:
 PSYoungGen      total 13312K, used 4875K [0x00000000d5580000, 0x00000000d6380000, 0x0000000100000000)
  eden space 12288K, 37% used [0x00000000d5580000,0x00000000d59fadc0,0x00000000d6180000)
  from space 1024K, 28% used [0x00000000d6180000,0x00000000d61c8040,0x00000000d6280000)
  to   space 512K, 0% used [0x00000000d6300000,0x00000000d6300000,0x00000000d6380000)
 ParOldGen       total 86528K, used 84536K [0x0000000080000000, 0x0000000085480000, 0x00000000d5580000)
  object space 86528K, 97% used [0x0000000080000000,0x000000008528e2d8,0x0000000085480000)
 Metaspace       used 62111K, committed 63680K, reserved 1114112K
  class space    used 6628K, committed 7296K, reserved 1048576K

Card table byte_map: [0x0000016ee4330000,0x0000016ee4740000] _byte_map_base: 0x0000016ee3f30000

Marking Bits: (ParMarkBitMap*) 0x00007ffd2cb32460
 Begin Bits: [0x0000016ef6e40000, 0x0000016ef8e40000)
 End Bits:   [0x0000016ef8e40000, 0x0000016efae40000)

Polling page: 0x0000016ee2960000

Metaspace:

Usage:
  Non-class:     54.18 MB used.
      Class:      6.47 MB used.
       Both:     60.66 MB used.

Virtual space:
  Non-class space:       64.00 MB reserved,      55.06 MB ( 86%) committed,  1 nodes.
      Class space:        1.00 GB reserved,       7.12 MB ( <1%) committed,  1 nodes.
             Both:        1.06 GB reserved,      62.19 MB (  6%) committed. 

Chunk freelists:
   Non-Class:  8.41 MB
       Class:  8.87 MB
        Both:  17.28 MB

MaxMetaspaceSize: unlimited
CompressedClassSpaceSize: 1.00 GB
Initial GC threshold: 21.00 MB
Current GC threshold: 97.31 MB
CDS: on
 - commit_granule_bytes: 65536.
 - commit_granule_words: 8192.
 - virtual_space_node_default_size: 8388608.
 - enlarge_chunks_in_place: 1.
 - use_allocation_guard: 0.


Internal statistics:

num_allocs_failed_limit: 9.
num_arena_births: 1270.
num_arena_deaths: 14.
num_vsnodes_births: 2.
num_vsnodes_deaths: 0.
num_space_committed: 995.
num_space_uncommitted: 0.
num_chunks_returned_to_freelist: 23.
num_chunks_taken_from_freelist: 4153.
num_chunk_merges: 15.
num_chunk_splits: 2585.
num_chunks_enlarged: 1484.
num_inconsistent_stats: 0.

CodeHeap 'non-profiled nmethods': size=120064Kb used=6512Kb max_used=6512Kb free=113551Kb
 bounds [0x0000016eef650000, 0x0000016eefcb0000, 0x0000016ef6b90000]
CodeHeap 'profiled nmethods': size=120000Kb used=22921Kb max_used=22921Kb free=97079Kb
 bounds [0x0000016ee7b90000, 0x0000016ee9200000, 0x0000016eef0c0000]
CodeHeap 'non-nmethods': size=5696Kb used=1419Kb max_used=1459Kb free=4276Kb
 bounds [0x0000016eef0c0000, 0x0000016eef330000, 0x0000016eef650000]
CodeCache: size=245760Kb, used=30852Kb, max_used=30892Kb, free=214906Kb
 total_blobs=10993, nmethods=10258, adapters=642, full_count=0
Compilation: enabled, stopped_count=0, restarted_count=0

Compilation events (20 events):
Event: 1172.000 Thread 0x0000016efb3ab490 11105       3       java.util.concurrent.ScheduledThreadPoolExecutor::triggerTime (22 bytes)
Event: 1172.001 Thread 0x0000016efb3ab490 nmethod 11105 0x0000016ee91ef190 code [0x0000016ee91ef340, 0x0000016ee91ef520]
Event: 1172.001 Thread 0x0000016efb3ab490 11106       3       java.util.concurrent.ScheduledThreadPoolExecutor$DelayedWorkQueue::add (9 bytes)
Event: 1172.002 Thread 0x0000016efb3ab490 nmethod 11106 0x0000016ee91ef610 code [0x0000016ee91ef7e0, 0x0000016ee91efab8]
Event: 1172.002 Thread 0x0000016efb3ab490 11107       3       java.util.concurrent.ScheduledThreadPoolExecutor$DelayedWorkQueue::add (6 bytes)
Event: 1172.002 Thread 0x0000016efb3ab490 nmethod 11107 0x0000016ee91efb90 code [0x0000016ee91efd40, 0x0000016ee91efe98]
Event: 1182.008 Thread 0x0000016efb3ab490 11108       3       java.util.concurrent.ThreadPoolExecutor::beforeExecute (1 bytes)
Event: 1182.008 Thread 0x0000016efb3ab490 nmethod 11108 0x0000016ee91eff90 code [0x0000016ee91f0120, 0x0000016ee91f0228]
Event: 1192.028 Thread 0x0000016efb3ab490 11109       3       java.util.concurrent.ScheduledThreadPoolExecutor$DelayedWorkQueue::finishPoll (43 bytes)
Event: 1192.029 Thread 0x0000016efb3ab490 nmethod 11109 0x0000016ee91f0290 code [0x0000016ee91f0460, 0x0000016ee91f09e8]
Event: 1192.029 Thread 0x0000016efb3ab490 11110       3       java.util.concurrent.ScheduledThreadPoolExecutor$ScheduledFutureTask::run (57 bytes)
Event: 1192.031 Thread 0x0000016efb3ab490 nmethod 11110 0x0000016ee91f0b90 code [0x0000016ee91f0dc0, 0x0000016ee91f1330]
Event: 1202.039 Thread 0x0000016efb3ab490 11111       3       java.util.concurrent.ThreadPoolExecutor::afterExecute (1 bytes)
Event: 1202.039 Thread 0x0000016efb3ab490 nmethod 11111 0x0000016ee91f1510 code [0x0000016ee91f16a0, 0x0000016ee91f17a8]
Event: 1262.083 Thread 0x0000016efb3ab490 11112       3       java.util.concurrent.locks.AbstractQueuedSynchronizer$ConditionObject::unlinkCancelledWaiters (91 bytes)
Event: 1262.084 Thread 0x0000016efb3ab490 nmethod 11112 0x0000016ee91f1810 code [0x0000016ee91f19c0, 0x0000016ee91f1d50]
Event: 1266.116 Thread 0x0000016efb3ab490 11113       3       org.eclipse.core.internal.resources.ResourceInfo::shareStrings (43 bytes)
Event: 1266.118 Thread 0x0000016efb3ab490 nmethod 11113 0x0000016ee91f1e90 code [0x0000016ee91f2060, 0x0000016ee91f2300]
Event: 1362.188 Thread 0x0000016efb3ab490 11114       1       org.eclipse.jdt.ls.core.internal.LanguageServerApplication::getParentProcessId (5 bytes)
Event: 1362.189 Thread 0x0000016efb3ab490 nmethod 11114 0x0000016eefcabe90 code [0x0000016eefcac020, 0x0000016eefcac0e8]

GC Heap History (20 events):
Event: 172.336 GC heap before
{Heap before GC invocations=73 (full 2):
 PSYoungGen      total 14848K, used 3153K [0x00000000d5580000, 0x00000000d6680000, 0x0000000100000000)
  eden space 13312K, 12% used [0x00000000d5580000,0x00000000d5724728,0x00000000d6280000)
  from space 1536K, 95% used [0x00000000d6500000,0x00000000d6670000,0x00000000d6680000)
  to   space 2048K, 0% used [0x00000000d6280000,0x00000000d6280000,0x00000000d6480000)
 ParOldGen       total 73216K, used 73142K [0x0000000080000000, 0x0000000084780000, 0x00000000d5580000)
  object space 73216K, 99% used [0x0000000080000000,0x000000008476d848,0x0000000084780000)
 Metaspace       used 58454K, committed 59776K, reserved 1114112K
  class space    used 6269K, committed 6848K, reserved 1048576K
}
Event: 172.348 GC heap after
{Heap after GC invocations=73 (full 2):
 PSYoungGen      total 15360K, used 480K [0x00000000d5580000, 0x00000000d6580000, 0x0000000100000000)
  eden space 13312K, 0% used [0x00000000d5580000,0x00000000d5580000,0x00000000d6280000)
  from space 2048K, 23% used [0x00000000d6280000,0x00000000d62f8000,0x00000000d6480000)
  to   space 1024K, 0% used [0x00000000d6480000,0x00000000d6480000,0x00000000d6580000)
 ParOldGen       total 74752K, used 74566K [0x0000000080000000, 0x0000000084900000, 0x00000000d5580000)
  object space 74752K, 99% used [0x0000000080000000,0x00000000848d1888,0x0000000084900000)
 Metaspace       used 58454K, committed 59776K, reserved 1114112K
  class space    used 6269K, committed 6848K, reserved 1048576K
}
Event: 172.349 GC heap before
{Heap before GC invocations=74 (full 3):
 PSYoungGen      total 15360K, used 480K [0x00000000d5580000, 0x00000000d6580000, 0x0000000100000000)
  eden space 13312K, 0% used [0x00000000d5580000,0x00000000d5580000,0x00000000d6280000)
  from space 2048K, 23% used [0x00000000d6280000,0x00000000d62f8000,0x00000000d6480000)
  to   space 1024K, 0% used [0x00000000d6480000,0x00000000d6480000,0x00000000d6580000)
 ParOldGen       total 74752K, used 74566K [0x0000000080000000, 0x0000000084900000, 0x00000000d5580000)
  object space 74752K, 99% used [0x0000000080000000,0x00000000848d1888,0x0000000084900000)
 Metaspace       used 58454K, committed 59776K, reserved 1114112K
  class space    used 6269K, committed 6848K, reserved 1048576K
}
Event: 172.790 GC heap after
{Heap after GC invocations=74 (full 3):
 PSYoungGen      total 15360K, used 0K [0x00000000d5580000, 0x00000000d6580000, 0x0000000100000000)
  eden space 13312K, 0% used [0x00000000d5580000,0x00000000d5580000,0x00000000d6280000)
  from space 2048K, 0% used [0x00000000d6280000,0x00000000d6280000,0x00000000d6480000)
  to   space 1024K, 0% used [0x00000000d6480000,0x00000000d6480000,0x00000000d6580000)
 ParOldGen       total 74752K, used 56572K [0x0000000080000000, 0x0000000084900000, 0x00000000d5580000)
  object space 74752K, 75% used [0x0000000080000000,0x000000008373f170,0x0000000084900000)
 Metaspace       used 58454K, committed 59776K, reserved 1114112K
  class space    used 6269K, committed 6848K, reserved 1048576K
}
Event: 177.682 GC heap before
{Heap before GC invocations=75 (full 3):
 PSYoungGen      total 15360K, used 13312K [0x00000000d5580000, 0x00000000d6580000, 0x0000000100000000)
  eden space 13312K, 100% used [0x00000000d5580000,0x00000000d6280000,0x00000000d6280000)
  from space 2048K, 0% used [0x00000000d6280000,0x00000000d6280000,0x00000000d6480000)
  to   space 1024K, 0% used [0x00000000d6480000,0x00000000d6480000,0x00000000d6580000)
 ParOldGen       total 74752K, used 56572K [0x0000000080000000, 0x0000000084900000, 0x00000000d5580000)
  object space 74752K, 75% used [0x0000000080000000,0x000000008373f170,0x0000000084900000)
 Metaspace       used 58674K, committed 60096K, reserved 1114112K
  class space    used 6269K, committed 6848K, reserved 1048576K
}
Event: 177.686 GC heap after
{Heap after GC invocations=75 (full 3):
 PSYoungGen      total 14336K, used 960K [0x00000000d5580000, 0x00000000d6580000, 0x0000000100000000)
  eden space 13312K, 0% used [0x00000000d5580000,0x00000000d5580000,0x00000000d6280000)
  from space 1024K, 93% used [0x00000000d6480000,0x00000000d6570000,0x00000000d6580000)
  to   space 1536K, 0% used [0x00000000d6280000,0x00000000d6280000,0x00000000d6400000)
 ParOldGen       total 74752K, used 56580K [0x0000000080000000, 0x0000000084900000, 0x00000000d5580000)
  object space 74752K, 75% used [0x0000000080000000,0x0000000083741170,0x0000000084900000)
 Metaspace       used 58674K, committed 60096K, reserved 1114112K
  class space    used 6269K, committed 6848K, reserved 1048576K
}
Event: 183.099 GC heap before
{Heap before GC invocations=76 (full 3):
 PSYoungGen      total 14336K, used 14272K [0x00000000d5580000, 0x00000000d6580000, 0x0000000100000000)
  eden space 13312K, 100% used [0x00000000d5580000,0x00000000d6280000,0x00000000d6280000)
  from space 1024K, 93% used [0x00000000d6480000,0x00000000d6570000,0x00000000d6580000)
  to   space 1536K, 0% used [0x00000000d6280000,0x00000000d6280000,0x00000000d6400000)
 ParOldGen       total 74752K, used 56580K [0x0000000080000000, 0x0000000084900000, 0x00000000d5580000)
  object space 74752K, 75% used [0x0000000080000000,0x0000000083741170,0x0000000084900000)
 Metaspace       used 58769K, committed 60224K, reserved 1114112K
  class space    used 6275K, committed 6912K, reserved 1048576K
}
Event: 183.105 GC heap after
{Heap after GC invocations=76 (full 3):
 PSYoungGen      total 14848K, used 1056K [0x00000000d5580000, 0x00000000d6580000, 0x0000000100000000)
  eden space 13312K, 0% used [0x00000000d5580000,0x00000000d5580000,0x00000000d6280000)
  from space 1536K, 68% used [0x00000000d6280000,0x00000000d6388000,0x00000000d6400000)
  to   space 1536K, 0% used [0x00000000d6400000,0x00000000d6400000,0x00000000d6580000)
 ParOldGen       total 74752K, used 57412K [0x0000000080000000, 0x0000000084900000, 0x00000000d5580000)
  object space 74752K, 76% used [0x0000000080000000,0x0000000083811170,0x0000000084900000)
 Metaspace       used 58769K, committed 60224K, reserved 1114112K
  class space    used 6275K, committed 6912K, reserved 1048576K
}
Event: 186.468 GC heap before
{Heap before GC invocations=77 (full 3):
 PSYoungGen      total 14848K, used 14363K [0x00000000d5580000, 0x00000000d6580000, 0x0000000100000000)
  eden space 13312K, 99% used [0x00000000d5580000,0x00000000d627ec48,0x00000000d6280000)
  from space 1536K, 68% used [0x00000000d6280000,0x00000000d6388000,0x00000000d6400000)
  to   space 1536K, 0% used [0x00000000d6400000,0x00000000d6400000,0x00000000d6580000)
 ParOldGen       total 74752K, used 57412K [0x0000000080000000, 0x0000000084900000, 0x00000000d5580000)
  object space 74752K, 76% used [0x0000000080000000,0x0000000083811170,0x0000000084900000)
 Metaspace       used 59165K, committed 60544K, reserved 1114112K
  class space    used 6313K, committed 6912K, reserved 1048576K
}
Event: 186.472 GC heap after
{Heap after GC invocations=77 (full 3):
 PSYoungGen      total 13824K, used 416K [0x00000000d5580000, 0x00000000d6480000, 0x0000000100000000)
  eden space 13312K, 0% used [0x00000000d5580000,0x00000000d5580000,0x00000000d6280000)
  from space 512K, 81% used [0x00000000d6400000,0x00000000d6468000,0x00000000d6480000)
  to   space 1024K, 0% used [0x00000000d6280000,0x00000000d6280000,0x00000000d6380000)
 ParOldGen       total 74752K, used 58147K [0x0000000080000000, 0x0000000084900000, 0x00000000d5580000)
  object space 74752K, 77% used [0x0000000080000000,0x00000000838c8c08,0x0000000084900000)
 Metaspace       used 59165K, committed 60544K, reserved 1114112K
  class space    used 6313K, committed 6912K, reserved 1048576K
}
Event: 259.656 GC heap before
{Heap before GC invocations=78 (full 3):
 PSYoungGen      total 13824K, used 13728K [0x00000000d5580000, 0x00000000d6480000, 0x0000000100000000)
  eden space 13312K, 100% used [0x00000000d5580000,0x00000000d6280000,0x00000000d6280000)
  from space 512K, 81% used [0x00000000d6400000,0x00000000d6468000,0x00000000d6480000)
  to   space 1024K, 0% used [0x00000000d6280000,0x00000000d6280000,0x00000000d6380000)
 ParOldGen       total 74752K, used 58147K [0x0000000080000000, 0x0000000084900000, 0x00000000d5580000)
  object space 74752K, 77% used [0x0000000080000000,0x00000000838c8c08,0x0000000084900000)
 Metaspace       used 60110K, committed 61568K, reserved 1114112K
  class space    used 6420K, committed 7040K, reserved 1048576K
}
Event: 259.663 GC heap after
{Heap after GC invocations=78 (full 3):
 PSYoungGen      total 14336K, used 676K [0x00000000d5580000, 0x00000000d6480000, 0x0000000100000000)
  eden space 13312K, 0% used [0x00000000d5580000,0x00000000d5580000,0x00000000d6280000)
  from space 1024K, 66% used [0x00000000d6280000,0x00000000d6329188,0x00000000d6380000)
  to   space 1024K, 0% used [0x00000000d6380000,0x00000000d6380000,0x00000000d6480000)
 ParOldGen       total 74752K, used 58363K [0x0000000080000000, 0x0000000084900000, 0x00000000d5580000)
  object space 74752K, 78% used [0x0000000080000000,0x00000000838fec08,0x0000000084900000)
 Metaspace       used 60110K, committed 61568K, reserved 1114112K
  class space    used 6420K, committed 7040K, reserved 1048576K
}
Event: 267.689 GC heap before
{Heap before GC invocations=79 (full 3):
 PSYoungGen      total 14336K, used 13988K [0x00000000d5580000, 0x00000000d6480000, 0x0000000100000000)
  eden space 13312K, 100% used [0x00000000d5580000,0x00000000d6280000,0x00000000d6280000)
  from space 1024K, 66% used [0x00000000d6280000,0x00000000d6329188,0x00000000d6380000)
  to   space 1024K, 0% used [0x00000000d6380000,0x00000000d6380000,0x00000000d6480000)
 ParOldGen       total 74752K, used 58363K [0x0000000080000000, 0x0000000084900000, 0x00000000d5580000)
  object space 74752K, 78% used [0x0000000080000000,0x00000000838fec08,0x0000000084900000)
 Metaspace       used 60711K, committed 62208K, reserved 1114112K
  class space    used 6505K, committed 7104K, reserved 1048576K
}
Event: 267.697 GC heap after
{Heap after GC invocations=79 (full 3):
 PSYoungGen      total 13312K, used 992K [0x00000000d5580000, 0x00000000d6680000, 0x0000000100000000)
  eden space 12288K, 0% used [0x00000000d5580000,0x00000000d5580000,0x00000000d6180000)
  from space 1024K, 96% used [0x00000000d6380000,0x00000000d6478020,0x00000000d6480000)
  to   space 2048K, 0% used [0x00000000d6180000,0x00000000d6180000,0x00000000d6380000)
 ParOldGen       total 74752K, used 59136K [0x0000000080000000, 0x0000000084900000, 0x00000000d5580000)
  object space 74752K, 79% used [0x0000000080000000,0x00000000839c02a8,0x0000000084900000)
 Metaspace       used 60711K, committed 62208K, reserved 1114112K
  class space    used 6505K, committed 7104K, reserved 1048576K
}
Event: 270.737 GC heap before
{Heap before GC invocations=80 (full 3):
 PSYoungGen      total 13312K, used 13280K [0x00000000d5580000, 0x00000000d6680000, 0x0000000100000000)
  eden space 12288K, 100% used [0x00000000d5580000,0x00000000d6180000,0x00000000d6180000)
  from space 1024K, 96% used [0x00000000d6380000,0x00000000d6478020,0x00000000d6480000)
  to   space 2048K, 0% used [0x00000000d6180000,0x00000000d6180000,0x00000000d6380000)
 ParOldGen       total 74752K, used 59136K [0x0000000080000000, 0x0000000084900000, 0x00000000d5580000)
  object space 74752K, 79% used [0x0000000080000000,0x00000000839c02a8,0x0000000084900000)
 Metaspace       used 61317K, committed 62784K, reserved 1114112K
  class space    used 6568K, committed 7168K, reserved 1048576K
}
Event: 270.745 GC heap after
{Heap after GC invocations=80 (full 3):
 PSYoungGen      total 13824K, used 1397K [0x00000000d5580000, 0x00000000d6480000, 0x0000000100000000)
  eden space 12288K, 0% used [0x00000000d5580000,0x00000000d5580000,0x00000000d6180000)
  from space 1536K, 90% used [0x00000000d6180000,0x00000000d62dd430,0x00000000d6300000)
  to   space 1536K, 0% used [0x00000000d6300000,0x00000000d6300000,0x00000000d6480000)
 ParOldGen       total 74752K, used 60104K [0x0000000080000000, 0x0000000084900000, 0x00000000d5580000)
  object space 74752K, 80% used [0x0000000080000000,0x0000000083ab22c8,0x0000000084900000)
 Metaspace       used 61317K, committed 62784K, reserved 1114112K
  class space    used 6568K, committed 7168K, reserved 1048576K
}
Event: 272.592 GC heap before
{Heap before GC invocations=81 (full 3):
 PSYoungGen      total 13824K, used 13685K [0x00000000d5580000, 0x00000000d6480000, 0x0000000100000000)
  eden space 12288K, 100% used [0x00000000d5580000,0x00000000d6180000,0x00000000d6180000)
  from space 1536K, 90% used [0x00000000d6180000,0x00000000d62dd430,0x00000000d6300000)
  to   space 1536K, 0% used [0x00000000d6300000,0x00000000d6300000,0x00000000d6480000)
 ParOldGen       total 86528K, used 83144K [0x0000000080000000, 0x0000000085480000, 0x00000000d5580000)
  object space 86528K, 96% used [0x0000000080000000,0x00000000851322e8,0x0000000085480000)
 Metaspace       used 61524K, committed 63104K, reserved 1114112K
  class space    used 6586K, committed 7232K, reserved 1048576K
}
Event: 272.599 GC heap after
{Heap after GC invocations=81 (full 3):
 PSYoungGen      total 12800K, used 128K [0x00000000d5580000, 0x00000000d6380000, 0x0000000100000000)
  eden space 12288K, 0% used [0x00000000d5580000,0x00000000d5580000,0x00000000d6180000)
  from space 512K, 25% used [0x00000000d6300000,0x00000000d6320000,0x00000000d6380000)
  to   space 1024K, 0% used [0x00000000d6180000,0x00000000d6180000,0x00000000d6280000)
 ParOldGen       total 86528K, used 84440K [0x0000000080000000, 0x0000000085480000, 0x00000000d5580000)
  object space 86528K, 97% used [0x0000000080000000,0x00000000852762d8,0x0000000085480000)
 Metaspace       used 61524K, committed 63104K, reserved 1114112K
  class space    used 6586K, committed 7232K, reserved 1048576K
}
Event: 517.093 GC heap before
{Heap before GC invocations=82 (full 3):
 PSYoungGen      total 12800K, used 12416K [0x00000000d5580000, 0x00000000d6380000, 0x0000000100000000)
  eden space 12288K, 100% used [0x00000000d5580000,0x00000000d6180000,0x00000000d6180000)
  from space 512K, 25% used [0x00000000d6300000,0x00000000d6320000,0x00000000d6380000)
  to   space 1024K, 0% used [0x00000000d6180000,0x00000000d6180000,0x00000000d6280000)
 ParOldGen       total 86528K, used 84440K [0x0000000080000000, 0x0000000085480000, 0x00000000d5580000)
  object space 86528K, 97% used [0x0000000080000000,0x00000000852762d8,0x0000000085480000)
 Metaspace       used 61780K, committed 63296K, reserved 1114112K
  class space    used 6600K, committed 7232K, reserved 1048576K
}
Event: 517.117 GC heap after
{Heap after GC invocations=82 (full 3):
 PSYoungGen      total 13312K, used 288K [0x00000000d5580000, 0x00000000d6380000, 0x0000000100000000)
  eden space 12288K, 0% used [0x00000000d5580000,0x00000000d5580000,0x00000000d6180000)
  from space 1024K, 28% used [0x00000000d6180000,0x00000000d61c8040,0x00000000d6280000)
  to   space 512K, 0% used [0x00000000d6300000,0x00000000d6300000,0x00000000d6380000)
 ParOldGen       total 86528K, used 84536K [0x0000000080000000, 0x0000000085480000, 0x00000000d5580000)
  object space 86528K, 97% used [0x0000000080000000,0x000000008528e2d8,0x0000000085480000)
 Metaspace       used 61780K, committed 63296K, reserved 1114112K
  class space    used 6600K, committed 7232K, reserved 1048576K
}

Dll operation events (10 events):
Event: 0.072 Loaded shared library c:\Users\ELCOT\.vscode\extensions\redhat.java-1.50.0-win32-x64\jre\21.0.9-win32-x86_64\bin\java.dll
Event: 0.885 Loaded shared library c:\Users\ELCOT\.vscode\extensions\redhat.java-1.50.0-win32-x64\jre\21.0.9-win32-x86_64\bin\zip.dll
Event: 1.070 Loaded shared library C:\Users\ELCOT\.vscode\extensions\redhat.java-1.50.0-win32-x64\jre\21.0.9-win32-x86_64\bin\instrument.dll
Event: 1.271 Loaded shared library C:\Users\ELCOT\.vscode\extensions\redhat.java-1.50.0-win32-x64\jre\21.0.9-win32-x86_64\bin\net.dll
Event: 1.277 Loaded shared library C:\Users\ELCOT\.vscode\extensions\redhat.java-1.50.0-win32-x64\jre\21.0.9-win32-x86_64\bin\nio.dll
Event: 1.290 Loaded shared library C:\Users\ELCOT\.vscode\extensions\redhat.java-1.50.0-win32-x64\jre\21.0.9-win32-x86_64\bin\zip.dll
Event: 1.499 Loaded shared library C:\Users\ELCOT\.vscode\extensions\redhat.java-1.50.0-win32-x64\jre\21.0.9-win32-x86_64\bin\jimage.dll
Event: 2.025 Loaded shared library c:\Users\ELCOT\.vscode\extensions\redhat.java-1.50.0-win32-x64\jre\21.0.9-win32-x86_64\bin\verify.dll
Event: 28.793 Loaded shared library C:\Users\ELCOT\AppData\Roaming\Code\User\globalStorage\redhat.java\1.50.0\config_win\org.eclipse.equinox.launcher\org.eclipse.equinox.launcher.win32.win32.x86_64_1.2.1400.v20250801-0854\eclipse_11916.dll
Event: 65.321 Loaded shared library C:\Users\ELCOT\AppData\Local\Temp\jna-66053985\jna2153796624049246322.dll

Deoptimization events (20 events):
Event: 559.405 Thread 0x0000016ec74f9d50 Uncommon trap: trap_request=0xffffffc6 fr.pc=0x0000016eef8e13d8 relative=0x0000000000001338
Event: 559.405 Thread 0x0000016ec74f9d50 Uncommon trap: reason=bimorphic_or_optimized_type_check action=maybe_recompile pc=0x0000016eef8e13d8 method=java.io.DataOutputStream.write([BII)V @ 7 c2
Event: 559.405 Thread 0x0000016ec74f9d50 DEOPT PACKING pc=0x0000016eef8e13d8 sp=0x00000049413fede0
Event: 559.405 Thread 0x0000016ec74f9d50 DEOPT UNPACKING pc=0x0000016eef113aa2 sp=0x00000049413fed30 mode 2
Event: 559.422 Thread 0x0000016ec74f9d50 Uncommon trap: trap_request=0xffffffc6 fr.pc=0x0000016eef692b6c relative=0x00000000000009cc
Event: 559.422 Thread 0x0000016ec74f9d50 Uncommon trap: reason=bimorphic_or_optimized_type_check action=maybe_recompile pc=0x0000016eef692b6c method=java.io.DataOutputStream.writeInt(I)V @ 19 c2
Event: 559.422 Thread 0x0000016ec74f9d50 DEOPT PACKING pc=0x0000016eef692b6c sp=0x00000049413feb10
Event: 559.422 Thread 0x0000016ec74f9d50 DEOPT UNPACKING pc=0x0000016eef113aa2 sp=0x00000049413feaf8 mode 2
Event: 559.422 Thread 0x0000016ec74f9d50 Uncommon trap: trap_request=0xffffffc6 fr.pc=0x0000016eef692b6c relative=0x00000000000009cc
Event: 559.422 Thread 0x0000016ec74f9d50 Uncommon trap: reason=bimorphic_or_optimized_type_check action=maybe_recompile pc=0x0000016eef692b6c method=java.io.DataOutputStream.writeInt(I)V @ 19 c2
Event: 559.422 Thread 0x0000016ec74f9d50 DEOPT PACKING pc=0x0000016eef692b6c sp=0x00000049413feab0
Event: 559.422 Thread 0x0000016ec74f9d50 DEOPT UNPACKING pc=0x0000016eef113aa2 sp=0x00000049413fea98 mode 2
Event: 559.814 Thread 0x0000016ec74f9d50 Uncommon trap: trap_request=0xffffffc6 fr.pc=0x0000016eefc0b284 relative=0x0000000000004944
Event: 559.814 Thread 0x0000016ec74f9d50 Uncommon trap: reason=bimorphic_or_optimized_type_check action=maybe_recompile pc=0x0000016eefc0b284 method=java.util.Properties.load0(Ljava/util/Properties$LineReader;)V @ 241 c2
Event: 559.815 Thread 0x0000016ec74f9d50 DEOPT PACKING pc=0x0000016eefc0b284 sp=0x00000049413ff0a0
Event: 559.815 Thread 0x0000016ec74f9d50 DEOPT UNPACKING pc=0x0000016eef113aa2 sp=0x00000049413ff0a0 mode 2
Event: 559.815 Thread 0x0000016ec74f9d50 Uncommon trap: trap_request=0xffffffc6 fr.pc=0x0000016eefbdc8c8 relative=0x0000000000004b08
Event: 559.815 Thread 0x0000016ec74f9d50 Uncommon trap: reason=bimorphic_or_optimized_type_check action=maybe_recompile pc=0x0000016eefbdc8c8 method=java.util.Properties.load0(Ljava/util/Properties$LineReader;)V @ 241 c2
Event: 559.815 Thread 0x0000016ec74f9d50 DEOPT PACKING pc=0x0000016eefbdc8c8 sp=0x00000049413ff0a0
Event: 559.815 Thread 0x0000016ec74f9d50 DEOPT UNPACKING pc=0x0000016eef113aa2 sp=0x00000049413ff0a0 mode 2

Classes loaded (20 events):
Event: 271.989 Loading class java/util/ImmutableCollections$SubList
Event: 272.008 Loading class java/util/ImmutableCollections$SubList done
Event: 516.764 Loading class java/util/ArrayDeque$DeqSpliterator
Event: 516.765 Loading class java/util/ArrayDeque$DeqSpliterator done
Event: 557.290 Loading class java/util/stream/Nodes$CollectorTask$OfRef
Event: 557.625 Loading class java/util/stream/Nodes$CollectorTask
Event: 557.779 Loading class java/util/stream/Nodes$CollectorTask done
Event: 557.779 Loading class java/util/stream/Nodes$CollectorTask$OfRef done
Event: 557.779 Loading class java/util/function/LongFunction
Event: 557.832 Loading class java/util/function/LongFunction done
Event: 557.832 Loading class java/util/stream/Nodes$ConcNode
Event: 557.833 Loading class java/util/stream/Nodes$AbstractConcNode
Event: 557.835 Loading class java/util/stream/Nodes$AbstractConcNode done
Event: 557.835 Loading class java/util/stream/Nodes$ConcNode done
Event: 558.819 Loading class java/io/ObjectOutputStream$BlockDataOutputStream
Event: 558.886 Loading class java/io/ObjectOutputStream$BlockDataOutputStream done
Event: 558.886 Loading class java/io/ObjectOutputStream$HandleTable
Event: 558.887 Loading class java/io/ObjectOutputStream$HandleTable done
Event: 558.887 Loading class java/io/ObjectOutputStream$ReplaceTable
Event: 558.887 Loading class java/io/ObjectOutputStream$ReplaceTable done

Classes unloaded (7 events):
Event: 69.966 Thread 0x0000016ee4a40540 Unloading class 0x0000016e811a9400 'java/lang/invoke/LambdaForm$MH+0x0000016e811a9400'
Event: 69.966 Thread 0x0000016ee4a40540 Unloading class 0x0000016e811a9000 'java/lang/invoke/LambdaForm$MH+0x0000016e811a9000'
Event: 69.966 Thread 0x0000016ee4a40540 Unloading class 0x0000016e811a8c00 'java/lang/invoke/LambdaForm$MH+0x0000016e811a8c00'
Event: 69.966 Thread 0x0000016ee4a40540 Unloading class 0x0000016e811a8800 'java/lang/invoke/LambdaForm$MH+0x0000016e811a8800'
Event: 69.966 Thread 0x0000016ee4a40540 Unloading class 0x0000016e811a8400 'java/lang/invoke/LambdaForm$BMH+0x0000016e811a8400'
Event: 69.966 Thread 0x0000016ee4a40540 Unloading class 0x0000016e811a8000 'java/lang/invoke/LambdaForm$DMH+0x0000016e811a8000'
Event: 69.966 Thread 0x0000016ee4a40540 Unloading class 0x0000016e811a6c00 'java/lang/invoke/LambdaForm$DMH+0x0000016e811a6c00'

Classes redefined (0 events):
No events

Internal exceptions (20 events):
Event: 256.745 Thread 0x0000016ec74fb100 Exception <a 'java/io/FileNotFoundException'{0x00000000d5ea4260}> (0x00000000d5ea4260) 
thrown [s\src\hotspot\share\prims\jni.cpp, line 520]
Event: 259.037 Thread 0x0000016ec57535e0 Exception <a 'java/io/FileNotFoundException'{0x00000000d60d70c8}> (0x00000000d60d70c8) 
thrown [s\src\hotspot\share\prims\jni.cpp, line 520]
Event: 259.038 Thread 0x0000016ec57535e0 Exception <a 'java/io/FileNotFoundException'{0x00000000d60d8460}> (0x00000000d60d8460) 
thrown [s\src\hotspot\share\prims\jni.cpp, line 520]
Event: 259.039 Thread 0x0000016ec57535e0 Exception <a 'java/io/FileNotFoundException'{0x00000000d60d9478}> (0x00000000d60d9478) 
thrown [s\src\hotspot\share\prims\jni.cpp, line 520]
Event: 259.987 Thread 0x0000016ec57535e0 Exception <a 'java/lang/NoSuchMethodError'{0x00000000d5725fb0}: 'java.lang.Object java.lang.invoke.DirectMethodHandle$Holder.newInvokeSpecial(java.lang.Object, java.lang.Object, int, java.lang.Object, java.lang.Object)'> (0x00000000d5725fb0) 
thrown [s\src\hotspot\share\interpreter\linkResolver.cpp, line 773]
Event: 260.000 Thread 0x0000016ec57535e0 Exception <a 'java/lang/NoSuchMethodError'{0x00000000d573f520}: 'java.lang.Object java.lang.invoke.DirectMethodHandle$Holder.invokeSpecial(java.lang.Object, java.lang.Object, java.lang.Object, int, java.lang.Object, java.lang.Object, java.lang.Object)'> (0x00000000d573f520) 
thrown [s\src\hotspot\share\interpreter\linkResolver.cpp, line 773]
Event: 260.004 Thread 0x0000016ec57535e0 Exception <a 'java/lang/NoSuchMethodError'{0x00000000d57475d0}: 'java.lang.Object java.lang.invoke.DirectMethodHandle$Holder.invokeStatic(java.lang.Object, java.lang.Object, int, java.lang.Object, java.lang.Object)'> (0x00000000d57475d0) 
thrown [s\src\hotspot\share\interpreter\linkResolver.cpp, line 773]
Event: 260.229 Thread 0x0000016ec57535e0 Exception <a 'java/lang/NoSuchMethodError'{0x00000000d57c7a20}: 'void java.lang.invoke.DirectMethodHandle$Holder.invokeStatic(java.lang.Object, int)'> (0x00000000d57c7a20) 
thrown [s\src\hotspot\share\interpreter\linkResolver.cpp, line 773]
Event: 266.179 Thread 0x0000016ec57535e0 Exception <a 'java/io/FileNotFoundException'{0x00000000d5eadf38}> (0x00000000d5eadf38) 
thrown [s\src\hotspot\share\prims\jni.cpp, line 520]
Event: 266.180 Thread 0x0000016ec57535e0 Exception <a 'java/io/FileNotFoundException'{0x00000000d5eaf1d0}> (0x00000000d5eaf1d0) 
thrown [s\src\hotspot\share\prims\jni.cpp, line 520]
Event: 266.180 Thread 0x0000016ec57535e0 Exception <a 'java/io/FileNotFoundException'{0x00000000d5eb01c0}> (0x00000000d5eb01c0) 
thrown [s\src\hotspot\share\prims\jni.cpp, line 520]
Event: 266.337 Thread 0x0000016ec57535e0 Implicit null exception at 0x0000016eef81ce15 to 0x0000016eef81d3a4
Event: 269.439 Thread 0x0000016ec57535e0 Implicit null exception at 0x0000016eef9764cf to 0x0000016eef977198
Event: 271.125 Thread 0x0000016ec57535e0 Exception <a 'sun/nio/fs/WindowsException'{0x00000000d5de9e68}> (0x00000000d5de9e68) 
thrown [s\src\hotspot\share\prims\jni.cpp, line 520]
Event: 274.388 Thread 0x0000016ec5752230 Exception <a 'sun/nio/fs/WindowsException'{0x00000000d5bb3828}> (0x00000000d5bb3828) 
thrown [s\src\hotspot\share\prims\jni.cpp, line 520]
Event: 558.338 Thread 0x0000016ec74f9d50 Exception <a 'sun/nio/fs/WindowsException'{0x00000000d58fc078}> (0x00000000d58fc078) 
thrown [s\src\hotspot\share\prims\jni.cpp, line 520]
Event: 558.338 Thread 0x0000016ec74f9d50 Exception <a 'sun/nio/fs/WindowsException'{0x00000000d58fc978}> (0x00000000d58fc978) 
thrown [s\src\hotspot\share\prims\jni.cpp, line 520]
Event: 558.341 Thread 0x0000016ec74f9d50 Implicit null exception at 0x0000016eefc38e06 to 0x0000016eefc3918c
Event: 559.169 Thread 0x0000016ec74f9d50 Exception <a 'java/lang/NoSuchMethodError'{0x00000000d5991090}: static [J.<clinit>()V> (0x00000000d5991090) 
thrown [s\src\hotspot\share\prims\jni.cpp, line 1111]
Event: 559.576 Thread 0x0000016ec74f9d50 Exception <a 'java/lang/NoSuchMethodError'{0x00000000d59c4ab8}: 'java.lang.Object java.lang.invoke.DirectMethodHandle$Holder.newInvokeSpecial(java.lang.Object, java.lang.Object, java.lang.Object, java.lang.Object, java.lang.Object, java.lang.Object, java.lang.Object, java.lang.Object)'> (0x00000000d59c4ab8) 
thrown [s\src\hotspot\share\interpreter\linkResolver.cpp, line 773]

ZGC Phase Switch (0 events):
No events

VM Operations (20 events):
Event: 557.251 Executing VM operation: Cleanup
Event: 557.251 Executing VM operation: Cleanup done
Event: 558.257 Executing VM operation: Cleanup
Event: 558.257 Executing VM operation: Cleanup done
Event: 559.274 Executing VM operation: Cleanup
Event: 559.309 Executing VM operation: Cleanup done
Event: 559.347 Executing VM operation: HandshakeAllThreads (Deoptimize)
Event: 559.347 Executing VM operation: HandshakeAllThreads (Deoptimize) done
Event: 559.700 Executing VM operation: HandshakeAllThreads (Deoptimize)
Event: 559.700 Executing VM operation: HandshakeAllThreads (Deoptimize) done
Event: 560.716 Executing VM operation: Cleanup
Event: 560.716 Executing VM operation: Cleanup done
Event: 601.282 Executing VM operation: HandshakeAllThreads (HandshakeForDeflation)
Event: 601.282 Executing VM operation: HandshakeAllThreads (HandshakeForDeflation) done
Event: 601.282 Executing VM operation: RendezvousGCThreads
Event: 601.282 Executing VM operation: RendezvousGCThreads done
Event: 1172.217 Executing VM operation: Cleanup
Event: 1172.217 Executing VM operation: Cleanup done
Event: 1266.498 Executing VM operation: Cleanup
Event: 1266.499 Executing VM operation: Cleanup done

Memory protections (0 events):
No events

Nmethod flushes (20 events):
Event: 172.536 Thread 0x0000016ee4a40540 flushing  nmethod 0x0000016ee8506110
Event: 172.536 Thread 0x0000016ee4a40540 flushing  nmethod 0x0000016ee8510510
Event: 172.536 Thread 0x0000016ee4a40540 flushing  nmethod 0x0000016ee8515490
Event: 172.536 Thread 0x0000016ee4a40540 flushing  nmethod 0x0000016ee8531e10
Event: 172.536 Thread 0x0000016ee4a40540 flushing  nmethod 0x0000016ee8533890
Event: 172.536 Thread 0x0000016ee4a40540 flushing  nmethod 0x0000016ee8534010
Event: 172.536 Thread 0x0000016ee4a40540 flushing  nmethod 0x0000016ee8534410
Event: 172.536 Thread 0x0000016ee4a40540 flushing  nmethod 0x0000016ee8534890
Event: 172.536 Thread 0x0000016ee4a40540 flushing  nmethod 0x0000016ee8534e90
Event: 172.536 Thread 0x0000016ee4a40540 flushing  nmethod 0x0000016ee8536310
Event: 172.536 Thread 0x0000016ee4a40540 flushing  nmethod 0x0000016ee8537310
Event: 172.536 Thread 0x0000016ee4a40540 flushing  nmethod 0x0000016ee853e210
Event: 172.536 Thread 0x0000016ee4a40540 flushing  nmethod 0x0000016ee853e810
Event: 172.536 Thread 0x0000016ee4a40540 flushing  nmethod 0x0000016ee853ec90
Event: 172.536 Thread 0x0000016ee4a40540 flushing  nmethod 0x0000016ee8545190
Event: 172.536 Thread 0x0000016ee4a40540 flushing  nmethod 0x0000016ee8545710
Event: 172.536 Thread 0x0000016ee4a40540 flushing  nmethod 0x0000016ee8557190
Event: 172.536 Thread 0x0000016ee4a40540 flushing  nmethod 0x0000016ee8579710
Event: 172.536 Thread 0x0000016ee4a40540 flushing osr nmethod 0x0000016ee857a510
Event: 172.536 Thread 0x0000016ee4a40540 flushing osr nmethod 0x0000016ee8590310

Events (20 events):
Event: 266.371 Thread 0x0000016ec57535e0 Thread added: 0x0000016ec74fcb40
Event: 266.371 Thread 0x0000016ec57535e0 Thread added: 0x0000016ec74fbe20
Event: 266.372 Thread 0x0000016ec57535e0 Thread added: 0x0000016ec74fe580
Event: 266.372 Thread 0x0000016ec57535e0 Thread added: 0x0000016ec74f9d50
Event: 269.380 Thread 0x0000016ec74fe580 Thread exited: 0x0000016ec74fe580
Event: 269.380 Thread 0x0000016ec74fcb40 Thread exited: 0x0000016ec74fcb40
Event: 269.380 Thread 0x0000016ec74f9d50 Thread exited: 0x0000016ec74f9d50
Event: 269.380 Thread 0x0000016ec74fdef0 Thread exited: 0x0000016ec74fdef0
Event: 269.383 Thread 0x0000016ec74fbe20 Thread exited: 0x0000016ec74fbe20
Event: 273.849 Thread 0x0000016ec74fd1d0 Thread added: 0x0000016ec74fcb40
Event: 335.150 Thread 0x0000016ec57535e0 Thread exited: 0x0000016ec57535e0
Event: 335.169 Thread 0x0000016ec74fd1d0 Thread exited: 0x0000016ec74fd1d0
Event: 513.519 Thread 0x0000016ec5752230 Thread added: 0x0000016ec74f89a0
Event: 517.781 Thread 0x0000016ec5752230 Thread added: 0x0000016ec74f9d50
Event: 557.224 Thread 0x0000016ec74f9d50 Thread added: 0x0000016ec74f9030
Event: 557.839 Thread 0x0000016ec74f9030 Thread exited: 0x0000016ec74f9030
Event: 558.345 Thread 0x0000016ec74f9d50 Thread added: 0x0000016ec74fd1d0
Event: 558.351 Thread 0x0000016ec74fd1d0 Thread exited: 0x0000016ec74fd1d0
Event: 616.842 Thread 0x0000016ec74f89a0 Thread exited: 0x0000016ec74f89a0
Event: 620.535 Thread 0x0000016ec74fcb40 Thread exited: 0x0000016ec74fcb40


Dynamic libraries:
0x00007ff6ca2a0000 - 0x00007ff6ca2ae000 	c:\Users\ELCOT\.vscode\extensions\redhat.java-1.50.0-win32-x64\jre\21.0.9-win32-x86_64\bin\java.exe
0x00007ffd69070000 - 0x00007ffd69268000 	C:\WINDOWS\SYSTEM32\ntdll.dll
0x00007ffd67090000 - 0x00007ffd67152000 	C:\WINDOWS\System32\KERNEL32.DLL
0x00007ffd66be0000 - 0x00007ffd66ed6000 	C:\WINDOWS\System32\KERNELBASE.dll
0x00007ffd669a0000 - 0x00007ffd66aa0000 	C:\WINDOWS\System32\ucrtbase.dll
0x00007ffd5bc60000 - 0x00007ffd5bc78000 	c:\Users\ELCOT\.vscode\extensions\redhat.java-1.50.0-win32-x64\jre\21.0.9-win32-x86_64\bin\jli.dll
0x00007ffd5fa20000 - 0x00007ffd5fa3e000 	c:\Users\ELCOT\.vscode\extensions\redhat.java-1.50.0-win32-x64\jre\21.0.9-win32-x86_64\bin\VCRUNTIME140.dll
0x00007ffd67de0000 - 0x00007ffd67f81000 	C:\WINDOWS\System32\USER32.dll
0x00007ffd667b0000 - 0x00007ffd667d2000 	C:\WINDOWS\System32\win32u.dll
0x00007ffd68970000 - 0x00007ffd6899b000 	C:\WINDOWS\System32\GDI32.dll
0x00007ffd667e0000 - 0x00007ffd668f9000 	C:\WINDOWS\System32\gdi32full.dll
0x00007ffd66900000 - 0x00007ffd6699d000 	C:\WINDOWS\System32\msvcp_win.dll
0x00007ffd59a20000 - 0x00007ffd59cbb000 	C:\WINDOWS\WinSxS\amd64_microsoft.windows.common-controls_6595b64144ccf1df_6.0.19041.6456_none_60b8a6cb71f64256\COMCTL32.dll
0x00007ffd67200000 - 0x00007ffd6729e000 	C:\WINDOWS\System32\msvcrt.dll
0x00007ffd67160000 - 0x00007ffd6718f000 	C:\WINDOWS\System32\IMM32.DLL
0x00007ffd61270000 - 0x00007ffd6127c000 	c:\Users\ELCOT\.vscode\extensions\redhat.java-1.50.0-win32-x64\jre\21.0.9-win32-x86_64\bin\vcruntime140_1.dll
0x00007ffd47e50000 - 0x00007ffd47edd000 	c:\Users\ELCOT\.vscode\extensions\redhat.java-1.50.0-win32-x64\jre\21.0.9-win32-x86_64\bin\msvcp140.dll
0x00007ffd2be70000 - 0x00007ffd2cc10000 	c:\Users\ELCOT\.vscode\extensions\redhat.java-1.50.0-win32-x64\jre\21.0.9-win32-x86_64\bin\server\jvm.dll
0x00007ffd68090000 - 0x00007ffd68141000 	C:\WINDOWS\System32\ADVAPI32.dll
0x00007ffd67ff0000 - 0x00007ffd6808f000 	C:\WINDOWS\System32\sechost.dll
0x00007ffd67330000 - 0x00007ffd67450000 	C:\WINDOWS\System32\RPCRT4.dll
0x00007ffd66bb0000 - 0x00007ffd66bd7000 	C:\WINDOWS\System32\bcrypt.dll
0x00007ffd67c80000 - 0x00007ffd67ceb000 	C:\WINDOWS\System32\WS2_32.dll
0x00007ffd66440000 - 0x00007ffd6648b000 	C:\WINDOWS\SYSTEM32\POWRPROF.dll
0x00007ffd63750000 - 0x00007ffd63777000 	C:\WINDOWS\SYSTEM32\WINMM.dll
0x00007ffd5d830000 - 0x00007ffd5d83a000 	C:\WINDOWS\SYSTEM32\VERSION.dll
0x00007ffd66250000 - 0x00007ffd66262000 	C:\WINDOWS\SYSTEM32\UMPDC.dll
0x00007ffd64570000 - 0x00007ffd64582000 	C:\WINDOWS\SYSTEM32\kernel.appcore.dll
0x00007ffd611e0000 - 0x00007ffd611ea000 	c:\Users\ELCOT\.vscode\extensions\redhat.java-1.50.0-win32-x64\jre\21.0.9-win32-x86_64\bin\jimage.dll
0x00007ffd51d10000 - 0x00007ffd51f11000 	C:\WINDOWS\SYSTEM32\DBGHELP.DLL
0x00007ffd51cd0000 - 0x00007ffd51d04000 	C:\WINDOWS\SYSTEM32\dbgcore.DLL
0x00007ffd66b20000 - 0x00007ffd66ba2000 	C:\WINDOWS\System32\bcryptPrimitives.dll
0x00007ffd61040000 - 0x00007ffd6104f000 	c:\Users\ELCOT\.vscode\extensions\redhat.java-1.50.0-win32-x64\jre\21.0.9-win32-x86_64\bin\instrument.dll
0x00007ffd5bc40000 - 0x00007ffd5bc60000 	c:\Users\ELCOT\.vscode\extensions\redhat.java-1.50.0-win32-x64\jre\21.0.9-win32-x86_64\bin\java.dll
0x00007ffd68150000 - 0x00007ffd688c0000 	C:\WINDOWS\System32\SHELL32.dll
0x00007ffd64770000 - 0x00007ffd64f15000 	C:\WINDOWS\SYSTEM32\windows.storage.dll
0x00007ffd68cd0000 - 0x00007ffd69024000 	C:\WINDOWS\System32\combase.dll
0x00007ffd660c0000 - 0x00007ffd660eb000 	C:\WINDOWS\SYSTEM32\Wldp.dll
0x00007ffd67bb0000 - 0x00007ffd67c7d000 	C:\WINDOWS\System32\OLEAUT32.dll
0x00007ffd67450000 - 0x00007ffd674fd000 	C:\WINDOWS\System32\SHCORE.dll
0x00007ffd67f90000 - 0x00007ffd67feb000 	C:\WINDOWS\System32\shlwapi.dll
0x00007ffd66630000 - 0x00007ffd66654000 	C:\WINDOWS\SYSTEM32\profapi.dll
0x00007ffd5bc20000 - 0x00007ffd5bc38000 	c:\Users\ELCOT\.vscode\extensions\redhat.java-1.50.0-win32-x64\jre\21.0.9-win32-x86_64\bin\zip.dll
0x00007ffd60ee0000 - 0x00007ffd60ef0000 	C:\Users\ELCOT\.vscode\extensions\redhat.java-1.50.0-win32-x64\jre\21.0.9-win32-x86_64\bin\net.dll
0x00007ffd57e90000 - 0x00007ffd57f9a000 	C:\WINDOWS\SYSTEM32\WINHTTP.dll
0x00007ffd65db0000 - 0x00007ffd65e1a000 	C:\WINDOWS\system32\mswsock.dll
0x00007ffd5bbc0000 - 0x00007ffd5bbd6000 	C:\Users\ELCOT\.vscode\extensions\redhat.java-1.50.0-win32-x64\jre\21.0.9-win32-x86_64\bin\nio.dll
0x00007ffd60dd0000 - 0x00007ffd60de0000 	c:\Users\ELCOT\.vscode\extensions\redhat.java-1.50.0-win32-x64\jre\21.0.9-win32-x86_64\bin\verify.dll
0x00007ffd58f90000 - 0x00007ffd58fd4000 	C:\Users\ELCOT\AppData\Roaming\Code\User\globalStorage\redhat.java\1.50.0\config_win\org.eclipse.equinox.launcher\org.eclipse.equinox.launcher.win32.win32.x86_64_1.2.1400.v20250801-0854\eclipse_11916.dll
0x00007ffd67a80000 - 0x00007ffd67bab000 	C:\WINDOWS\System32\ole32.dll
0x00007ffd65fa0000 - 0x00007ffd65fb8000 	C:\WINDOWS\SYSTEM32\CRYPTSP.dll
0x00007ffd656d0000 - 0x00007ffd65708000 	C:\WINDOWS\system32\rsaenh.dll
0x00007ffd665b0000 - 0x00007ffd665de000 	C:\WINDOWS\SYSTEM32\USERENV.dll
0x00007ffd65fc0000 - 0x00007ffd65fcc000 	C:\WINDOWS\SYSTEM32\CRYPTBASE.dll
0x00007ffd65a90000 - 0x00007ffd65acb000 	C:\WINDOWS\SYSTEM32\IPHLPAPI.DLL
0x00007ffd672a0000 - 0x00007ffd672a8000 	C:\WINDOWS\System32\NSI.dll
0x00007ffd4c6d0000 - 0x00007ffd4c719000 	C:\Users\ELCOT\AppData\Local\Temp\jna-66053985\jna2153796624049246322.dll
0x00007ffd67190000 - 0x00007ffd67198000 	C:\WINDOWS\System32\PSAPI.DLL
0x00007ffd58b90000 - 0x00007ffd58ba7000 	C:\WINDOWS\SYSTEM32\dhcpcsvc6.DLL
0x00007ffd5b590000 - 0x00007ffd5b5ad000 	C:\WINDOWS\SYSTEM32\dhcpcsvc.DLL
0x00007ffd65920000 - 0x00007ffd65953000 	C:\WINDOWS\SYSTEM32\ntmarta.dll

JVMTI agents:
c:\Users\ELCOT\.vscode\extensions\redhat.java-1.50.0-win32-x64\lombok\lombok-1.18.39-4050.jar path:c:\Users\ELCOT\.vscode\extensions\redhat.java-1.50.0-win32-x64\jre\21.0.9-win32-x86_64\bin\instrument.dll, loaded, initialized, instrumentlib options:none

dbghelp: loaded successfully - version: 4.0.5 - missing functions: none
symbol engine: initialized successfully - sym options: 0x614 - pdb path: .;c:\Users\ELCOT\.vscode\extensions\redhat.java-1.50.0-win32-x64\jre\21.0.9-win32-x86_64\bin;C:\WINDOWS\SYSTEM32;C:\WINDOWS\WinSxS\amd64_microsoft.windows.common-controls_6595b64144ccf1df_6.0.19041.6456_none_60b8a6cb71f64256;c:\Users\ELCOT\.vscode\extensions\redhat.java-1.50.0-win32-x64\jre\21.0.9-win32-x86_64\bin\server;C:\Users\ELCOT\AppData\Roaming\Code\User\globalStorage\redhat.java\1.50.0\config_win\org.eclipse.equinox.launcher\org.eclipse.equinox.launcher.win32.win32.x86_64_1.2.1400.v20250801-0854;C:\Users\ELCOT\AppData\Local\Temp\jna-66053985

VM Arguments:
jvm_args: --add-modules=ALL-SYSTEM --add-opens=java.base/java.util=ALL-UNNAMED --add-opens=java.base/java.lang=ALL-UNNAMED --add-opens=java.base/sun.nio.fs=ALL-UNNAMED -Declipse.application=org.eclipse.jdt.ls.core.id1 -Dosgi.bundles.defaultStartLevel=4 -Declipse.product=org.eclipse.jdt.ls.core.product -Djava.import.generatesMetadataFilesAtProjectRoot=false -DDetectVMInstallationsJob.disabled=true -Dfile.encoding=utf8 -XX:+UseParallelGC -XX:GCTimeRatio=4 -XX:AdaptiveSizePolicyWeight=90 -Dsun.zip.disableMemoryMapping=true -Xmx2G -Xms100m -Xlog:disable -javaagent:c:\Users\ELCOT\.vscode\extensions\redhat.java-1.50.0-win32-x64\lombok\lombok-1.18.39-4050.jar -XX:+HeapDumpOnOutOfMemoryError -XX:HeapDumpPath=c:\Users\ELCOT\AppData\Roaming\Code\User\workspaceStorage\e5da04a65979cc07b9bbb55ca4796e30\redhat.java -Daether.dependencyCollector.impl=bf 
java_command: c:\Users\ELCOT\.vscode\extensions\redhat.java-1.50.0-win32-x64\server\plugins\org.eclipse.equinox.launcher_1.7.100.v20251111-0406.jar -configuration c:\Users\ELCOT\AppData\Roaming\Code\User\globalStorage\redhat.java\1.50.0\config_win -data c:\Users\ELCOT\AppData\Roaming\Code\User\workspaceStorage\e5da04a65979cc07b9bbb55ca4796e30\redhat.java\jdt_ws --pipe=\\.\pipe\lsp-90b6110eb982c83fde40cd3b6f24ca73-sock
java_class_path (initial): c:\Users\ELCOT\.vscode\extensions\redhat.java-1.50.0-win32-x64\server\plugins\org.eclipse.equinox.launcher_1.7.100.v20251111-0406.jar
Launcher Type: SUN_STANDARD

[Global flags]
    uintx AdaptiveSizePolicyWeight                 = 90                                        {product} {command line}
     intx CICompilerCount                          = 2                                         {product} {ergonomic}
    uintx GCTimeRatio                              = 4                                         {product} {command line}
     bool HeapDumpOnOutOfMemoryError               = true                                   {manageable} {command line}
    ccstr HeapDumpPath                             = c:\Users\ELCOT\AppData\Roaming\Code\User\workspaceStorage\e5da04a65979cc07b9bbb55ca4796e30\redhat.java         {manageable} {command line}
   size_t InitialHeapSize                          = 104857600                                 {product} {command line}
   size_t MaxHeapSize                              = 2147483648                                {product} {command line}
   size_t MaxNewSize                               = 715653120                                 {product} {ergonomic}
   size_t MinHeapDeltaBytes                        = 524288                                    {product} {ergonomic}
   size_t MinHeapSize                              = 104857600                                 {product} {command line}
   size_t NewSize                                  = 34603008                                  {product} {ergonomic}
    uintx NonNMethodCodeHeapSize                   = 5826188                                {pd product} {ergonomic}
    uintx NonProfiledCodeHeapSize                  = 122916026                              {pd product} {ergonomic}
   size_t OldSize                                  = 70254592                                  {product} {ergonomic}
    uintx ProfiledCodeHeapSize                     = 122916026                              {pd product} {ergonomic}
    uintx ReservedCodeCacheSize                    = 251658240                              {pd product} {ergonomic}
     bool SegmentedCodeCache                       = true                                      {product} {ergonomic}
   size_t SoftMaxHeapSize                          = 2147483648                             {manageable} {ergonomic}
     bool UseCompressedOops                        = true                           {product lp64_product} {ergonomic}
     bool UseLargePagesIndividualAllocation        = false                                  {pd product} {ergonomic}
     bool UseParallelGC                            = true                                      {product} {command line}

Logging:
Log output configuration:
 #0: stdout all=off uptime,level,tags foldmultilines=false
 #1: stderr all=off uptime,level,tags foldmultilines=false

Release file:
JAVA_VERSION="21.0.9" 
MODULES="java.base java.compiler java.datatransfer java.xml java.prefs java.desktop java.instrument java.logging java.management java.security.sasl java.naming java.rmi java.management.rmi java.net.http java.scripting java.security.jgss java.transaction.xa java.sql java.sql.rowset java.xml.crypto java.se java.smartcardio jdk.accessibility jdk.internal.jvmstat jdk.attach jdk.charsets jdk.internal.opt jdk.zipfs jdk.compiler jdk.crypto.ec jdk.crypto.cryptoki jdk.crypto.mscapi jdk.dynalink jdk.internal.ed jdk.editpad jdk.hotspot.agent jdk.httpserver jdk.internal.le jdk.internal.vm.ci jdk.internal.vm.compiler jdk.internal.vm.compiler.management jdk.jartool jdk.javadoc jdk.jcmd jdk.management jdk.management.agent jdk.jconsole jdk.jdeps jdk.jdwp.agent jdk.jdi jdk.jfr jdk.jshell jdk.jsobject jdk.jstatd jdk.localedata jdk.management.jfr jdk.naming.dns jdk.naming.rmi jdk.net jdk.nio.mapmode jdk.random jdk.sctp jdk.security.auth jdk.security.jgss jdk.unsupported jdk.unsupported.desktop jdk.xml.dom" 

Environment Variables:
PATH=C:\Program Files\Common Files\Oracle\Java\javapath;C:\WINDOWS\system32;C:\WINDOWS;C:\WINDOWS\System32\Wbem;C:\WINDOWS\System32\WindowsPowerShell\v1.0\;C:\WINDOWS\System32\OpenSSH\;C:\Program Files\Java\jdk-17\bin;C:\Program Files\nodejs\;C:\Program Files (x86)\apache-maven-3.9.11-bin\apache-maven-3.9.11\bin;C:\xampp;C:\Program Files\MySQL\MySQL Shell 8.0\bin\;C:\Program Files (x86)\Microsoft Visual Studio\Common\Tools\WinNT;C:\Program Files (x86)\Microsoft Visual Studio\Common\MSDev98\Bin;C:\Program Files (x86)\Microsoft Visual Studio\Common\Tools;C:\Program Files (x86)\Microsoft Visual Studio\VC98\bin;C:\Users\ELCOT\AppData\Local\Microsoft\WindowsApps;;C:\Program Files\JetBrains\PyCharm Community Edition 2023.1.2\bin;;C:\Users\ELCOT\AppData\Local\Programs\Microsoft VS Code\bin;C:\Users\ELCOT\AppData\Roaming\npm
USERNAME=ELCOT
OS=Windows_NT
PROCESSOR_IDENTIFIER=AMD64 Family 21 Model 112 Stepping 0, AuthenticAMD
TMP=C:\Users\ELCOT\AppData\Local\Temp
TEMP=C:\Users\ELCOT\AppData\Local\Temp




Periodic native trim disabled

---------------  S Y S T E M  ---------------

OS:
 Windows 10 , 64 bit Build 19041 (10.0.19041.5915)
OS uptime: 4 days 22:43 hours

CPU: total 2 (initial active 2) (2 cores per cpu, 1 threads per core) family 21 model 112 stepping 0 microcode 0x0, cx8, cmov, fxsr, mmx, 3dnowpref, sse, sse2, sse3, ssse3, sse4a, sse4.1, sse4.2, popcnt, lzcnt, tsc, tscinvbit, avx, avx2, aes, clmul, bmi1, bmi2, fma, vzeroupper, clflush, rdtscp, f16c
Processor Information for the first 2 processors :
  Max Mhz: 2500, Current Mhz: 2500, Mhz Limit: 2500

Memory: 4k page, system-wide physical 3935M (408M free)
TotalPageFile size 8031M (AvailPageFile size 16M)
current process WorkingSet (physical memory assigned to process): 23M, peak: 285M
current process commit charge ("private bytes"): 340M, peak: 342M

vm_info: OpenJDK 64-Bit Server VM (21.0.9+10-LTS) for windows-amd64 JRE (21.0.9+10-LTS), built on 2025-10-21T00:00:00Z by "admin" with unknown MS VC++:1942

END.
